Log file open, 10/30/19 15:43:26
LogWindows: Failed to load 'aqProf.dll' (GetLastError=126)
LogWindows: File 'aqProf.dll' does not exist
LogWindows: Failed to load 'VtuneApi.dll' (GetLastError=126)
LogWindows: File 'VtuneApi.dll' does not exist
LogWindows: Failed to load 'VtuneApi32e.dll' (GetLastError=126)
LogWindows: File 'VtuneApi32e.dll' does not exist
LogConsoleResponse: Display: Failed to find resolution value strings in scalability ini. Falling back to default.
LogInit: Display: Running engine for game: TP2
LogPlatformFile: Not using cached read wrapper
LogTaskGraph: Started task graph with 5 named threads and 23 total threads with 3 sets of task threads.
LogStats: Stats thread started at 0.080744
LogD3D11RHI: Loaded GFSDK_Aftermath_Lib.x64.dll
LogICUInternationalization: ICU TimeZone Detection - Raw Offset: +1:00, Platform Override: ''
LogPluginManager: Mounting plugin Paper2D
LogPluginManager: Mounting plugin AISupport
LogPluginManager: Mounting plugin LightPropagationVolume
LogPluginManager: Mounting plugin ActorLayerUtilities
LogPluginManager: Mounting plugin AnimationSharing
LogPluginManager: Mounting plugin CLionSourceCodeAccess
LogPluginManager: Mounting plugin CodeLiteSourceCodeAccess
LogPluginManager: Mounting plugin GitSourceControl
LogPluginManager: Mounting plugin KDevelopSourceCodeAccess
LogPluginManager: Mounting plugin NullSourceCodeAccess
LogPluginManager: Mounting plugin PerforceSourceControl
LogPluginManager: Mounting plugin SubversionSourceControl
LogPluginManager: Mounting plugin UObjectPlugin
LogPluginManager: Mounting plugin VisualStudioCodeSourceCodeAccess
LogPluginManager: Mounting plugin VisualStudioSourceCodeAccess
LogPluginManager: Mounting plugin XCodeSourceCodeAccess
LogPluginManager: Mounting plugin AssetManagerEditor
LogPluginManager: Mounting plugin CryptoKeys
LogPluginManager: Mounting plugin CurveEditorTools
LogPluginManager: Mounting plugin DataValidation
LogPluginManager: Mounting plugin FacialAnimation
LogPluginManager: Mounting plugin GameplayTagsEditor
LogPluginManager: Mounting plugin MacGraphicsSwitching
LogPluginManager: Mounting plugin MaterialAnalyzer
LogPluginManager: Mounting plugin MobileLauncherProfileWizard
LogPluginManager: Mounting plugin PluginBrowser
LogPluginManager: Mounting plugin SpeedTreeImporter
LogPluginManager: Mounting plugin DatasmithContent
LogPluginManager: Mounting plugin VariantManagerContent
LogPluginManager: Mounting plugin AlembicImporter
LogPluginManager: Mounting plugin AutomationUtils
LogPluginManager: Mounting plugin BackChannel
LogPluginManager: Mounting plugin CharacterAI
LogPluginManager: Mounting plugin GeometryCache
LogPluginManager: Mounting plugin HTML5Networking
LogPluginManager: Mounting plugin PlatformCrypto
LogPluginManager: Mounting plugin ProxyLODPlugin
LogPluginManager: Mounting plugin SkeletalReduction
LogPluginManager: Mounting plugin MagicLeap
LogPluginManager: Mounting plugin MagicLeapMedia
LogPluginManager: Mounting plugin AndroidMedia
LogPluginManager: Mounting plugin AvfMedia
LogPluginManager: Mounting plugin ImgMedia
LogPluginManager: Mounting plugin MediaCompositing
LogPluginManager: Mounting plugin MediaPlayerEditor
LogPluginManager: Mounting plugin WebMMedia
LogPluginManager: Mounting plugin WmfMedia
LogPluginManager: Mounting plugin TcpMessaging
LogPluginManager: Mounting plugin UdpMessaging
LogPluginManager: Mounting plugin ActorSequence
LogPluginManager: Mounting plugin LevelSequenceEditor
LogPluginManager: Mounting plugin MatineeToLevelSequence
LogPluginManager: Mounting plugin NetcodeUnitTest
LogPluginManager: Mounting plugin NUTUnrealEngine4
LogPluginManager: Mounting plugin OnlineSubsystemGooglePlay
LogPluginManager: Mounting plugin OnlineSubsystemIOS
LogPluginManager: Mounting plugin OnlineSubsystem
LogPluginManager: Mounting plugin OnlineSubsystemNull
LogPluginManager: Mounting plugin OnlineSubsystemUtils
LogPluginManager: Mounting plugin LauncherChunkInstaller
LogPluginManager: Mounting plugin AndroidDeviceProfileSelector
LogPluginManager: Mounting plugin AndroidMoviePlayer
LogPluginManager: Mounting plugin AndroidPermission
LogPluginManager: Mounting plugin AppleImageUtils
LogPluginManager: Mounting plugin AppleMoviePlayer
LogPluginManager: Mounting plugin ArchVisCharacter
LogPluginManager: Mounting plugin AudioCapture
LogPluginManager: Mounting plugin CableComponent
LogPluginManager: Mounting plugin CustomMeshComponent
LogPluginManager: Mounting plugin EditableMesh
LogPluginManager: Mounting plugin ExampleDeviceProfileSelector
LogPluginManager: Mounting plugin GoogleCloudMessaging
LogPluginManager: Mounting plugin IOSDeviceProfileSelector
LogPluginManager: Mounting plugin LinuxDeviceProfileSelector
LogPluginManager: Mounting plugin LocationServicesBPLibrary
LogPluginManager: Mounting plugin MobilePatchingUtils
LogPluginManager: Mounting plugin OculusVR
LogPluginManager: Mounting plugin PhysXVehicles
LogPluginManager: Mounting plugin ProceduralMeshComponent
LogPluginManager: Mounting plugin RuntimePhysXCooking
LogPluginManager: Mounting plugin SignificanceManager
LogPluginManager: Mounting plugin SteamVR
LogPluginManager: Mounting plugin WebMMoviePlayer
LogPluginManager: Mounting plugin WindowsMoviePlayer
LogPluginManager: Mounting plugin ScreenshotTools
LogInit: Using libcurl 7.55.1-DEV
LogInit:  - built for x86_64-pc-win32
LogInit:  - supports SSL with OpenSSL/1.1.1
LogInit:  - supports HTTP deflate (compression) using libz 1.2.8
LogInit:  - other features:
LogInit:      CURL_VERSION_SSL
LogInit:      CURL_VERSION_LIBZ
LogInit:      CURL_VERSION_IPV6
LogInit:      CURL_VERSION_ASYNCHDNS
LogInit:      CURL_VERSION_LARGEFILE
LogInit:      CURL_VERSION_IDN
LogInit:  CurlRequestOptions (configurable via config and command line):
LogInit:  - bVerifyPeer = true  - Libcurl will verify peer certificate
LogInit:  - bUseHttpProxy = false  - Libcurl will NOT use HTTP proxy
LogInit:  - bDontReuseConnections = false  - Libcurl will reuse connections
LogInit:  - MaxHostConnections = 16  - Libcurl will limit the number of connections to a host
LogInit:  - LocalHostAddr = Default
LogInit:  - BufferSize = 65536
LogOnline: OSS: Creating online subsystem instance for: NULL
LogInit: WinSock: version 1.1 (2.2), MaxSocks=32767, MaxUdp=65467
LogInit: Build: ++UE4+Release-4.23-CL-8386587
LogInit: Engine Version: 4.23.0-8386587+++UE4+Release-4.23
LogInit: Compatible Engine Version: 4.23.0-8386587+++UE4+Release-4.23
LogInit: Net CL: 8386587
LogInit: OS: Windows 10 (Release 1809) (), CPU:         Intel(R) Core(TM) i7-3770 CPU @ 3.40GHz, GPU: NVIDIA GeForce GTX 560 Ti
LogInit: Compiled (64-bit): Aug 31 2019 02:04:44
LogInit: Compiled with Visual C++: 19.16.27030.01
LogInit: Build Configuration: Development
LogInit: Branch Name: ++UE4+Release-4.23
LogInit: Command Line:  /Game/StarterContent/Maps/Minimal_Default -game -PIEVIACONSOLE -ResX=1280 -ResY=720 -Multiprocess -messaging -SessionName="Play in Standalone Game" -windowed
LogInit: Base Directory: D:/Unreal Engine/UE_4.23/Engine/Binaries/Win64/
LogInit: Installed Engine Build: 1
LogDevObjectVersion: Number of dev versions registered: 23
LogDevObjectVersion:   Dev-Blueprints (B0D832E4-1F89-4F0D-ACCF-7EB736FD4AA2): 10
LogDevObjectVersion:   Dev-Build (E1C64328-A22C-4D53-A36C-8E866417BD8C): 0
LogDevObjectVersion:   Dev-Core (375EC13C-06E4-48FB-B500-84F0262A717E): 3
LogDevObjectVersion:   Dev-Editor (E4B068ED-F494-42E9-A231-DA0B2E46BB41): 34
LogDevObjectVersion:   Dev-Framework (CFFC743F-43B0-4480-9391-14DF171D2073): 35
LogDevObjectVersion:   Dev-Mobile (B02B49B5-BB20-44E9-A304-32B752E40360): 2
LogDevObjectVersion:   Dev-Networking (A4E4105C-59A1-49B5-A7C5-40C4547EDFEE): 0
LogDevObjectVersion:   Dev-Online (39C831C9-5AE6-47DC-9A44-9C173E1C8E7C): 0
LogDevObjectVersion:   Dev-Physics (78F01B33-EBEA-4F98-B9B4-84EACCB95AA2): 0
LogDevObjectVersion:   Dev-Platform (6631380F-2D4D-43E0-8009-CF276956A95A): 0
LogDevObjectVersion:   Dev-Rendering (12F88B9F-8875-4AFC-A67C-D90C383ABD29): 31
LogDevObjectVersion:   Dev-Sequencer (7B5AE74C-D270-4C10-A958-57980B212A5A): 11
LogDevObjectVersion:   Dev-VR (D7296918-1DD6-4BDD-9DE2-64A83CC13884): 2
LogDevObjectVersion:   Dev-LoadTimes (C2A15278-BFE7-4AFE-6C17-90FF531DF755): 1
LogDevObjectVersion:   Private-Geometry (6EACA3D4-40EC-4CC1-B786-8BED09428FC5): 3
LogDevObjectVersion:   Dev-AnimPhys (29E575DD-E0A3-4627-9D10-D276232CDCEA): 17
LogDevObjectVersion:   Dev-Anim (AF43A65D-7FD3-4947-9873-3E8ED9C1BB05): 2
LogDevObjectVersion:   Dev-ReflectionCapture (6B266CEC-1EC7-4B8F-A30B-E4D90942FC07): 1
LogDevObjectVersion:   Dev-Automation (0DF73D61-A23F-47EA-B727-89E90C41499A): 1
LogDevObjectVersion:   FortniteMain (601D1886-AC64-4F84-AA16-D3DE0DEAC7D6): 27
LogDevObjectVersion:   Dev-Enterprise (9DFFBCD6-494F-0158-E221-12823C92A888): 6
LogDevObjectVersion:   Dev-Niagara (F2AED0AC-9AFE-416F-8664-AA7FFA26D6FC): 1
LogDevObjectVersion:   Dev-Destruction (174F1F0B-B4C6-45A5-B13F-2EE8D0FB917D): 9
LogInit: Presizing for max 16777216 objects, including 0 objects not considered by GC, pre-allocating 0 bytes for permanent pool.
LogInit: Object subsystem initialized
LogConfig: Setting CVar [[con.DebugEarlyDefault:1]]
LogConfig: Setting CVar [[r.setres:1280x720]]
[2019.10.30-14.43.27:128][  0]LogConfig: Setting CVar [[con.DebugEarlyDefault:1]]
[2019.10.30-14.43.27:128][  0]LogConfig: Setting CVar [[r.setres:1280x720]]
[2019.10.30-14.43.27:128][  0]LogConfig: Applying CVar settings from Section [/Script/Engine.RendererSettings] File [D:/GAMAGORA/Moteur de jeu/TP2/Saved/Config/Windows/Engine.ini]
[2019.10.30-14.43.27:128][  0]LogConfig: Setting CVar [[r.GPUCrashDebugging:0]]
[2019.10.30-14.43.27:128][  0]LogConfig: Setting CVar [[r.DefaultFeature.AutoExposure.ExtendDefaultLuminanceRange:1]]
[2019.10.30-14.43.27:128][  0]LogConfig: Applying CVar settings from Section [/Script/Engine.RendererOverrideSettings] File [D:/GAMAGORA/Moteur de jeu/TP2/Saved/Config/Windows/Engine.ini]
[2019.10.30-14.43.27:128][  0]LogConfig: Applying CVar settings from Section [/Script/Engine.StreamingSettings] File [D:/GAMAGORA/Moteur de jeu/TP2/Saved/Config/Windows/Engine.ini]
[2019.10.30-14.43.27:128][  0]LogConfig: Setting CVar [[s.MinBulkDataSizeForAsyncLoading:131072]]
[2019.10.30-14.43.27:128][  0]LogConfig: Setting CVar [[s.AsyncLoadingThreadEnabled:0]]
[2019.10.30-14.43.27:128][  0]LogConfig: Setting CVar [[s.EventDrivenLoaderEnabled:1]]
[2019.10.30-14.43.27:128][  0]LogConfig: Setting CVar [[s.WarnIfTimeLimitExceeded:0]]
[2019.10.30-14.43.27:128][  0]LogConfig: Setting CVar [[s.TimeLimitExceededMultiplier:1.5]]
[2019.10.30-14.43.27:129][  0]LogConfig: Setting CVar [[s.TimeLimitExceededMinTime:0.005]]
[2019.10.30-14.43.27:129][  0]LogConfig: Setting CVar [[s.UseBackgroundLevelStreaming:1]]
[2019.10.30-14.43.27:129][  0]LogConfig: Setting CVar [[s.PriorityAsyncLoadingExtraTime:15.0]]
[2019.10.30-14.43.27:129][  0]LogConfig: Setting CVar [[s.LevelStreamingActorsUpdateTimeLimit:5.0]]
[2019.10.30-14.43.27:129][  0]LogConfig: Setting CVar [[s.PriorityLevelStreamingActorsUpdateExtraTime:5.0]]
[2019.10.30-14.43.27:129][  0]LogConfig: Setting CVar [[s.LevelStreamingComponentsRegistrationGranularity:10]]
[2019.10.30-14.43.27:129][  0]LogConfig: Setting CVar [[s.UnregisterComponentsTimeLimit:1.0]]
[2019.10.30-14.43.27:129][  0]LogConfig: Setting CVar [[s.LevelStreamingComponentsUnregistrationGranularity:5]]
[2019.10.30-14.43.27:129][  0]LogConfig: Applying CVar settings from Section [/Script/Engine.GarbageCollectionSettings] File [D:/GAMAGORA/Moteur de jeu/TP2/Saved/Config/Windows/Engine.ini]
[2019.10.30-14.43.27:129][  0]LogConfig: Setting CVar [[gc.MaxObjectsNotConsideredByGC:1]]
[2019.10.30-14.43.27:129][  0]LogConfig: Setting CVar [[gc.SizeOfPermanentObjectPool:0]]
[2019.10.30-14.43.27:129][  0]LogConfig: Setting CVar [[gc.FlushStreamingOnGC:0]]
[2019.10.30-14.43.27:129][  0]LogConfig: Setting CVar [[gc.NumRetriesBeforeForcingGC:10]]
[2019.10.30-14.43.27:129][  0]LogConfig: Setting CVar [[gc.AllowParallelGC:1]]
[2019.10.30-14.43.27:129][  0]LogConfig: Setting CVar [[gc.TimeBetweenPurgingPendingKillObjects:61.1]]
[2019.10.30-14.43.27:129][  0]LogConfig: Setting CVar [[gc.MaxObjectsInEditor:16777216]]
[2019.10.30-14.43.27:129][  0]LogConfig: Setting CVar [[gc.IncrementalBeginDestroyEnabled:1]]
[2019.10.30-14.43.27:129][  0]LogConfig: Setting CVar [[gc.CreateGCClusters:1]]
[2019.10.30-14.43.27:129][  0]LogConfig: Setting CVar [[gc.MinGCClusterSize:5]]
[2019.10.30-14.43.27:129][  0]LogConfig: Setting CVar [[gc.ActorClusteringEnabled:0]]
[2019.10.30-14.43.27:129][  0]LogConfig: Setting CVar [[gc.BlueprintClusteringEnabled:0]]
[2019.10.30-14.43.27:129][  0]LogConfig: Setting CVar [[gc.UseDisregardForGCOnDedicatedServers:0]]
[2019.10.30-14.43.27:129][  0]LogConfig: Applying CVar settings from Section [/Script/Engine.NetworkSettings] File [D:/GAMAGORA/Moteur de jeu/TP2/Saved/Config/Windows/Engine.ini]
[2019.10.30-14.43.27:129][  0]LogConfig: Applying CVar settings from Section [/Script/UnrealEd.CookerSettings] File [D:/GAMAGORA/Moteur de jeu/TP2/Saved/Config/Windows/Engine.ini]
[2019.10.30-14.43.27:134][  0]LogConfig: Applying CVar settings from Section [ViewDistanceQuality@3] File [D:/GAMAGORA/Moteur de jeu/TP2/Saved/Config/Windows/Scalability.ini]
[2019.10.30-14.43.27:134][  0]LogConfig: Setting CVar [[r.SkeletalMeshLODBias:0]]
[2019.10.30-14.43.27:134][  0]LogConfig: Setting CVar [[r.ViewDistanceScale:1.0]]
[2019.10.30-14.43.27:134][  0]LogConfig: Applying CVar settings from Section [AntiAliasingQuality@3] File [D:/GAMAGORA/Moteur de jeu/TP2/Saved/Config/Windows/Scalability.ini]
[2019.10.30-14.43.27:134][  0]LogConfig: Setting CVar [[r.PostProcessAAQuality:4]]
[2019.10.30-14.43.27:134][  0]LogConfig: Applying CVar settings from Section [ShadowQuality@3] File [D:/GAMAGORA/Moteur de jeu/TP2/Saved/Config/Windows/Scalability.ini]
[2019.10.30-14.43.27:134][  0]LogConfig: Setting CVar [[r.LightFunctionQuality:1]]
[2019.10.30-14.43.27:134][  0]LogConfig: Setting CVar [[r.ShadowQuality:5]]
[2019.10.30-14.43.27:134][  0]LogConfig: Setting CVar [[r.Shadow.CSM.MaxCascades:10]]
[2019.10.30-14.43.27:134][  0]LogConfig: Setting CVar [[r.Shadow.MaxResolution:2048]]
[2019.10.30-14.43.27:134][  0]LogConfig: Setting CVar [[r.Shadow.MaxCSMResolution:2048]]
[2019.10.30-14.43.27:134][  0]LogConfig: Setting CVar [[r.Shadow.RadiusThreshold:0.01]]
[2019.10.30-14.43.27:134][  0]LogConfig: Setting CVar [[r.Shadow.DistanceScale:1.0]]
[2019.10.30-14.43.27:134][  0]LogConfig: Setting CVar [[r.Shadow.CSM.TransitionScale:1.0]]
[2019.10.30-14.43.27:134][  0]LogConfig: Setting CVar [[r.Shadow.PreShadowResolutionFactor:1.0]]
[2019.10.30-14.43.27:134][  0]LogConfig: Setting CVar [[r.DistanceFieldShadowing:1]]
[2019.10.30-14.43.27:134][  0]LogConfig: Setting CVar [[r.DistanceFieldAO:1]]
[2019.10.30-14.43.27:134][  0]LogConfig: Setting CVar [[r.AOQuality:2]]
[2019.10.30-14.43.27:134][  0]LogConfig: Setting CVar [[r.VolumetricFog:1]]
[2019.10.30-14.43.27:134][  0]LogConfig: Setting CVar [[r.VolumetricFog.GridPixelSize:8]]
[2019.10.30-14.43.27:134][  0]LogConfig: Setting CVar [[r.VolumetricFog.GridSizeZ:128]]
[2019.10.30-14.43.27:134][  0]LogConfig: Setting CVar [[r.VolumetricFog.HistoryMissSupersampleCount:4]]
[2019.10.30-14.43.27:134][  0]LogConfig: Setting CVar [[r.LightMaxDrawDistanceScale:1]]
[2019.10.30-14.43.27:134][  0]LogConfig: Setting CVar [[r.CapsuleShadows:1]]
[2019.10.30-14.43.27:134][  0]LogConfig: Applying CVar settings from Section [PostProcessQuality@3] File [D:/GAMAGORA/Moteur de jeu/TP2/Saved/Config/Windows/Scalability.ini]
[2019.10.30-14.43.27:134][  0]LogConfig: Setting CVar [[r.MotionBlurQuality:4]]
[2019.10.30-14.43.27:134][  0]LogConfig: Setting CVar [[r.AmbientOcclusionMipLevelFactor:0.4]]
[2019.10.30-14.43.27:134][  0]LogConfig: Setting CVar [[r.AmbientOcclusionMaxQuality:100]]
[2019.10.30-14.43.27:134][  0]LogConfig: Setting CVar [[r.AmbientOcclusionLevels:-1]]
[2019.10.30-14.43.27:134][  0]LogConfig: Setting CVar [[r.AmbientOcclusionRadiusScale:1.0]]
[2019.10.30-14.43.27:134][  0]LogConfig: Setting CVar [[r.DepthOfFieldQuality:2]]
[2019.10.30-14.43.27:134][  0]LogConfig: Setting CVar [[r.RenderTargetPoolMin:400]]
[2019.10.30-14.43.27:134][  0]LogConfig: Setting CVar [[r.LensFlareQuality:2]]
[2019.10.30-14.43.27:134][  0]LogConfig: Setting CVar [[r.SceneColorFringeQuality:1]]
[2019.10.30-14.43.27:134][  0]LogConfig: Setting CVar [[r.EyeAdaptationQuality:2]]
[2019.10.30-14.43.27:134][  0]LogConfig: Setting CVar [[r.BloomQuality:5]]
[2019.10.30-14.43.27:134][  0]LogConfig: Setting CVar [[r.FastBlurThreshold:100]]
[2019.10.30-14.43.27:134][  0]LogConfig: Setting CVar [[r.Upscale.Quality:3]]
[2019.10.30-14.43.27:134][  0]LogConfig: Setting CVar [[r.Tonemapper.GrainQuantization:1]]
[2019.10.30-14.43.27:134][  0]LogConfig: Setting CVar [[r.LightShaftQuality:1]]
[2019.10.30-14.43.27:134][  0]LogConfig: Setting CVar [[r.Filter.SizeScale:1]]
[2019.10.30-14.43.27:135][  0]LogConfig: Setting CVar [[r.Tonemapper.Quality:5]]
[2019.10.30-14.43.27:135][  0]LogConfig: Setting CVar [[r.DOF.Gather.AccumulatorQuality:1        ; higher gathering accumulator quality]]
[2019.10.30-14.43.27:135][  0]LogConfig: Setting CVar [[r.DOF.Gather.PostfilterMethod:1          ; Median3x3 postfilering method]]
[2019.10.30-14.43.27:135][  0]LogConfig: Setting CVar [[r.DOF.Gather.EnableBokehSettings:0       ; no bokeh simulation when gathering]]
[2019.10.30-14.43.27:135][  0]LogConfig: Setting CVar [[r.DOF.Gather.RingCount:4                 ; medium number of samples when gathering]]
[2019.10.30-14.43.27:135][  0]LogConfig: Setting CVar [[r.DOF.Scatter.ForegroundCompositing:1    ; additive foreground scattering]]
[2019.10.30-14.43.27:135][  0]LogConfig: Setting CVar [[r.DOF.Scatter.BackgroundCompositing:2    ; additive background scattering]]
[2019.10.30-14.43.27:135][  0]LogConfig: Setting CVar [[r.DOF.Scatter.EnableBokehSettings:1      ; bokeh simulation when scattering]]
[2019.10.30-14.43.27:135][  0]LogConfig: Setting CVar [[r.DOF.Scatter.MaxSpriteRatio:0.1         ; only a maximum of 10% of scattered bokeh]]
[2019.10.30-14.43.27:135][  0]LogConfig: Setting CVar [[r.DOF.Recombine.Quality:1                ; cheap slight out of focus]]
[2019.10.30-14.43.27:135][  0]LogConfig: Setting CVar [[r.DOF.Recombine.EnableBokehSettings:0    ; no bokeh simulation on slight out of focus]]
[2019.10.30-14.43.27:135][  0]LogConfig: Setting CVar [[r.DOF.TemporalAAQuality:1                ; more stable temporal accumulation]]
[2019.10.30-14.43.27:135][  0]LogConfig: Setting CVar [[r.DOF.Kernel.MaxForegroundRadius:0.025]]
[2019.10.30-14.43.27:135][  0]LogConfig: Setting CVar [[r.DOF.Kernel.MaxBackgroundRadius:0.025]]
[2019.10.30-14.43.27:135][  0]LogConfig: Applying CVar settings from Section [TextureQuality@3] File [D:/GAMAGORA/Moteur de jeu/TP2/Saved/Config/Windows/Scalability.ini]
[2019.10.30-14.43.27:135][  0]LogConfig: Setting CVar [[r.Streaming.MipBias:0]]
[2019.10.30-14.43.27:135][  0]LogConfig: Setting CVar [[r.Streaming.AmortizeCPUToGPUCopy:0]]
[2019.10.30-14.43.27:135][  0]LogConfig: Setting CVar [[r.Streaming.MaxNumTexturesToStreamPerFrame:0]]
[2019.10.30-14.43.27:135][  0]LogConfig: Setting CVar [[r.Streaming.Boost:1]]
[2019.10.30-14.43.27:135][  0]LogConfig: Setting CVar [[r.MaxAnisotropy:8]]
[2019.10.30-14.43.27:135][  0]LogConfig: Setting CVar [[r.Streaming.LimitPoolSizeToVRAM:0]]
[2019.10.30-14.43.27:135][  0]LogConfig: Setting CVar [[r.Streaming.PoolSize:1000]]
[2019.10.30-14.43.27:135][  0]LogConfig: Setting CVar [[r.Streaming.MaxEffectiveScreenSize:0]]
[2019.10.30-14.43.27:135][  0]LogConfig: Applying CVar settings from Section [EffectsQuality@3] File [D:/GAMAGORA/Moteur de jeu/TP2/Saved/Config/Windows/Scalability.ini]
[2019.10.30-14.43.27:135][  0]LogConfig: Setting CVar [[r.TranslucencyLightingVolumeDim:64]]
[2019.10.30-14.43.27:135][  0]LogConfig: Setting CVar [[r.RefractionQuality:2]]
[2019.10.30-14.43.27:135][  0]LogConfig: Setting CVar [[r.SSR.Quality:3]]
[2019.10.30-14.43.27:135][  0]LogConfig: Setting CVar [[r.SceneColorFormat:4]]
[2019.10.30-14.43.27:135][  0]LogConfig: Setting CVar [[r.DetailMode:2]]
[2019.10.30-14.43.27:135][  0]LogConfig: Setting CVar [[r.TranslucencyVolumeBlur:1]]
[2019.10.30-14.43.27:135][  0]LogConfig: Setting CVar [[r.MaterialQualityLevel:1 ; High quality]]
[2019.10.30-14.43.27:135][  0]LogConfig: Setting CVar [[r.SSS.Scale:1]]
[2019.10.30-14.43.27:135][  0]LogConfig: Setting CVar [[r.SSS.SampleSet:2]]
[2019.10.30-14.43.27:135][  0]LogConfig: Setting CVar [[r.SSS.Quality:1]]
[2019.10.30-14.43.27:135][  0]LogConfig: Setting CVar [[r.SSS.HalfRes:1]]
[2019.10.30-14.43.27:135][  0]LogConfig: Setting CVar [[r.EmitterSpawnRateScale:1.0]]
[2019.10.30-14.43.27:135][  0]LogConfig: Setting CVar [[r.ParticleLightQuality:2]]
[2019.10.30-14.43.27:135][  0]LogConfig: Applying CVar settings from Section [FoliageQuality@3] File [D:/GAMAGORA/Moteur de jeu/TP2/Saved/Config/Windows/Scalability.ini]
[2019.10.30-14.43.27:135][  0]LogConfig: Setting CVar [[foliage.DensityScale:1.0]]
[2019.10.30-14.43.27:135][  0]LogConfig: Setting CVar [[grass.DensityScale:1.0]]
[2019.10.30-14.43.27:135][  0]LogInit: Selected Device Profile: [Windows]
[2019.10.30-14.43.27:135][  0]LogInit: Applying CVar settings loaded from the selected device profile: [Windows]
[2019.10.30-14.43.27:138][  0]LogHAL: Display: Platform has ~ 16 GB [17139830784 / 17179869184 / 16], which maps to Larger [LargestMinGB=32, LargerMinGB=12, DefaultMinGB=8, SmallerMinGB=6, SmallestMinGB=0)
[2019.10.30-14.43.27:138][  0]LogInit: Going up to parent DeviceProfile []
[2019.10.30-14.43.27:138][  0]LogConfig: Applying CVar settings from Section [ViewDistanceQuality@3] File [D:/GAMAGORA/Moteur de jeu/TP2/Saved/Config/Windows/Scalability.ini]
[2019.10.30-14.43.27:138][  0]LogConfig: Setting CVar [[r.SkeletalMeshLODBias:0]]
[2019.10.30-14.43.27:138][  0]LogConfig: Setting CVar [[r.ViewDistanceScale:1.0]]
[2019.10.30-14.43.27:138][  0]LogConfig: Applying CVar settings from Section [AntiAliasingQuality@3] File [D:/GAMAGORA/Moteur de jeu/TP2/Saved/Config/Windows/Scalability.ini]
[2019.10.30-14.43.27:138][  0]LogConfig: Setting CVar [[r.PostProcessAAQuality:4]]
[2019.10.30-14.43.27:138][  0]LogConfig: Applying CVar settings from Section [ShadowQuality@3] File [D:/GAMAGORA/Moteur de jeu/TP2/Saved/Config/Windows/Scalability.ini]
[2019.10.30-14.43.27:138][  0]LogConfig: Setting CVar [[r.LightFunctionQuality:1]]
[2019.10.30-14.43.27:138][  0]LogConfig: Setting CVar [[r.ShadowQuality:5]]
[2019.10.30-14.43.27:138][  0]LogConfig: Setting CVar [[r.Shadow.CSM.MaxCascades:10]]
[2019.10.30-14.43.27:138][  0]LogConfig: Setting CVar [[r.Shadow.MaxResolution:2048]]
[2019.10.30-14.43.27:138][  0]LogConfig: Setting CVar [[r.Shadow.MaxCSMResolution:2048]]
[2019.10.30-14.43.27:138][  0]LogConfig: Setting CVar [[r.Shadow.RadiusThreshold:0.01]]
[2019.10.30-14.43.27:138][  0]LogConfig: Setting CVar [[r.Shadow.DistanceScale:1.0]]
[2019.10.30-14.43.27:138][  0]LogConfig: Setting CVar [[r.Shadow.CSM.TransitionScale:1.0]]
[2019.10.30-14.43.27:138][  0]LogConfig: Setting CVar [[r.Shadow.PreShadowResolutionFactor:1.0]]
[2019.10.30-14.43.27:138][  0]LogConfig: Setting CVar [[r.DistanceFieldShadowing:1]]
[2019.10.30-14.43.27:138][  0]LogConfig: Setting CVar [[r.DistanceFieldAO:1]]
[2019.10.30-14.43.27:139][  0]LogConfig: Setting CVar [[r.AOQuality:2]]
[2019.10.30-14.43.27:139][  0]LogConfig: Setting CVar [[r.VolumetricFog:1]]
[2019.10.30-14.43.27:139][  0]LogConfig: Setting CVar [[r.VolumetricFog.GridPixelSize:8]]
[2019.10.30-14.43.27:139][  0]LogConfig: Setting CVar [[r.VolumetricFog.GridSizeZ:128]]
[2019.10.30-14.43.27:139][  0]LogConfig: Setting CVar [[r.VolumetricFog.HistoryMissSupersampleCount:4]]
[2019.10.30-14.43.27:139][  0]LogConfig: Setting CVar [[r.LightMaxDrawDistanceScale:1]]
[2019.10.30-14.43.27:139][  0]LogConfig: Setting CVar [[r.CapsuleShadows:1]]
[2019.10.30-14.43.27:139][  0]LogConfig: Applying CVar settings from Section [PostProcessQuality@3] File [D:/GAMAGORA/Moteur de jeu/TP2/Saved/Config/Windows/Scalability.ini]
[2019.10.30-14.43.27:139][  0]LogConfig: Setting CVar [[r.MotionBlurQuality:4]]
[2019.10.30-14.43.27:139][  0]LogConfig: Setting CVar [[r.AmbientOcclusionMipLevelFactor:0.4]]
[2019.10.30-14.43.27:139][  0]LogConfig: Setting CVar [[r.AmbientOcclusionMaxQuality:100]]
[2019.10.30-14.43.27:139][  0]LogConfig: Setting CVar [[r.AmbientOcclusionLevels:-1]]
[2019.10.30-14.43.27:139][  0]LogConfig: Setting CVar [[r.AmbientOcclusionRadiusScale:1.0]]
[2019.10.30-14.43.27:139][  0]LogConfig: Setting CVar [[r.DepthOfFieldQuality:2]]
[2019.10.30-14.43.27:139][  0]LogConfig: Setting CVar [[r.RenderTargetPoolMin:400]]
[2019.10.30-14.43.27:139][  0]LogConfig: Setting CVar [[r.LensFlareQuality:2]]
[2019.10.30-14.43.27:139][  0]LogConfig: Setting CVar [[r.SceneColorFringeQuality:1]]
[2019.10.30-14.43.27:139][  0]LogConfig: Setting CVar [[r.EyeAdaptationQuality:2]]
[2019.10.30-14.43.27:139][  0]LogConfig: Setting CVar [[r.BloomQuality:5]]
[2019.10.30-14.43.27:139][  0]LogConfig: Setting CVar [[r.FastBlurThreshold:100]]
[2019.10.30-14.43.27:139][  0]LogConfig: Setting CVar [[r.Upscale.Quality:3]]
[2019.10.30-14.43.27:139][  0]LogConfig: Setting CVar [[r.Tonemapper.GrainQuantization:1]]
[2019.10.30-14.43.27:139][  0]LogConfig: Setting CVar [[r.LightShaftQuality:1]]
[2019.10.30-14.43.27:139][  0]LogConfig: Setting CVar [[r.Filter.SizeScale:1]]
[2019.10.30-14.43.27:139][  0]LogConfig: Setting CVar [[r.Tonemapper.Quality:5]]
[2019.10.30-14.43.27:139][  0]LogConfig: Setting CVar [[r.DOF.Gather.AccumulatorQuality:1        ; higher gathering accumulator quality]]
[2019.10.30-14.43.27:139][  0]LogConfig: Setting CVar [[r.DOF.Gather.PostfilterMethod:1          ; Median3x3 postfilering method]]
[2019.10.30-14.43.27:139][  0]LogConfig: Setting CVar [[r.DOF.Gather.EnableBokehSettings:0       ; no bokeh simulation when gathering]]
[2019.10.30-14.43.27:139][  0]LogConfig: Setting CVar [[r.DOF.Gather.RingCount:4                 ; medium number of samples when gathering]]
[2019.10.30-14.43.27:139][  0]LogConfig: Setting CVar [[r.DOF.Scatter.ForegroundCompositing:1    ; additive foreground scattering]]
[2019.10.30-14.43.27:139][  0]LogConfig: Setting CVar [[r.DOF.Scatter.BackgroundCompositing:2    ; additive background scattering]]
[2019.10.30-14.43.27:139][  0]LogConfig: Setting CVar [[r.DOF.Scatter.EnableBokehSettings:1      ; bokeh simulation when scattering]]
[2019.10.30-14.43.27:139][  0]LogConfig: Setting CVar [[r.DOF.Scatter.MaxSpriteRatio:0.1         ; only a maximum of 10% of scattered bokeh]]
[2019.10.30-14.43.27:139][  0]LogConfig: Setting CVar [[r.DOF.Recombine.Quality:1                ; cheap slight out of focus]]
[2019.10.30-14.43.27:140][  0]LogConfig: Setting CVar [[r.DOF.Recombine.EnableBokehSettings:0    ; no bokeh simulation on slight out of focus]]
[2019.10.30-14.43.27:140][  0]LogConfig: Setting CVar [[r.DOF.TemporalAAQuality:1                ; more stable temporal accumulation]]
[2019.10.30-14.43.27:140][  0]LogConfig: Setting CVar [[r.DOF.Kernel.MaxForegroundRadius:0.025]]
[2019.10.30-14.43.27:140][  0]LogConfig: Setting CVar [[r.DOF.Kernel.MaxBackgroundRadius:0.025]]
[2019.10.30-14.43.27:140][  0]LogConfig: Applying CVar settings from Section [TextureQuality@3] File [D:/GAMAGORA/Moteur de jeu/TP2/Saved/Config/Windows/Scalability.ini]
[2019.10.30-14.43.27:140][  0]LogConfig: Setting CVar [[r.Streaming.MipBias:0]]
[2019.10.30-14.43.27:140][  0]LogConfig: Setting CVar [[r.Streaming.AmortizeCPUToGPUCopy:0]]
[2019.10.30-14.43.27:140][  0]LogConfig: Setting CVar [[r.Streaming.MaxNumTexturesToStreamPerFrame:0]]
[2019.10.30-14.43.27:140][  0]LogConfig: Setting CVar [[r.Streaming.Boost:1]]
[2019.10.30-14.43.27:140][  0]LogConfig: Setting CVar [[r.MaxAnisotropy:8]]
[2019.10.30-14.43.27:140][  0]LogConfig: Setting CVar [[r.Streaming.LimitPoolSizeToVRAM:0]]
[2019.10.30-14.43.27:140][  0]LogConfig: Setting CVar [[r.Streaming.PoolSize:1000]]
[2019.10.30-14.43.27:140][  0]LogConfig: Setting CVar [[r.Streaming.MaxEffectiveScreenSize:0]]
[2019.10.30-14.43.27:140][  0]LogConfig: Applying CVar settings from Section [EffectsQuality@3] File [D:/GAMAGORA/Moteur de jeu/TP2/Saved/Config/Windows/Scalability.ini]
[2019.10.30-14.43.27:140][  0]LogConfig: Setting CVar [[r.TranslucencyLightingVolumeDim:64]]
[2019.10.30-14.43.27:140][  0]LogConfig: Setting CVar [[r.RefractionQuality:2]]
[2019.10.30-14.43.27:140][  0]LogConfig: Setting CVar [[r.SSR.Quality:3]]
[2019.10.30-14.43.27:140][  0]LogConfig: Setting CVar [[r.SceneColorFormat:4]]
[2019.10.30-14.43.27:140][  0]LogConfig: Setting CVar [[r.DetailMode:2]]
[2019.10.30-14.43.27:140][  0]LogConfig: Setting CVar [[r.TranslucencyVolumeBlur:1]]
[2019.10.30-14.43.27:140][  0]LogConfig: Setting CVar [[r.MaterialQualityLevel:1 ; High quality]]
[2019.10.30-14.43.27:140][  0]LogConfig: Setting CVar [[r.SSS.Scale:1]]
[2019.10.30-14.43.27:140][  0]LogConfig: Setting CVar [[r.SSS.SampleSet:2]]
[2019.10.30-14.43.27:140][  0]LogConfig: Setting CVar [[r.SSS.Quality:1]]
[2019.10.30-14.43.27:140][  0]LogConfig: Setting CVar [[r.SSS.HalfRes:1]]
[2019.10.30-14.43.27:140][  0]LogConfig: Setting CVar [[r.EmitterSpawnRateScale:1.0]]
[2019.10.30-14.43.27:140][  0]LogConfig: Setting CVar [[r.ParticleLightQuality:2]]
[2019.10.30-14.43.27:140][  0]LogConfig: Applying CVar settings from Section [FoliageQuality@3] File [D:/GAMAGORA/Moteur de jeu/TP2/Saved/Config/Windows/Scalability.ini]
[2019.10.30-14.43.27:140][  0]LogConfig: Setting CVar [[foliage.DensityScale:1.0]]
[2019.10.30-14.43.27:140][  0]LogConfig: Setting CVar [[grass.DensityScale:1.0]]
[2019.10.30-14.43.27:140][  0]LogConfig: Applying CVar settings from Section [Startup] File [../../../Engine/Config/ConsoleVariables.ini]
[2019.10.30-14.43.27:141][  0]LogConfig: Setting CVar [[net.UseAdaptiveNetUpdateFrequency:0]]
[2019.10.30-14.43.27:141][  0]LogConfig: Setting CVar [[p.chaos.AllowCreatePhysxBodies:1]]
[2019.10.30-14.43.27:141][  0]LogConfig: Applying CVar settings from Section [ConsoleVariables] File [D:/GAMAGORA/Moteur de jeu/TP2/Saved/Config/Windows/Engine.ini]
[2019.10.30-14.43.27:141][  0]LogInit: Computer: PBIMOC41225
[2019.10.30-14.43.27:141][  0]LogInit: User: lveyssiere
[2019.10.30-14.43.27:141][  0]LogInit: CPU Page size=4096, Cores=4
[2019.10.30-14.43.27:141][  0]LogInit: High frequency timer resolution =10.000000 MHz
[2019.10.30-14.43.27:141][  0]LogMemory: Memory total: Physical=16.0GB (16GB approx)
[2019.10.30-14.43.27:141][  0]LogMemory: Platform Memory Stats for Windows
[2019.10.30-14.43.27:141][  0]LogMemory: Process Physical Memory: 100.87 MB used, 100.88 MB peak
[2019.10.30-14.43.27:141][  0]LogMemory: Process Virtual Memory: 100.49 MB used, 100.49 MB peak
[2019.10.30-14.43.27:141][  0]LogMemory: Physical Memory: 6191.82 MB used,  10154.00 MB free, 16345.82 MB total
[2019.10.30-14.43.27:141][  0]LogMemory: Virtual Memory: 4682.78 MB used,  134213048.00 MB free, 134217728.00 MB total
[2019.10.30-14.43.27:144][  0]LogWindows: WindowsPlatformFeatures enabled
[2019.10.30-14.43.27:164][  0]LogInit: Using OS detected language (fr-FR).
[2019.10.30-14.43.27:164][  0]LogInit: Using OS detected locale (fr-FR).
[2019.10.30-14.43.27:164][  0]LogTextLocalizationManager: No specific localization for 'fr-FR' exists, so the 'fr' localization will be used.
[2019.10.30-14.43.27:165][  0]LogTextLocalizationResource: LocRes '../../../Engine/Content/Localization/Editor/fr/Editor.locres' could not be opened for reading!
[2019.10.30-14.43.27:165][  0]LogTextLocalizationResource: LocRes '../../../Engine/Content/Localization/EditorTutorials/fr/EditorTutorials.locres' could not be opened for reading!
[2019.10.30-14.43.27:165][  0]LogTextLocalizationResource: LocRes '../../../Engine/Content/Localization/Keywords/fr/Keywords.locres' could not be opened for reading!
[2019.10.30-14.43.27:165][  0]LogTextLocalizationResource: LocRes '../../../Engine/Content/Localization/Category/fr/Category.locres' could not be opened for reading!
[2019.10.30-14.43.27:165][  0]LogTextLocalizationResource: LocRes '../../../Engine/Content/Localization/ToolTips/fr/ToolTips.locres' could not be opened for reading!
[2019.10.30-14.43.27:166][  0]LogTextLocalizationResource: LocRes '../../../Engine/Content/Localization/PropertyNames/fr/PropertyNames.locres' could not be opened for reading!
[2019.10.30-14.43.27:166][  0]LogTextLocalizationResource: LocRes '../../../Engine/Content/Localization/Engine/fr/Engine.locres' could not be opened for reading!
[2019.10.30-14.43.27:191][  0]LogSlate: New Slate User Created.  User Index 0, Is Virtual User: 0
[2019.10.30-14.43.27:191][  0]LogSlate: Slate User Registered.  User Index 0, Is Virtual User: 0
[2019.10.30-14.43.27:200][  0]LogHMD: Failed to initialize OpenVR with code 110
[2019.10.30-14.43.27:200][  0]LogD3D11RHI: D3D11 adapters:
[2019.10.30-14.43.27:222][  0]LogD3D11RHI:    0. 'NVIDIA GeForce GTX 560 Ti' (Feature Level 11_0)
[2019.10.30-14.43.27:222][  0]LogD3D11RHI:       978/0/8172 MB DedicatedVideo/DedicatedSystem/SharedSystem, Outputs:2, VendorId:0x10de
[2019.10.30-14.43.27:224][  0]LogD3D11RHI:    1. 'Microsoft Basic Render Driver' (Feature Level 11_0)
[2019.10.30-14.43.27:224][  0]LogD3D11RHI:       0/0/8172 MB DedicatedVideo/DedicatedSystem/SharedSystem, Outputs:0, VendorId:0x1414
[2019.10.30-14.43.27:224][  0]LogD3D11RHI: Chosen D3D11 Adapter: 0
[2019.10.30-14.43.27:229][  0]LogD3D11RHI: Creating new Direct3DDevice
[2019.10.30-14.43.27:229][  0]LogD3D11RHI:     GPU DeviceId: 0x1200 (for the marketing name, search the web for "GPU Device Id")
[2019.10.30-14.43.27:229][  0]LogWindows: EnumDisplayDevices:
[2019.10.30-14.43.27:229][  0]LogWindows:    0. 'NVIDIA GeForce GTX 560 Ti' (P:0 D:1)
[2019.10.30-14.43.27:229][  0]LogWindows:    1. 'NVIDIA GeForce GTX 560 Ti' (P:1 D:1)
[2019.10.30-14.43.27:229][  0]LogWindows: DebugString: FoundDriverCount:2 
[2019.10.30-14.43.27:229][  0]LogD3D11RHI:     Adapter Name: NVIDIA GeForce GTX 560 Ti
[2019.10.30-14.43.27:229][  0]LogD3D11RHI:   Driver Version: 376.54 (internal:21.21.13.7654, unified:376.54)
[2019.10.30-14.43.27:229][  0]LogD3D11RHI:      Driver Date: 12-29-2016
[2019.10.30-14.43.27:229][  0]LogRHI: Texture pool is 684 MB (70% of 978 MB)
[2019.10.30-14.43.27:248][  0]LogD3D11RHI: Display: Timestamp queries are currently disabled on this hardware due to instability. Realtime GPU stats will not be available. You can override this behaviour by setting r.NVIDIATimestampWorkaround to 0
[2019.10.30-14.43.27:248][  0]LogD3D11RHI: Async texture creation enabled
[2019.10.30-14.43.27:259][  0]LogD3D11RHI: GPU Timing Frequency: 1000.000000 (Debug: 2 1)
[2019.10.30-14.43.27:678][  0]LogTemp: Display: Module 'WindowsClientTargetPlatform' loaded TargetPlatform 'WindowsClient'
[2019.10.30-14.43.27:686][  0]LogTemp: Display: Module 'WindowsNoEditorTargetPlatform' loaded TargetPlatform 'WindowsNoEditor'
[2019.10.30-14.43.27:695][  0]LogTemp: Display: Module 'WindowsServerTargetPlatform' loaded TargetPlatform 'WindowsServer'
[2019.10.30-14.43.27:698][  0]LogTemp: Display: Module 'WindowsTargetPlatform' loaded TargetPlatform 'Windows'
[2019.10.30-14.43.27:698][  0]LogTargetPlatformManager: Display: Building Assets For Windows
[2019.10.30-14.43.27:706][  0]LogAudioDebug: Display: Lib vorbis DLL was dynamically loaded.
[2019.10.30-14.43.27:745][  0]LogShaderCompilers: Guid format shader working directory is 10 characters bigger than the processId version (../../../../../GAMAGORA/Moteur de jeu/TP2/Intermediate/Shaders/WorkingDirectory/5900/).
[2019.10.30-14.43.27:746][  0]LogShaderCompilers: Cleaned the shader compiler working directory 'C:/Users/lveyssiere/AppData/Local/Temp/UnrealShaderWorkingDir/8D8B0ED14C7EB8D810B2309856352298/'.
[2019.10.30-14.43.27:747][  0]LogXGEController: Cannot use XGE Controller as Incredibuild is not installed on this machine.
[2019.10.30-14.43.27:747][  0]LogShaderCompilers: Cannot use XGE Shader Compiler as Incredibuild is not installed on this machine.
[2019.10.30-14.43.27:747][  0]LogShaderCompilers: Display: Using Local Shader Compiler.
[2019.10.30-14.43.28:397][  0]LogDerivedDataCache: Display: Max Cache Size: 512 MB
[2019.10.30-14.43.28:456][  0]LogDerivedDataCache: Loaded boot cache 0.06s 73MB C:/Users/lveyssiere/AppData/Local/UnrealEngine/4.23/DerivedDataCache/Boot.ddc.
[2019.10.30-14.43.28:456][  0]LogDerivedDataCache: Display: Loaded Boot cache: C:/Users/lveyssiere/AppData/Local/UnrealEngine/4.23/DerivedDataCache/Boot.ddc
[2019.10.30-14.43.28:456][  0]LogDerivedDataCache: FDerivedDataBackendGraph:  Pak pak cache file ../../../../../GAMAGORA/Moteur de jeu/TP2/DerivedDataCache/DDC.ddp not found, will not use a pak cache.
[2019.10.30-14.43.28:456][  0]LogDerivedDataCache: Unable to find inner node Pak for hierarchical cache Hierarchy.
[2019.10.30-14.43.28:456][  0]LogDerivedDataCache: FDerivedDataBackendGraph:  CompressedPak pak cache file ../../../../../GAMAGORA/Moteur de jeu/TP2/DerivedDataCache/Compressed.ddp not found, will not use a pak cache.
[2019.10.30-14.43.28:456][  0]LogDerivedDataCache: Unable to find inner node CompressedPak for hierarchical cache Hierarchy.
[2019.10.30-14.43.28:467][  0]LogDerivedDataCache: Display: Pak cache opened for reading ../../../Engine/DerivedDataCache/Compressed.ddp.
[2019.10.30-14.43.28:468][  0]LogDerivedDataCache: FDerivedDataBackendGraph:  EnterprisePak pak cache file ../../../Enterprise/DerivedDataCache/Compressed.ddp not found, will not use a pak cache.
[2019.10.30-14.43.28:468][  0]LogDerivedDataCache: Unable to find inner node EnterprisePak for hierarchical cache Hierarchy.
[2019.10.30-14.43.28:469][  0]LogDerivedDataCache: Using Local data cache path C:/Users/lveyssiere/AppData/Local/UnrealEngine/Common/DerivedDataCache: Writable
[2019.10.30-14.43.28:469][  0]LogDerivedDataCache: Shared data cache path not found in *engine.ini, will not use an Shared cache.
[2019.10.30-14.43.28:469][  0]LogDerivedDataCache: Unable to find inner node Shared for hierarchical cache Hierarchy.
[2019.10.30-14.43.28:493][  0]LogMaterial: Verifying Global Shaders for PCD3D_SM5
[2019.10.30-14.43.28:496][  0]LogSlate: Using FreeType 2.6.0
[2019.10.30-14.43.28:497][  0]LogSlate: SlateFontServices - WITH_FREETYPE: 1, WITH_HARFBUZZ: 1
[2019.10.30-14.43.28:605][  0]LogInit: Using OS detected language (fr-FR).
[2019.10.30-14.43.28:605][  0]LogInit: Using OS detected locale (fr-FR).
[2019.10.30-14.43.28:606][  0]LogTextLocalizationManager: No localization for 'fr-FR' exists, so 'en' will be used for the language.
[2019.10.30-14.43.28:606][  0]LogTextLocalizationManager: No localization for 'fr-FR' exists, so 'en' will be used for the locale.
[2019.10.30-14.43.28:606][  0]LogSlate: FontCache flush requested. Reason: Culture for localization was changed
[2019.10.30-14.43.28:606][  0]LogSlate: FontCache flush requested. Reason: Culture for localization was changed
[2019.10.30-14.43.28:606][  0]LogTextLocalizationManager: Compacting localization data took   0.00ms
[2019.10.30-14.43.28:610][  0]LogAssetRegistry: FAssetRegistry took 0.0017 seconds to start up
[2019.10.30-14.43.28:878][  0]LogPackageLocalizationCache: Processed 12 localized package path(s) for 1 prioritized culture(s) in 0.000688 seconds
[2019.10.30-14.43.28:934][  0]LogInit: Selected Device Profile: [Windows]
[2019.10.30-14.43.28:975][  0]LogMeshReduction: Using QuadricMeshReduction for automatic static mesh reduction
[2019.10.30-14.43.28:975][  0]LogMeshReduction: Using SimplygonMeshReduction for automatic skeletal mesh reduction
[2019.10.30-14.43.28:975][  0]LogMeshReduction: Using ProxyLODMeshReduction for automatic mesh merging
[2019.10.30-14.43.28:975][  0]LogMeshReduction: No distributed automatic mesh merging module available
[2019.10.30-14.43.28:975][  0]LogMeshMerging: No distributed automatic mesh merging module available
[2019.10.30-14.43.29:089][  0]LogNetVersion: TP2 1.0.0, NetCL: 8386587, EngineNetVer: 11, GameNetVer: 0 (Checksum: 959942461)
[2019.10.30-14.43.29:590][  0]LogMoviePlayer: Initializing movie player
[2019.10.30-14.43.29:676][  0]LogTcpMessaging: Initializing TcpMessaging bridge
[2019.10.30-14.43.29:678][  0]LogUdpMessaging: Initializing bridge on interface 0.0.0.0:0 to multicast group 230.0.0.1:6666.
[2019.10.30-14.43.29:706][  0]SourceControl: Source control is disabled
[2019.10.30-14.43.29:707][  0]SourceControl: Source control is disabled
[2019.10.30-14.43.29:707][  0]SourceControl: Source control is disabled
[2019.10.30-14.43.29:742][  0]LogAndroidPermission: UAndroidPermissionCallbackProxy::GetInstance
[2019.10.30-14.43.29:851][  0]LogOcInput: OculusInput pre-init called
[2019.10.30-14.43.29:862][  0]LogUObjectArray: 48866 objects as part of root set at end of initial load.
[2019.10.30-14.43.29:862][  0]LogUObjectAllocator: 8609784 out of 0 bytes used by permanent object pool.
[2019.10.30-14.43.29:862][  0]LogUObjectArray: CloseDisregardForGC: 0/0 objects in disregard for GC pool
[2019.10.30-14.43.29:924][  0]LogEngine: Initializing Engine...
[2019.10.30-14.43.29:925][  0]LogHMD: Failed to initialize OpenVR with code 110
[2019.10.30-14.43.29:926][  0]LogStats: UGameplayTagsManager::InitializeManager -  0.000 s
[2019.10.30-14.43.30:109][  0]LogInit: Initializing FReadOnlyCVARCache
[2019.10.30-14.43.30:127][  0]LogInit: XAudio2 using 'Haut-parleurs (3- Périphérique High Definition Audio)' : 2 channels at 48 kHz using 16 bits per sample (channel mask 0x3)
[2019.10.30-14.43.30:143][  0]LogInit: FAudioDevice initialized.
[2019.10.30-14.43.30:144][  0]LogNetVersion: Set ProjectVersion to 1.0.0.0. Version Checksum will be recalculated on next use.
[2019.10.30-14.43.30:150][  0]LogInit: Texture streaming: Enabled
[2019.10.30-14.43.30:299][  0]LogSlate: Updating window title bar state: overlay mode, drag disabled, window buttons hidden, title bar hidden
[2019.10.30-14.43.30:299][  0]LogInit: Display: Game Engine Initialized.
[2019.10.30-14.43.30:352][  0]LogInit: Display: Starting Game.
[2019.10.30-14.43.30:352][  0]LogNet: Browse: /Game/StarterContent/Maps/Minimal_Default?Name=Player
[2019.10.30-14.43.30:353][  0]LogLoad: LoadMap: /Game/StarterContent/Maps/Minimal_Default?Name=Player
[2019.10.30-14.43.30:353][  0]LogWorld: BeginTearingDown for /Temp/Untitled_0
[2019.10.30-14.43.30:354][  0]LogWorld: UWorld::CleanupWorld for Untitled, bSessionEnded=true, bCleanupResources=true
[2019.10.30-14.43.30:381][  0]LogUObjectHash: Compacting FUObjectHashTables data took   7.55ms
[2019.10.30-14.43.30:652][  0]LogAIModule: Creating AISystem for world Minimal_Default
[2019.10.30-14.43.30:652][  0]LogLoad: Game class is 'partie1_gamemode_C'
[2019.10.30-14.43.30:661][  0]LogWorld: Bringing World /Game/StarterContent/Maps/Minimal_Default.Minimal_Default up for play (max tick rate 0) at 2019.10.30-15.43.30
[2019.10.30-14.43.30:662][  0]LogWorld: Bringing up level for play took: 0.008730
[2019.10.30-14.43.30:664][  0]LogGameMode: Display: Match State Changed from EnteringMap to WaitingToStart
[2019.10.30-14.43.30:664][  0]LogGameState: Match State Changed from EnteringMap to WaitingToStart
[2019.10.30-14.43.30:664][  0]LogGameMode: Display: Match State Changed from WaitingToStart to InProgress
[2019.10.30-14.43.30:666][  0]LogBlueprintUserMessages: [Minimal_Default_C_4] 1
[2019.10.30-14.43.30:666][  0]LogBlueprintUserMessages: [Minimal_Default_C_4] 2
[2019.10.30-14.43.30:667][  0]LogBlueprintUserMessages: [Minimal_Default_C_4] 3
[2019.10.30-14.43.30:667][  0]LogBlueprintUserMessages: [Minimal_Default_C_4] 4
[2019.10.30-14.43.30:667][  0]LogBlueprintUserMessages: [Minimal_Default_C_4] 5
[2019.10.30-14.43.30:667][  0]LogBlueprintUserMessages: [Minimal_Default_C_4] 6
[2019.10.30-14.43.30:668][  0]LogBlueprintUserMessages: [Minimal_Default_C_4] 7
[2019.10.30-14.43.30:668][  0]LogBlueprintUserMessages: [Minimal_Default_C_4] 8
[2019.10.30-14.43.30:668][  0]LogBlueprintUserMessages: [Minimal_Default_C_4] 9
[2019.10.30-14.43.30:668][  0]LogBlueprintUserMessages: [Minimal_Default_C_4] 10
[2019.10.30-14.43.30:668][  0]LogBlueprintUserMessages: [Minimal_Default_C_4] 11
[2019.10.30-14.43.30:669][  0]LogBlueprintUserMessages: [Minimal_Default_C_4] 12
[2019.10.30-14.43.30:669][  0]LogBlueprintUserMessages: [Minimal_Default_C_4] 13
[2019.10.30-14.43.30:669][  0]LogBlueprintUserMessages: [Minimal_Default_C_4] 14
[2019.10.30-14.43.30:669][  0]LogBlueprintUserMessages: [Minimal_Default_C_4] 15
[2019.10.30-14.43.30:670][  0]LogBlueprintUserMessages: [Minimal_Default_C_4] 16
[2019.10.30-14.43.30:670][  0]LogBlueprintUserMessages: [Minimal_Default_C_4] 17
[2019.10.30-14.43.30:670][  0]LogBlueprintUserMessages: [Minimal_Default_C_4] 18
[2019.10.30-14.43.30:670][  0]LogBlueprintUserMessages: [Minimal_Default_C_4] 19
[2019.10.30-14.43.30:670][  0]LogBlueprintUserMessages: [Minimal_Default_C_4] 20
[2019.10.30-14.43.30:671][  0]LogBlueprintUserMessages: [Minimal_Default_C_4] 21
[2019.10.30-14.43.30:671][  0]LogBlueprintUserMessages: [Minimal_Default_C_4] 22
[2019.10.30-14.43.30:671][  0]LogBlueprintUserMessages: [Minimal_Default_C_4] 23
[2019.10.30-14.43.30:671][  0]LogBlueprintUserMessages: [Minimal_Default_C_4] 24
[2019.10.30-14.43.30:672][  0]LogBlueprintUserMessages: [Minimal_Default_C_4] 25
[2019.10.30-14.43.30:672][  0]LogBlueprintUserMessages: [Minimal_Default_C_4] 26
[2019.10.30-14.43.30:672][  0]LogBlueprintUserMessages: [Minimal_Default_C_4] 27
[2019.10.30-14.43.30:672][  0]LogBlueprintUserMessages: [Minimal_Default_C_4] 28
[2019.10.30-14.43.30:672][  0]LogBlueprintUserMessages: [Minimal_Default_C_4] 29
[2019.10.30-14.43.30:673][  0]LogBlueprintUserMessages: [Minimal_Default_C_4] 30
[2019.10.30-14.43.30:673][  0]LogBlueprintUserMessages: [Minimal_Default_C_4] 31
[2019.10.30-14.43.30:673][  0]LogBlueprintUserMessages: [Minimal_Default_C_4] 32
[2019.10.30-14.43.30:673][  0]LogBlueprintUserMessages: [Minimal_Default_C_4] 33
[2019.10.30-14.43.30:673][  0]LogBlueprintUserMessages: [Minimal_Default_C_4] 34
[2019.10.30-14.43.30:674][  0]LogBlueprintUserMessages: [Minimal_Default_C_4] 35
[2019.10.30-14.43.30:674][  0]LogBlueprintUserMessages: [Minimal_Default_C_4] 36
[2019.10.30-14.43.30:674][  0]LogBlueprintUserMessages: [Minimal_Default_C_4] 37
[2019.10.30-14.43.30:674][  0]LogBlueprintUserMessages: [Minimal_Default_C_4] 38
[2019.10.30-14.43.30:674][  0]LogBlueprintUserMessages: [Minimal_Default_C_4] 39
[2019.10.30-14.43.30:675][  0]LogBlueprintUserMessages: [Minimal_Default_C_4] 40
[2019.10.30-14.43.30:675][  0]LogBlueprintUserMessages: [Minimal_Default_C_4] 41
[2019.10.30-14.43.30:675][  0]LogBlueprintUserMessages: [Minimal_Default_C_4] 42
[2019.10.30-14.43.30:675][  0]LogBlueprintUserMessages: [Minimal_Default_C_4] 43
[2019.10.30-14.43.30:675][  0]LogBlueprintUserMessages: [Minimal_Default_C_4] 44
[2019.10.30-14.43.30:676][  0]LogBlueprintUserMessages: [Minimal_Default_C_4] 45
[2019.10.30-14.43.30:676][  0]LogBlueprintUserMessages: [Minimal_Default_C_4] 46
[2019.10.30-14.43.30:676][  0]LogBlueprintUserMessages: [Minimal_Default_C_4] 47
[2019.10.30-14.43.30:676][  0]LogBlueprintUserMessages: [Minimal_Default_C_4] 48
[2019.10.30-14.43.30:677][  0]LogBlueprintUserMessages: [Minimal_Default_C_4] 49
[2019.10.30-14.43.30:677][  0]LogBlueprintUserMessages: [Minimal_Default_C_4] 50
[2019.10.30-14.43.30:677][  0]LogBlueprintUserMessages: [Minimal_Default_C_4] 51
[2019.10.30-14.43.30:677][  0]LogBlueprintUserMessages: [Minimal_Default_C_4] 52
[2019.10.30-14.43.30:677][  0]LogBlueprintUserMessages: [Minimal_Default_C_4] 53
[2019.10.30-14.43.30:678][  0]LogBlueprintUserMessages: [Minimal_Default_C_4] 54
[2019.10.30-14.43.30:678][  0]LogBlueprintUserMessages: [Minimal_Default_C_4] 55
[2019.10.30-14.43.30:678][  0]LogBlueprintUserMessages: [Minimal_Default_C_4] 56
[2019.10.30-14.43.30:678][  0]LogBlueprintUserMessages: [Minimal_Default_C_4] 57
[2019.10.30-14.43.30:679][  0]LogBlueprintUserMessages: [Minimal_Default_C_4] 58
[2019.10.30-14.43.30:679][  0]LogBlueprintUserMessages: [Minimal_Default_C_4] 59
[2019.10.30-14.43.30:679][  0]LogBlueprintUserMessages: [Minimal_Default_C_4] 60
[2019.10.30-14.43.30:679][  0]LogBlueprintUserMessages: [Minimal_Default_C_4] 61
[2019.10.30-14.43.30:679][  0]LogBlueprintUserMessages: [Minimal_Default_C_4] 62
[2019.10.30-14.43.30:680][  0]LogBlueprintUserMessages: [Minimal_Default_C_4] 63
[2019.10.30-14.43.30:680][  0]LogBlueprintUserMessages: [Minimal_Default_C_4] 64
[2019.10.30-14.43.30:680][  0]LogBlueprintUserMessages: [Minimal_Default_C_4] 65
[2019.10.30-14.43.30:680][  0]LogBlueprintUserMessages: [Minimal_Default_C_4] 66
[2019.10.30-14.43.30:680][  0]LogBlueprintUserMessages: [Minimal_Default_C_4] 67
[2019.10.30-14.43.30:681][  0]LogBlueprintUserMessages: [Minimal_Default_C_4] 68
[2019.10.30-14.43.30:681][  0]LogBlueprintUserMessages: [Minimal_Default_C_4] 69
[2019.10.30-14.43.30:681][  0]LogBlueprintUserMessages: [Minimal_Default_C_4] 70
[2019.10.30-14.43.30:681][  0]LogBlueprintUserMessages: [Minimal_Default_C_4] 71
[2019.10.30-14.43.30:681][  0]LogBlueprintUserMessages: [Minimal_Default_C_4] 72
[2019.10.30-14.43.30:682][  0]LogBlueprintUserMessages: [Minimal_Default_C_4] 73
[2019.10.30-14.43.30:682][  0]LogBlueprintUserMessages: [Minimal_Default_C_4] 74
[2019.10.30-14.43.30:682][  0]LogBlueprintUserMessages: [Minimal_Default_C_4] 75
[2019.10.30-14.43.30:682][  0]LogBlueprintUserMessages: [Minimal_Default_C_4] 76
[2019.10.30-14.43.30:682][  0]LogBlueprintUserMessages: [Minimal_Default_C_4] 77
[2019.10.30-14.43.30:683][  0]LogBlueprintUserMessages: [Minimal_Default_C_4] 78
[2019.10.30-14.43.30:683][  0]LogBlueprintUserMessages: [Minimal_Default_C_4] 79
[2019.10.30-14.43.30:683][  0]LogBlueprintUserMessages: [Minimal_Default_C_4] 80
[2019.10.30-14.43.30:683][  0]LogBlueprintUserMessages: [Minimal_Default_C_4] 81
[2019.10.30-14.43.30:686][  0]LogGameState: Match State Changed from WaitingToStart to InProgress
[2019.10.30-14.43.30:686][  0]LogLoad: Took 0.332820 seconds to LoadMap(/Game/StarterContent/Maps/Minimal_Default)
[2019.10.30-14.43.30:711][  0]LogRenderer: Reallocating scene render targets to support 1280x720 Format 10 NumSamples 1 (Frame:1).
[2019.10.30-14.43.30:711][  0]LogLoad: (Engine Initialization) Total time: 5.05 seconds
[2019.10.30-14.43.30:711][  0]LogLoad: (Engine Initialization) Total Blueprint compile time: 0.00 seconds
[2019.10.30-14.43.30:818][  0]LogContentStreaming: Texture pool size now 1000 MB
[2019.10.30-14.43.30:823][  0]LogRenderer: Reallocating scene render targets to support 128x128 Format 10 NumSamples 1 (Frame:1).
[2019.10.30-14.43.30:870][  0]LogRenderer: Reallocating scene render targets to support 1280x720 Format 10 NumSamples 1 (Frame:2).
[2019.10.30-14.43.36:178][328]LogSlate: Took 0.000134 seconds to synchronously load lazily loaded font '../../../Engine/Content/Slate/Fonts/Roboto-Regular.ttf' (155K)
[2019.10.30-14.43.36:951][376]LogSlate: FSceneViewport::OnFocusLost() reason 0
[2019.10.30-14.43.38:029][442]LogBlueprintUserMessages: [partie3_piece_C_51] 1
[2019.10.30-14.43.38:030][442]LogBlueprintUserMessages: [partie3_piece_C_52] 2
[2019.10.30-14.43.38:030][442]LogBlueprintUserMessages: [partie3_piece_C_60] 3
[2019.10.30-14.43.38:030][442]LogBlueprintUserMessages: [partie3_piece_C_61] 4
[2019.10.30-14.43.39:110][509]LogBlueprintUserMessages: [partie3_piece_C_69] 5
[2019.10.30-14.43.39:111][509]LogBlueprintUserMessages: [partie3_piece_C_70] 6
[2019.10.30-14.43.39:158][512]LogBlueprintUserMessages: [partie3_piece_C_42] 7
[2019.10.30-14.43.39:159][512]LogBlueprintUserMessages: [partie3_piece_C_43] 8
[2019.10.30-14.43.40:094][570]LogBlueprintUserMessages: [partie3_piece_C_44] 9
[2019.10.30-14.43.40:094][570]LogBlueprintUserMessages: [partie3_piece_C_50] 10
[2019.10.30-14.43.40:095][570]LogBlueprintUserMessages: [partie3_piece_C_53] 11
[2019.10.30-14.43.40:095][570]LogBlueprintUserMessages: [partie3_piece_C_59] 12
[2019.10.30-14.43.40:095][570]LogBlueprintUserMessages: [partie3_piece_C_62] 13
[2019.10.30-14.43.40:096][570]LogBlueprintUserMessages: [partie3_piece_C_68] 14
[2019.10.30-14.43.40:096][570]LogBlueprintUserMessages: [partie3_piece_C_71] 15
[2019.10.30-14.43.40:143][573]LogBlueprintUserMessages: [partie3_piece_C_32] 16
[2019.10.30-14.43.40:143][573]LogBlueprintUserMessages: [partie3_piece_C_33] 17
[2019.10.30-14.43.40:143][573]LogBlueprintUserMessages: [partie3_piece_C_34] 18
[2019.10.30-14.43.40:143][573]LogBlueprintUserMessages: [partie3_piece_C_35] 19
[2019.10.30-14.43.40:143][573]LogBlueprintUserMessages: [partie3_piece_C_41] 20
[2019.10.30-14.43.40:144][573]LogBlueprintUserMessages: [partie3_piece_C_77] 21
[2019.10.30-14.43.40:144][573]LogBlueprintUserMessages: [partie3_piece_C_78] 22
[2019.10.30-14.43.40:144][573]LogBlueprintUserMessages: [partie3_piece_C_79] 23
[2019.10.30-14.43.40:144][573]LogBlueprintUserMessages: [partie3_piece_C_80] 24
[2019.10.30-14.43.40:175][575]LogBlueprintUserMessages: [partie3_piece_C_40] 25
[2019.10.30-14.43.40:175][575]LogBlueprintUserMessages: [partie3_piece_C_49] 26
[2019.10.30-14.43.40:175][575]LogBlueprintUserMessages: [partie3_piece_C_58] 27
[2019.10.30-14.43.40:191][576]LogBlueprintUserMessages: [partie3_piece_C_67] 28
[2019.10.30-14.43.40:192][576]LogBlueprintUserMessages: [partie3_piece_C_76] 29
[2019.10.30-14.43.40:852][617]LogBlueprintUserMessages: [partie3_piece_C_31] 30
[2019.10.30-14.43.41:029][628]LogBlueprintUserMessages: [partie3_piece_C_26] 31
[2019.10.30-14.43.41:045][629]LogBlueprintUserMessages: [partie3_piece_C_22] 32
[2019.10.30-14.43.41:045][629]LogBlueprintUserMessages: [partie3_piece_C_23] 33
[2019.10.30-14.43.41:045][629]LogBlueprintUserMessages: [partie3_piece_C_24] 34
[2019.10.30-14.43.41:045][629]LogBlueprintUserMessages: [partie3_piece_C_25] 35
[2019.10.30-14.43.41:077][631]LogBlueprintUserMessages: [partie3_piece_C_0] 36
[2019.10.30-14.43.41:077][631]LogBlueprintUserMessages: [partie3_piece_C_1] 37
[2019.10.30-14.43.41:077][631]LogBlueprintUserMessages: [partie3_piece_C_2] 38
[2019.10.30-14.43.41:077][631]LogBlueprintUserMessages: [partie3_piece_C_3] 39
[2019.10.30-14.43.41:077][631]LogBlueprintUserMessages: [partie3_piece_C_4] 40
[2019.10.30-14.43.41:077][631]LogBlueprintUserMessages: [partie3_piece_C_5] 41
[2019.10.30-14.43.41:078][631]LogBlueprintUserMessages: [partie3_piece_C_6] 42
[2019.10.30-14.43.41:078][631]LogBlueprintUserMessages: [partie3_piece_C_7] 43
[2019.10.30-14.43.41:078][631]LogBlueprintUserMessages: [partie3_piece_C_8] 44
[2019.10.30-14.43.41:078][631]LogBlueprintUserMessages: [partie3_piece_C_9] 45
[2019.10.30-14.43.41:078][631]LogBlueprintUserMessages: [partie3_piece_C_10] 46
[2019.10.30-14.43.41:078][631]LogBlueprintUserMessages: [partie3_piece_C_11] 47
[2019.10.30-14.43.41:078][631]LogBlueprintUserMessages: [partie3_piece_C_12] 48
[2019.10.30-14.43.41:078][631]LogBlueprintUserMessages: [partie3_piece_C_13] 49
[2019.10.30-14.43.41:078][631]LogBlueprintUserMessages: [partie3_piece_C_14] 50
[2019.10.30-14.43.41:079][631]LogBlueprintUserMessages: [partie3_piece_C_15] 51
[2019.10.30-14.43.41:079][631]LogBlueprintUserMessages: [partie3_piece_C_16] 52
[2019.10.30-14.43.41:079][631]LogBlueprintUserMessages: [partie3_piece_C_17] 53
[2019.10.30-14.43.41:079][631]LogBlueprintUserMessages: [partie3_piece_C_18] 54
[2019.10.30-14.43.41:079][631]LogBlueprintUserMessages: [partie3_piece_C_19] 55
[2019.10.30-14.43.41:079][631]LogBlueprintUserMessages: [partie3_piece_C_20] 56
[2019.10.30-14.43.41:079][631]LogBlueprintUserMessages: [partie3_piece_C_21] 57
[2019.10.30-14.43.41:079][631]LogBlueprintUserMessages: [partie3_piece_C_27] 58
[2019.10.30-14.43.41:079][631]LogBlueprintUserMessages: [partie3_piece_C_28] 59
[2019.10.30-14.43.41:080][631]LogBlueprintUserMessages: [partie3_piece_C_29] 60
[2019.10.30-14.43.41:080][631]LogBlueprintUserMessages: [partie3_piece_C_30] 61
[2019.10.30-14.43.41:080][631]LogBlueprintUserMessages: [partie3_piece_C_36] 62
[2019.10.30-14.43.41:080][631]LogBlueprintUserMessages: [partie3_piece_C_37] 63
[2019.10.30-14.43.41:080][631]LogBlueprintUserMessages: [partie3_piece_C_38] 64
[2019.10.30-14.43.41:080][631]LogBlueprintUserMessages: [partie3_piece_C_39] 65
[2019.10.30-14.43.41:080][631]LogBlueprintUserMessages: [partie3_piece_C_45] 66
[2019.10.30-14.43.41:080][631]LogBlueprintUserMessages: [partie3_piece_C_46] 67
[2019.10.30-14.43.41:080][631]LogBlueprintUserMessages: [partie3_piece_C_47] 68
[2019.10.30-14.43.41:080][631]LogBlueprintUserMessages: [partie3_piece_C_48] 69
[2019.10.30-14.43.41:081][631]LogBlueprintUserMessages: [partie3_piece_C_54] 70
[2019.10.30-14.43.41:081][631]LogBlueprintUserMessages: [partie3_piece_C_55] 71
[2019.10.30-14.43.41:081][631]LogBlueprintUserMessages: [partie3_piece_C_56] 72
[2019.10.30-14.43.41:081][631]LogBlueprintUserMessages: [partie3_piece_C_57] 73
[2019.10.30-14.43.41:081][631]LogBlueprintUserMessages: [partie3_piece_C_63] 74
[2019.10.30-14.43.41:081][631]LogBlueprintUserMessages: [partie3_piece_C_64] 75
[2019.10.30-14.43.41:081][631]LogBlueprintUserMessages: [partie3_piece_C_65] 76
[2019.10.30-14.43.41:081][631]PIE: Warning: Applying invalid scale V(X=1,041,780.312, Y=1,041,780.312, Z=1,041,780.312) to body StaticMesh
[2019.10.30-14.43.41:081][631]LogBlueprintUserMessages: [partie3_piece_C_66] 77
[2019.10.30-14.43.41:081][631]PIE: Warning: Applying invalid scale V(X=1,250,136.375, Y=1,250,136.375, Z=1,250,136.375) to body StaticMesh
[2019.10.30-14.43.41:082][631]LogBlueprintUserMessages: [partie3_piece_C_72] 78
[2019.10.30-14.43.41:082][631]PIE: Warning: Applying invalid scale V(X=1,500,163.75, Y=1,500,163.75, Z=1,500,163.75) to body StaticMesh
[2019.10.30-14.43.41:082][631]LogBlueprintUserMessages: [partie3_piece_C_73] 79
[2019.10.30-14.43.41:082][631]PIE: Warning: Applying invalid scale V(X=1,800,196.625, Y=1,800,196.625, Z=1,800,196.625) to body StaticMesh
[2019.10.30-14.43.41:082][631]LogBlueprintUserMessages: [partie3_piece_C_74] 80
[2019.10.30-14.43.41:082][631]PIE: Warning: Applying invalid scale V(X=2,160,236.00, Y=2,160,236.00, Z=2,160,236.00) to body StaticMesh
[2019.10.30-14.43.41:082][631]LogBlueprintUserMessages: [partie3_piece_C_75] 81
[2019.10.30-14.43.41:082][631]PIE: Warning: Applying invalid scale V(X=2,592,283.25, Y=2,592,283.25, Z=2,592,283.25) to body StaticMesh
[2019.10.30-14.43.41:082][631]LogActor: Warning: partie1_player_C_0 is outside the world bounds!
