Log file open, 10/30/19 15:43:02
LogWindows: Failed to load 'aqProf.dll' (GetLastError=126)
LogWindows: File 'aqProf.dll' does not exist
LogWindows: Failed to load 'VtuneApi.dll' (GetLastError=126)
LogWindows: File 'VtuneApi.dll' does not exist
LogWindows: Failed to load 'VtuneApi32e.dll' (GetLastError=126)
LogWindows: File 'VtuneApi32e.dll' does not exist
LogConsoleResponse: Display: Failed to find resolution value strings in scalability ini. Falling back to default.
LogInit: Display: Running engine for game: TP2
LogPlatformFile: Not using cached read wrapper
LogTaskGraph: Started task graph with 5 named threads and 23 total threads with 3 sets of task threads.
LogStats: Stats thread started at 0.082455
LogD3D11RHI: Loaded GFSDK_Aftermath_Lib.x64.dll
LogICUInternationalization: ICU TimeZone Detection - Raw Offset: +1:00, Platform Override: ''
LogPluginManager: Mounting plugin Paper2D
LogPluginManager: Mounting plugin AISupport
LogPluginManager: Mounting plugin LightPropagationVolume
LogPluginManager: Mounting plugin ActorLayerUtilities
LogPluginManager: Mounting plugin AnimationSharing
LogPluginManager: Mounting plugin CLionSourceCodeAccess
LogPluginManager: Mounting plugin CodeLiteSourceCodeAccess
LogPluginManager: Mounting plugin GitSourceControl
LogPluginManager: Mounting plugin KDevelopSourceCodeAccess
LogPluginManager: Mounting plugin NullSourceCodeAccess
LogPluginManager: Mounting plugin PerforceSourceControl
LogPluginManager: Mounting plugin SubversionSourceControl
LogPluginManager: Mounting plugin UObjectPlugin
LogPluginManager: Mounting plugin VisualStudioCodeSourceCodeAccess
LogPluginManager: Mounting plugin VisualStudioSourceCodeAccess
LogPluginManager: Mounting plugin XCodeSourceCodeAccess
LogPluginManager: Mounting plugin AssetManagerEditor
LogPluginManager: Mounting plugin CryptoKeys
LogPluginManager: Mounting plugin CurveEditorTools
LogPluginManager: Mounting plugin DataValidation
LogPluginManager: Mounting plugin FacialAnimation
LogPluginManager: Mounting plugin GameplayTagsEditor
LogPluginManager: Mounting plugin MacGraphicsSwitching
LogPluginManager: Mounting plugin MaterialAnalyzer
LogPluginManager: Mounting plugin MobileLauncherProfileWizard
LogPluginManager: Mounting plugin PluginBrowser
LogPluginManager: Mounting plugin SpeedTreeImporter
LogPluginManager: Mounting plugin DatasmithContent
LogPluginManager: Mounting plugin VariantManagerContent
LogPluginManager: Mounting plugin AlembicImporter
LogPluginManager: Mounting plugin AutomationUtils
LogPluginManager: Mounting plugin BackChannel
LogPluginManager: Mounting plugin CharacterAI
LogPluginManager: Mounting plugin GeometryCache
LogPluginManager: Mounting plugin HTML5Networking
LogPluginManager: Mounting plugin PlatformCrypto
LogPluginManager: Mounting plugin ProxyLODPlugin
LogPluginManager: Mounting plugin SkeletalReduction
LogPluginManager: Mounting plugin MagicLeap
LogPluginManager: Mounting plugin MagicLeapMedia
LogPluginManager: Mounting plugin AndroidMedia
LogPluginManager: Mounting plugin AvfMedia
LogPluginManager: Mounting plugin ImgMedia
LogPluginManager: Mounting plugin MediaCompositing
LogPluginManager: Mounting plugin MediaPlayerEditor
LogPluginManager: Mounting plugin WebMMedia
LogPluginManager: Mounting plugin WmfMedia
LogPluginManager: Mounting plugin TcpMessaging
LogPluginManager: Mounting plugin UdpMessaging
LogPluginManager: Mounting plugin ActorSequence
LogPluginManager: Mounting plugin LevelSequenceEditor
LogPluginManager: Mounting plugin MatineeToLevelSequence
LogPluginManager: Mounting plugin NetcodeUnitTest
LogPluginManager: Mounting plugin NUTUnrealEngine4
LogPluginManager: Mounting plugin OnlineSubsystemGooglePlay
LogPluginManager: Mounting plugin OnlineSubsystemIOS
LogPluginManager: Mounting plugin OnlineSubsystem
LogPluginManager: Mounting plugin OnlineSubsystemNull
LogPluginManager: Mounting plugin OnlineSubsystemUtils
LogPluginManager: Mounting plugin LauncherChunkInstaller
LogPluginManager: Mounting plugin AndroidDeviceProfileSelector
LogPluginManager: Mounting plugin AndroidMoviePlayer
LogPluginManager: Mounting plugin AndroidPermission
LogPluginManager: Mounting plugin AppleImageUtils
LogPluginManager: Mounting plugin AppleMoviePlayer
LogPluginManager: Mounting plugin ArchVisCharacter
LogPluginManager: Mounting plugin AudioCapture
LogPluginManager: Mounting plugin CableComponent
LogPluginManager: Mounting plugin CustomMeshComponent
LogPluginManager: Mounting plugin EditableMesh
LogPluginManager: Mounting plugin ExampleDeviceProfileSelector
LogPluginManager: Mounting plugin GoogleCloudMessaging
LogPluginManager: Mounting plugin IOSDeviceProfileSelector
LogPluginManager: Mounting plugin LinuxDeviceProfileSelector
LogPluginManager: Mounting plugin LocationServicesBPLibrary
LogPluginManager: Mounting plugin MobilePatchingUtils
LogPluginManager: Mounting plugin OculusVR
LogPluginManager: Mounting plugin PhysXVehicles
LogPluginManager: Mounting plugin ProceduralMeshComponent
LogPluginManager: Mounting plugin RuntimePhysXCooking
LogPluginManager: Mounting plugin SignificanceManager
LogPluginManager: Mounting plugin SteamVR
LogPluginManager: Mounting plugin WebMMoviePlayer
LogPluginManager: Mounting plugin WindowsMoviePlayer
LogPluginManager: Mounting plugin ScreenshotTools
LogInit: Using libcurl 7.55.1-DEV
LogInit:  - built for x86_64-pc-win32
LogInit:  - supports SSL with OpenSSL/1.1.1
LogInit:  - supports HTTP deflate (compression) using libz 1.2.8
LogInit:  - other features:
LogInit:      CURL_VERSION_SSL
LogInit:      CURL_VERSION_LIBZ
LogInit:      CURL_VERSION_IPV6
LogInit:      CURL_VERSION_ASYNCHDNS
LogInit:      CURL_VERSION_LARGEFILE
LogInit:      CURL_VERSION_IDN
LogInit:  CurlRequestOptions (configurable via config and command line):
LogInit:  - bVerifyPeer = true  - Libcurl will verify peer certificate
LogInit:  - bUseHttpProxy = false  - Libcurl will NOT use HTTP proxy
LogInit:  - bDontReuseConnections = false  - Libcurl will reuse connections
LogInit:  - MaxHostConnections = 16  - Libcurl will limit the number of connections to a host
LogInit:  - LocalHostAddr = Default
LogInit:  - BufferSize = 65536
LogOnline: OSS: Creating online subsystem instance for: NULL
LogInit: WinSock: version 1.1 (2.2), MaxSocks=32767, MaxUdp=65467
LogInit: Build: ++UE4+Release-4.23-CL-8386587
LogInit: Engine Version: 4.23.0-8386587+++UE4+Release-4.23
LogInit: Compatible Engine Version: 4.23.0-8386587+++UE4+Release-4.23
LogInit: Net CL: 8386587
LogInit: OS: Windows 10 (Release 1809) (), CPU:         Intel(R) Core(TM) i7-3770 CPU @ 3.40GHz, GPU: NVIDIA GeForce GTX 560 Ti
LogInit: Compiled (64-bit): Aug 31 2019 02:04:44
LogInit: Compiled with Visual C++: 19.16.27030.01
LogInit: Build Configuration: Development
LogInit: Branch Name: ++UE4+Release-4.23
LogInit: Command Line:  /Game/StarterContent/Maps/Minimal_Default -game -PIEVIACONSOLE -ResX=1280 -ResY=720 -Multiprocess -messaging -SessionName="Play in Standalone Game" -windowed
LogInit: Base Directory: D:/Unreal Engine/UE_4.23/Engine/Binaries/Win64/
LogInit: Installed Engine Build: 1
LogDevObjectVersion: Number of dev versions registered: 23
LogDevObjectVersion:   Dev-Blueprints (B0D832E4-1F89-4F0D-ACCF-7EB736FD4AA2): 10
LogDevObjectVersion:   Dev-Build (E1C64328-A22C-4D53-A36C-8E866417BD8C): 0
LogDevObjectVersion:   Dev-Core (375EC13C-06E4-48FB-B500-84F0262A717E): 3
LogDevObjectVersion:   Dev-Editor (E4B068ED-F494-42E9-A231-DA0B2E46BB41): 34
LogDevObjectVersion:   Dev-Framework (CFFC743F-43B0-4480-9391-14DF171D2073): 35
LogDevObjectVersion:   Dev-Mobile (B02B49B5-BB20-44E9-A304-32B752E40360): 2
LogDevObjectVersion:   Dev-Networking (A4E4105C-59A1-49B5-A7C5-40C4547EDFEE): 0
LogDevObjectVersion:   Dev-Online (39C831C9-5AE6-47DC-9A44-9C173E1C8E7C): 0
LogDevObjectVersion:   Dev-Physics (78F01B33-EBEA-4F98-B9B4-84EACCB95AA2): 0
LogDevObjectVersion:   Dev-Platform (6631380F-2D4D-43E0-8009-CF276956A95A): 0
LogDevObjectVersion:   Dev-Rendering (12F88B9F-8875-4AFC-A67C-D90C383ABD29): 31
LogDevObjectVersion:   Dev-Sequencer (7B5AE74C-D270-4C10-A958-57980B212A5A): 11
LogDevObjectVersion:   Dev-VR (D7296918-1DD6-4BDD-9DE2-64A83CC13884): 2
LogDevObjectVersion:   Dev-LoadTimes (C2A15278-BFE7-4AFE-6C17-90FF531DF755): 1
LogDevObjectVersion:   Private-Geometry (6EACA3D4-40EC-4CC1-B786-8BED09428FC5): 3
LogDevObjectVersion:   Dev-AnimPhys (29E575DD-E0A3-4627-9D10-D276232CDCEA): 17
LogDevObjectVersion:   Dev-Anim (AF43A65D-7FD3-4947-9873-3E8ED9C1BB05): 2
LogDevObjectVersion:   Dev-ReflectionCapture (6B266CEC-1EC7-4B8F-A30B-E4D90942FC07): 1
LogDevObjectVersion:   Dev-Automation (0DF73D61-A23F-47EA-B727-89E90C41499A): 1
LogDevObjectVersion:   FortniteMain (601D1886-AC64-4F84-AA16-D3DE0DEAC7D6): 27
LogDevObjectVersion:   Dev-Enterprise (9DFFBCD6-494F-0158-E221-12823C92A888): 6
LogDevObjectVersion:   Dev-Niagara (F2AED0AC-9AFE-416F-8664-AA7FFA26D6FC): 1
LogDevObjectVersion:   Dev-Destruction (174F1F0B-B4C6-45A5-B13F-2EE8D0FB917D): 9
LogInit: Presizing for max 16777216 objects, including 0 objects not considered by GC, pre-allocating 0 bytes for permanent pool.
LogInit: Object subsystem initialized
LogConfig: Setting CVar [[con.DebugEarlyDefault:1]]
LogConfig: Setting CVar [[r.setres:1280x720]]
[2019.10.30-14.43.03:151][  0]LogConfig: Setting CVar [[con.DebugEarlyDefault:1]]
[2019.10.30-14.43.03:151][  0]LogConfig: Setting CVar [[r.setres:1280x720]]
[2019.10.30-14.43.03:151][  0]LogConfig: Applying CVar settings from Section [/Script/Engine.RendererSettings] File [D:/GAMAGORA/Moteur de jeu/TP2/Saved/Config/Windows/Engine.ini]
[2019.10.30-14.43.03:152][  0]LogConfig: Setting CVar [[r.GPUCrashDebugging:0]]
[2019.10.30-14.43.03:152][  0]LogConfig: Setting CVar [[r.DefaultFeature.AutoExposure.ExtendDefaultLuminanceRange:1]]
[2019.10.30-14.43.03:152][  0]LogConfig: Applying CVar settings from Section [/Script/Engine.RendererOverrideSettings] File [D:/GAMAGORA/Moteur de jeu/TP2/Saved/Config/Windows/Engine.ini]
[2019.10.30-14.43.03:152][  0]LogConfig: Applying CVar settings from Section [/Script/Engine.StreamingSettings] File [D:/GAMAGORA/Moteur de jeu/TP2/Saved/Config/Windows/Engine.ini]
[2019.10.30-14.43.03:152][  0]LogConfig: Setting CVar [[s.MinBulkDataSizeForAsyncLoading:131072]]
[2019.10.30-14.43.03:152][  0]LogConfig: Setting CVar [[s.AsyncLoadingThreadEnabled:0]]
[2019.10.30-14.43.03:152][  0]LogConfig: Setting CVar [[s.EventDrivenLoaderEnabled:1]]
[2019.10.30-14.43.03:152][  0]LogConfig: Setting CVar [[s.WarnIfTimeLimitExceeded:0]]
[2019.10.30-14.43.03:152][  0]LogConfig: Setting CVar [[s.TimeLimitExceededMultiplier:1.5]]
[2019.10.30-14.43.03:152][  0]LogConfig: Setting CVar [[s.TimeLimitExceededMinTime:0.005]]
[2019.10.30-14.43.03:152][  0]LogConfig: Setting CVar [[s.UseBackgroundLevelStreaming:1]]
[2019.10.30-14.43.03:152][  0]LogConfig: Setting CVar [[s.PriorityAsyncLoadingExtraTime:15.0]]
[2019.10.30-14.43.03:152][  0]LogConfig: Setting CVar [[s.LevelStreamingActorsUpdateTimeLimit:5.0]]
[2019.10.30-14.43.03:152][  0]LogConfig: Setting CVar [[s.PriorityLevelStreamingActorsUpdateExtraTime:5.0]]
[2019.10.30-14.43.03:152][  0]LogConfig: Setting CVar [[s.LevelStreamingComponentsRegistrationGranularity:10]]
[2019.10.30-14.43.03:152][  0]LogConfig: Setting CVar [[s.UnregisterComponentsTimeLimit:1.0]]
[2019.10.30-14.43.03:152][  0]LogConfig: Setting CVar [[s.LevelStreamingComponentsUnregistrationGranularity:5]]
[2019.10.30-14.43.03:152][  0]LogConfig: Applying CVar settings from Section [/Script/Engine.GarbageCollectionSettings] File [D:/GAMAGORA/Moteur de jeu/TP2/Saved/Config/Windows/Engine.ini]
[2019.10.30-14.43.03:152][  0]LogConfig: Setting CVar [[gc.MaxObjectsNotConsideredByGC:1]]
[2019.10.30-14.43.03:152][  0]LogConfig: Setting CVar [[gc.SizeOfPermanentObjectPool:0]]
[2019.10.30-14.43.03:152][  0]LogConfig: Setting CVar [[gc.FlushStreamingOnGC:0]]
[2019.10.30-14.43.03:152][  0]LogConfig: Setting CVar [[gc.NumRetriesBeforeForcingGC:10]]
[2019.10.30-14.43.03:152][  0]LogConfig: Setting CVar [[gc.AllowParallelGC:1]]
[2019.10.30-14.43.03:152][  0]LogConfig: Setting CVar [[gc.TimeBetweenPurgingPendingKillObjects:61.1]]
[2019.10.30-14.43.03:152][  0]LogConfig: Setting CVar [[gc.MaxObjectsInEditor:16777216]]
[2019.10.30-14.43.03:152][  0]LogConfig: Setting CVar [[gc.IncrementalBeginDestroyEnabled:1]]
[2019.10.30-14.43.03:152][  0]LogConfig: Setting CVar [[gc.CreateGCClusters:1]]
[2019.10.30-14.43.03:152][  0]LogConfig: Setting CVar [[gc.MinGCClusterSize:5]]
[2019.10.30-14.43.03:152][  0]LogConfig: Setting CVar [[gc.ActorClusteringEnabled:0]]
[2019.10.30-14.43.03:152][  0]LogConfig: Setting CVar [[gc.BlueprintClusteringEnabled:0]]
[2019.10.30-14.43.03:152][  0]LogConfig: Setting CVar [[gc.UseDisregardForGCOnDedicatedServers:0]]
[2019.10.30-14.43.03:152][  0]LogConfig: Applying CVar settings from Section [/Script/Engine.NetworkSettings] File [D:/GAMAGORA/Moteur de jeu/TP2/Saved/Config/Windows/Engine.ini]
[2019.10.30-14.43.03:152][  0]LogConfig: Applying CVar settings from Section [/Script/UnrealEd.CookerSettings] File [D:/GAMAGORA/Moteur de jeu/TP2/Saved/Config/Windows/Engine.ini]
[2019.10.30-14.43.03:157][  0]LogConfig: Applying CVar settings from Section [ViewDistanceQuality@3] File [D:/GAMAGORA/Moteur de jeu/TP2/Saved/Config/Windows/Scalability.ini]
[2019.10.30-14.43.03:157][  0]LogConfig: Setting CVar [[r.SkeletalMeshLODBias:0]]
[2019.10.30-14.43.03:157][  0]LogConfig: Setting CVar [[r.ViewDistanceScale:1.0]]
[2019.10.30-14.43.03:157][  0]LogConfig: Applying CVar settings from Section [AntiAliasingQuality@3] File [D:/GAMAGORA/Moteur de jeu/TP2/Saved/Config/Windows/Scalability.ini]
[2019.10.30-14.43.03:157][  0]LogConfig: Setting CVar [[r.PostProcessAAQuality:4]]
[2019.10.30-14.43.03:157][  0]LogConfig: Applying CVar settings from Section [ShadowQuality@3] File [D:/GAMAGORA/Moteur de jeu/TP2/Saved/Config/Windows/Scalability.ini]
[2019.10.30-14.43.03:157][  0]LogConfig: Setting CVar [[r.LightFunctionQuality:1]]
[2019.10.30-14.43.03:157][  0]LogConfig: Setting CVar [[r.ShadowQuality:5]]
[2019.10.30-14.43.03:157][  0]LogConfig: Setting CVar [[r.Shadow.CSM.MaxCascades:10]]
[2019.10.30-14.43.03:157][  0]LogConfig: Setting CVar [[r.Shadow.MaxResolution:2048]]
[2019.10.30-14.43.03:157][  0]LogConfig: Setting CVar [[r.Shadow.MaxCSMResolution:2048]]
[2019.10.30-14.43.03:157][  0]LogConfig: Setting CVar [[r.Shadow.RadiusThreshold:0.01]]
[2019.10.30-14.43.03:157][  0]LogConfig: Setting CVar [[r.Shadow.DistanceScale:1.0]]
[2019.10.30-14.43.03:157][  0]LogConfig: Setting CVar [[r.Shadow.CSM.TransitionScale:1.0]]
[2019.10.30-14.43.03:157][  0]LogConfig: Setting CVar [[r.Shadow.PreShadowResolutionFactor:1.0]]
[2019.10.30-14.43.03:157][  0]LogConfig: Setting CVar [[r.DistanceFieldShadowing:1]]
[2019.10.30-14.43.03:157][  0]LogConfig: Setting CVar [[r.DistanceFieldAO:1]]
[2019.10.30-14.43.03:157][  0]LogConfig: Setting CVar [[r.AOQuality:2]]
[2019.10.30-14.43.03:157][  0]LogConfig: Setting CVar [[r.VolumetricFog:1]]
[2019.10.30-14.43.03:157][  0]LogConfig: Setting CVar [[r.VolumetricFog.GridPixelSize:8]]
[2019.10.30-14.43.03:157][  0]LogConfig: Setting CVar [[r.VolumetricFog.GridSizeZ:128]]
[2019.10.30-14.43.03:157][  0]LogConfig: Setting CVar [[r.VolumetricFog.HistoryMissSupersampleCount:4]]
[2019.10.30-14.43.03:157][  0]LogConfig: Setting CVar [[r.LightMaxDrawDistanceScale:1]]
[2019.10.30-14.43.03:157][  0]LogConfig: Setting CVar [[r.CapsuleShadows:1]]
[2019.10.30-14.43.03:157][  0]LogConfig: Applying CVar settings from Section [PostProcessQuality@3] File [D:/GAMAGORA/Moteur de jeu/TP2/Saved/Config/Windows/Scalability.ini]
[2019.10.30-14.43.03:157][  0]LogConfig: Setting CVar [[r.MotionBlurQuality:4]]
[2019.10.30-14.43.03:157][  0]LogConfig: Setting CVar [[r.AmbientOcclusionMipLevelFactor:0.4]]
[2019.10.30-14.43.03:157][  0]LogConfig: Setting CVar [[r.AmbientOcclusionMaxQuality:100]]
[2019.10.30-14.43.03:157][  0]LogConfig: Setting CVar [[r.AmbientOcclusionLevels:-1]]
[2019.10.30-14.43.03:157][  0]LogConfig: Setting CVar [[r.AmbientOcclusionRadiusScale:1.0]]
[2019.10.30-14.43.03:157][  0]LogConfig: Setting CVar [[r.DepthOfFieldQuality:2]]
[2019.10.30-14.43.03:157][  0]LogConfig: Setting CVar [[r.RenderTargetPoolMin:400]]
[2019.10.30-14.43.03:157][  0]LogConfig: Setting CVar [[r.LensFlareQuality:2]]
[2019.10.30-14.43.03:157][  0]LogConfig: Setting CVar [[r.SceneColorFringeQuality:1]]
[2019.10.30-14.43.03:157][  0]LogConfig: Setting CVar [[r.EyeAdaptationQuality:2]]
[2019.10.30-14.43.03:157][  0]LogConfig: Setting CVar [[r.BloomQuality:5]]
[2019.10.30-14.43.03:157][  0]LogConfig: Setting CVar [[r.FastBlurThreshold:100]]
[2019.10.30-14.43.03:157][  0]LogConfig: Setting CVar [[r.Upscale.Quality:3]]
[2019.10.30-14.43.03:157][  0]LogConfig: Setting CVar [[r.Tonemapper.GrainQuantization:1]]
[2019.10.30-14.43.03:157][  0]LogConfig: Setting CVar [[r.LightShaftQuality:1]]
[2019.10.30-14.43.03:158][  0]LogConfig: Setting CVar [[r.Filter.SizeScale:1]]
[2019.10.30-14.43.03:158][  0]LogConfig: Setting CVar [[r.Tonemapper.Quality:5]]
[2019.10.30-14.43.03:158][  0]LogConfig: Setting CVar [[r.DOF.Gather.AccumulatorQuality:1        ; higher gathering accumulator quality]]
[2019.10.30-14.43.03:158][  0]LogConfig: Setting CVar [[r.DOF.Gather.PostfilterMethod:1          ; Median3x3 postfilering method]]
[2019.10.30-14.43.03:158][  0]LogConfig: Setting CVar [[r.DOF.Gather.EnableBokehSettings:0       ; no bokeh simulation when gathering]]
[2019.10.30-14.43.03:158][  0]LogConfig: Setting CVar [[r.DOF.Gather.RingCount:4                 ; medium number of samples when gathering]]
[2019.10.30-14.43.03:158][  0]LogConfig: Setting CVar [[r.DOF.Scatter.ForegroundCompositing:1    ; additive foreground scattering]]
[2019.10.30-14.43.03:158][  0]LogConfig: Setting CVar [[r.DOF.Scatter.BackgroundCompositing:2    ; additive background scattering]]
[2019.10.30-14.43.03:158][  0]LogConfig: Setting CVar [[r.DOF.Scatter.EnableBokehSettings:1      ; bokeh simulation when scattering]]
[2019.10.30-14.43.03:158][  0]LogConfig: Setting CVar [[r.DOF.Scatter.MaxSpriteRatio:0.1         ; only a maximum of 10% of scattered bokeh]]
[2019.10.30-14.43.03:158][  0]LogConfig: Setting CVar [[r.DOF.Recombine.Quality:1                ; cheap slight out of focus]]
[2019.10.30-14.43.03:158][  0]LogConfig: Setting CVar [[r.DOF.Recombine.EnableBokehSettings:0    ; no bokeh simulation on slight out of focus]]
[2019.10.30-14.43.03:158][  0]LogConfig: Setting CVar [[r.DOF.TemporalAAQuality:1                ; more stable temporal accumulation]]
[2019.10.30-14.43.03:158][  0]LogConfig: Setting CVar [[r.DOF.Kernel.MaxForegroundRadius:0.025]]
[2019.10.30-14.43.03:158][  0]LogConfig: Setting CVar [[r.DOF.Kernel.MaxBackgroundRadius:0.025]]
[2019.10.30-14.43.03:158][  0]LogConfig: Applying CVar settings from Section [TextureQuality@3] File [D:/GAMAGORA/Moteur de jeu/TP2/Saved/Config/Windows/Scalability.ini]
[2019.10.30-14.43.03:158][  0]LogConfig: Setting CVar [[r.Streaming.MipBias:0]]
[2019.10.30-14.43.03:158][  0]LogConfig: Setting CVar [[r.Streaming.AmortizeCPUToGPUCopy:0]]
[2019.10.30-14.43.03:158][  0]LogConfig: Setting CVar [[r.Streaming.MaxNumTexturesToStreamPerFrame:0]]
[2019.10.30-14.43.03:158][  0]LogConfig: Setting CVar [[r.Streaming.Boost:1]]
[2019.10.30-14.43.03:158][  0]LogConfig: Setting CVar [[r.MaxAnisotropy:8]]
[2019.10.30-14.43.03:158][  0]LogConfig: Setting CVar [[r.Streaming.LimitPoolSizeToVRAM:0]]
[2019.10.30-14.43.03:158][  0]LogConfig: Setting CVar [[r.Streaming.PoolSize:1000]]
[2019.10.30-14.43.03:158][  0]LogConfig: Setting CVar [[r.Streaming.MaxEffectiveScreenSize:0]]
[2019.10.30-14.43.03:158][  0]LogConfig: Applying CVar settings from Section [EffectsQuality@3] File [D:/GAMAGORA/Moteur de jeu/TP2/Saved/Config/Windows/Scalability.ini]
[2019.10.30-14.43.03:158][  0]LogConfig: Setting CVar [[r.TranslucencyLightingVolumeDim:64]]
[2019.10.30-14.43.03:158][  0]LogConfig: Setting CVar [[r.RefractionQuality:2]]
[2019.10.30-14.43.03:158][  0]LogConfig: Setting CVar [[r.SSR.Quality:3]]
[2019.10.30-14.43.03:158][  0]LogConfig: Setting CVar [[r.SceneColorFormat:4]]
[2019.10.30-14.43.03:158][  0]LogConfig: Setting CVar [[r.DetailMode:2]]
[2019.10.30-14.43.03:158][  0]LogConfig: Setting CVar [[r.TranslucencyVolumeBlur:1]]
[2019.10.30-14.43.03:158][  0]LogConfig: Setting CVar [[r.MaterialQualityLevel:1 ; High quality]]
[2019.10.30-14.43.03:158][  0]LogConfig: Setting CVar [[r.SSS.Scale:1]]
[2019.10.30-14.43.03:158][  0]LogConfig: Setting CVar [[r.SSS.SampleSet:2]]
[2019.10.30-14.43.03:158][  0]LogConfig: Setting CVar [[r.SSS.Quality:1]]
[2019.10.30-14.43.03:158][  0]LogConfig: Setting CVar [[r.SSS.HalfRes:1]]
[2019.10.30-14.43.03:158][  0]LogConfig: Setting CVar [[r.EmitterSpawnRateScale:1.0]]
[2019.10.30-14.43.03:158][  0]LogConfig: Setting CVar [[r.ParticleLightQuality:2]]
[2019.10.30-14.43.03:158][  0]LogConfig: Applying CVar settings from Section [FoliageQuality@3] File [D:/GAMAGORA/Moteur de jeu/TP2/Saved/Config/Windows/Scalability.ini]
[2019.10.30-14.43.03:158][  0]LogConfig: Setting CVar [[foliage.DensityScale:1.0]]
[2019.10.30-14.43.03:158][  0]LogConfig: Setting CVar [[grass.DensityScale:1.0]]
[2019.10.30-14.43.03:158][  0]LogInit: Selected Device Profile: [Windows]
[2019.10.30-14.43.03:158][  0]LogInit: Applying CVar settings loaded from the selected device profile: [Windows]
[2019.10.30-14.43.03:161][  0]LogHAL: Display: Platform has ~ 16 GB [17139830784 / 17179869184 / 16], which maps to Larger [LargestMinGB=32, LargerMinGB=12, DefaultMinGB=8, SmallerMinGB=6, SmallestMinGB=0)
[2019.10.30-14.43.03:161][  0]LogInit: Going up to parent DeviceProfile []
[2019.10.30-14.43.03:161][  0]LogConfig: Applying CVar settings from Section [ViewDistanceQuality@3] File [D:/GAMAGORA/Moteur de jeu/TP2/Saved/Config/Windows/Scalability.ini]
[2019.10.30-14.43.03:161][  0]LogConfig: Setting CVar [[r.SkeletalMeshLODBias:0]]
[2019.10.30-14.43.03:162][  0]LogConfig: Setting CVar [[r.ViewDistanceScale:1.0]]
[2019.10.30-14.43.03:162][  0]LogConfig: Applying CVar settings from Section [AntiAliasingQuality@3] File [D:/GAMAGORA/Moteur de jeu/TP2/Saved/Config/Windows/Scalability.ini]
[2019.10.30-14.43.03:162][  0]LogConfig: Setting CVar [[r.PostProcessAAQuality:4]]
[2019.10.30-14.43.03:162][  0]LogConfig: Applying CVar settings from Section [ShadowQuality@3] File [D:/GAMAGORA/Moteur de jeu/TP2/Saved/Config/Windows/Scalability.ini]
[2019.10.30-14.43.03:162][  0]LogConfig: Setting CVar [[r.LightFunctionQuality:1]]
[2019.10.30-14.43.03:162][  0]LogConfig: Setting CVar [[r.ShadowQuality:5]]
[2019.10.30-14.43.03:162][  0]LogConfig: Setting CVar [[r.Shadow.CSM.MaxCascades:10]]
[2019.10.30-14.43.03:162][  0]LogConfig: Setting CVar [[r.Shadow.MaxResolution:2048]]
[2019.10.30-14.43.03:162][  0]LogConfig: Setting CVar [[r.Shadow.MaxCSMResolution:2048]]
[2019.10.30-14.43.03:162][  0]LogConfig: Setting CVar [[r.Shadow.RadiusThreshold:0.01]]
[2019.10.30-14.43.03:162][  0]LogConfig: Setting CVar [[r.Shadow.DistanceScale:1.0]]
[2019.10.30-14.43.03:162][  0]LogConfig: Setting CVar [[r.Shadow.CSM.TransitionScale:1.0]]
[2019.10.30-14.43.03:162][  0]LogConfig: Setting CVar [[r.Shadow.PreShadowResolutionFactor:1.0]]
[2019.10.30-14.43.03:162][  0]LogConfig: Setting CVar [[r.DistanceFieldShadowing:1]]
[2019.10.30-14.43.03:162][  0]LogConfig: Setting CVar [[r.DistanceFieldAO:1]]
[2019.10.30-14.43.03:162][  0]LogConfig: Setting CVar [[r.AOQuality:2]]
[2019.10.30-14.43.03:162][  0]LogConfig: Setting CVar [[r.VolumetricFog:1]]
[2019.10.30-14.43.03:162][  0]LogConfig: Setting CVar [[r.VolumetricFog.GridPixelSize:8]]
[2019.10.30-14.43.03:162][  0]LogConfig: Setting CVar [[r.VolumetricFog.GridSizeZ:128]]
[2019.10.30-14.43.03:162][  0]LogConfig: Setting CVar [[r.VolumetricFog.HistoryMissSupersampleCount:4]]
[2019.10.30-14.43.03:162][  0]LogConfig: Setting CVar [[r.LightMaxDrawDistanceScale:1]]
[2019.10.30-14.43.03:162][  0]LogConfig: Setting CVar [[r.CapsuleShadows:1]]
[2019.10.30-14.43.03:162][  0]LogConfig: Applying CVar settings from Section [PostProcessQuality@3] File [D:/GAMAGORA/Moteur de jeu/TP2/Saved/Config/Windows/Scalability.ini]
[2019.10.30-14.43.03:162][  0]LogConfig: Setting CVar [[r.MotionBlurQuality:4]]
[2019.10.30-14.43.03:162][  0]LogConfig: Setting CVar [[r.AmbientOcclusionMipLevelFactor:0.4]]
[2019.10.30-14.43.03:162][  0]LogConfig: Setting CVar [[r.AmbientOcclusionMaxQuality:100]]
[2019.10.30-14.43.03:162][  0]LogConfig: Setting CVar [[r.AmbientOcclusionLevels:-1]]
[2019.10.30-14.43.03:162][  0]LogConfig: Setting CVar [[r.AmbientOcclusionRadiusScale:1.0]]
[2019.10.30-14.43.03:162][  0]LogConfig: Setting CVar [[r.DepthOfFieldQuality:2]]
[2019.10.30-14.43.03:162][  0]LogConfig: Setting CVar [[r.RenderTargetPoolMin:400]]
[2019.10.30-14.43.03:162][  0]LogConfig: Setting CVar [[r.LensFlareQuality:2]]
[2019.10.30-14.43.03:162][  0]LogConfig: Setting CVar [[r.SceneColorFringeQuality:1]]
[2019.10.30-14.43.03:162][  0]LogConfig: Setting CVar [[r.EyeAdaptationQuality:2]]
[2019.10.30-14.43.03:162][  0]LogConfig: Setting CVar [[r.BloomQuality:5]]
[2019.10.30-14.43.03:162][  0]LogConfig: Setting CVar [[r.FastBlurThreshold:100]]
[2019.10.30-14.43.03:162][  0]LogConfig: Setting CVar [[r.Upscale.Quality:3]]
[2019.10.30-14.43.03:162][  0]LogConfig: Setting CVar [[r.Tonemapper.GrainQuantization:1]]
[2019.10.30-14.43.03:162][  0]LogConfig: Setting CVar [[r.LightShaftQuality:1]]
[2019.10.30-14.43.03:162][  0]LogConfig: Setting CVar [[r.Filter.SizeScale:1]]
[2019.10.30-14.43.03:162][  0]LogConfig: Setting CVar [[r.Tonemapper.Quality:5]]
[2019.10.30-14.43.03:162][  0]LogConfig: Setting CVar [[r.DOF.Gather.AccumulatorQuality:1        ; higher gathering accumulator quality]]
[2019.10.30-14.43.03:162][  0]LogConfig: Setting CVar [[r.DOF.Gather.PostfilterMethod:1          ; Median3x3 postfilering method]]
[2019.10.30-14.43.03:162][  0]LogConfig: Setting CVar [[r.DOF.Gather.EnableBokehSettings:0       ; no bokeh simulation when gathering]]
[2019.10.30-14.43.03:162][  0]LogConfig: Setting CVar [[r.DOF.Gather.RingCount:4                 ; medium number of samples when gathering]]
[2019.10.30-14.43.03:162][  0]LogConfig: Setting CVar [[r.DOF.Scatter.ForegroundCompositing:1    ; additive foreground scattering]]
[2019.10.30-14.43.03:162][  0]LogConfig: Setting CVar [[r.DOF.Scatter.BackgroundCompositing:2    ; additive background scattering]]
[2019.10.30-14.43.03:162][  0]LogConfig: Setting CVar [[r.DOF.Scatter.EnableBokehSettings:1      ; bokeh simulation when scattering]]
[2019.10.30-14.43.03:162][  0]LogConfig: Setting CVar [[r.DOF.Scatter.MaxSpriteRatio:0.1         ; only a maximum of 10% of scattered bokeh]]
[2019.10.30-14.43.03:162][  0]LogConfig: Setting CVar [[r.DOF.Recombine.Quality:1                ; cheap slight out of focus]]
[2019.10.30-14.43.03:162][  0]LogConfig: Setting CVar [[r.DOF.Recombine.EnableBokehSettings:0    ; no bokeh simulation on slight out of focus]]
[2019.10.30-14.43.03:162][  0]LogConfig: Setting CVar [[r.DOF.TemporalAAQuality:1                ; more stable temporal accumulation]]
[2019.10.30-14.43.03:162][  0]LogConfig: Setting CVar [[r.DOF.Kernel.MaxForegroundRadius:0.025]]
[2019.10.30-14.43.03:162][  0]LogConfig: Setting CVar [[r.DOF.Kernel.MaxBackgroundRadius:0.025]]
[2019.10.30-14.43.03:162][  0]LogConfig: Applying CVar settings from Section [TextureQuality@3] File [D:/GAMAGORA/Moteur de jeu/TP2/Saved/Config/Windows/Scalability.ini]
[2019.10.30-14.43.03:162][  0]LogConfig: Setting CVar [[r.Streaming.MipBias:0]]
[2019.10.30-14.43.03:163][  0]LogConfig: Setting CVar [[r.Streaming.AmortizeCPUToGPUCopy:0]]
[2019.10.30-14.43.03:163][  0]LogConfig: Setting CVar [[r.Streaming.MaxNumTexturesToStreamPerFrame:0]]
[2019.10.30-14.43.03:163][  0]LogConfig: Setting CVar [[r.Streaming.Boost:1]]
[2019.10.30-14.43.03:163][  0]LogConfig: Setting CVar [[r.MaxAnisotropy:8]]
[2019.10.30-14.43.03:163][  0]LogConfig: Setting CVar [[r.Streaming.LimitPoolSizeToVRAM:0]]
[2019.10.30-14.43.03:163][  0]LogConfig: Setting CVar [[r.Streaming.PoolSize:1000]]
[2019.10.30-14.43.03:163][  0]LogConfig: Setting CVar [[r.Streaming.MaxEffectiveScreenSize:0]]
[2019.10.30-14.43.03:163][  0]LogConfig: Applying CVar settings from Section [EffectsQuality@3] File [D:/GAMAGORA/Moteur de jeu/TP2/Saved/Config/Windows/Scalability.ini]
[2019.10.30-14.43.03:163][  0]LogConfig: Setting CVar [[r.TranslucencyLightingVolumeDim:64]]
[2019.10.30-14.43.03:163][  0]LogConfig: Setting CVar [[r.RefractionQuality:2]]
[2019.10.30-14.43.03:163][  0]LogConfig: Setting CVar [[r.SSR.Quality:3]]
[2019.10.30-14.43.03:163][  0]LogConfig: Setting CVar [[r.SceneColorFormat:4]]
[2019.10.30-14.43.03:163][  0]LogConfig: Setting CVar [[r.DetailMode:2]]
[2019.10.30-14.43.03:163][  0]LogConfig: Setting CVar [[r.TranslucencyVolumeBlur:1]]
[2019.10.30-14.43.03:163][  0]LogConfig: Setting CVar [[r.MaterialQualityLevel:1 ; High quality]]
[2019.10.30-14.43.03:163][  0]LogConfig: Setting CVar [[r.SSS.Scale:1]]
[2019.10.30-14.43.03:163][  0]LogConfig: Setting CVar [[r.SSS.SampleSet:2]]
[2019.10.30-14.43.03:163][  0]LogConfig: Setting CVar [[r.SSS.Quality:1]]
[2019.10.30-14.43.03:163][  0]LogConfig: Setting CVar [[r.SSS.HalfRes:1]]
[2019.10.30-14.43.03:163][  0]LogConfig: Setting CVar [[r.EmitterSpawnRateScale:1.0]]
[2019.10.30-14.43.03:163][  0]LogConfig: Setting CVar [[r.ParticleLightQuality:2]]
[2019.10.30-14.43.03:163][  0]LogConfig: Applying CVar settings from Section [FoliageQuality@3] File [D:/GAMAGORA/Moteur de jeu/TP2/Saved/Config/Windows/Scalability.ini]
[2019.10.30-14.43.03:163][  0]LogConfig: Setting CVar [[foliage.DensityScale:1.0]]
[2019.10.30-14.43.03:163][  0]LogConfig: Setting CVar [[grass.DensityScale:1.0]]
[2019.10.30-14.43.03:163][  0]LogConfig: Applying CVar settings from Section [Startup] File [../../../Engine/Config/ConsoleVariables.ini]
[2019.10.30-14.43.03:164][  0]LogConfig: Setting CVar [[net.UseAdaptiveNetUpdateFrequency:0]]
[2019.10.30-14.43.03:164][  0]LogConfig: Setting CVar [[p.chaos.AllowCreatePhysxBodies:1]]
[2019.10.30-14.43.03:164][  0]LogConfig: Applying CVar settings from Section [ConsoleVariables] File [D:/GAMAGORA/Moteur de jeu/TP2/Saved/Config/Windows/Engine.ini]
[2019.10.30-14.43.03:164][  0]LogInit: Computer: PBIMOC41225
[2019.10.30-14.43.03:164][  0]LogInit: User: lveyssiere
[2019.10.30-14.43.03:164][  0]LogInit: CPU Page size=4096, Cores=4
[2019.10.30-14.43.03:164][  0]LogInit: High frequency timer resolution =10.000000 MHz
[2019.10.30-14.43.03:164][  0]LogMemory: Memory total: Physical=16.0GB (16GB approx)
[2019.10.30-14.43.03:164][  0]LogMemory: Platform Memory Stats for Windows
[2019.10.30-14.43.03:164][  0]LogMemory: Process Physical Memory: 101.02 MB used, 101.02 MB peak
[2019.10.30-14.43.03:164][  0]LogMemory: Process Virtual Memory: 100.41 MB used, 100.41 MB peak
[2019.10.30-14.43.03:164][  0]LogMemory: Physical Memory: 6076.86 MB used,  10268.96 MB free, 16345.82 MB total
[2019.10.30-14.43.03:164][  0]LogMemory: Virtual Memory: 4682.78 MB used,  134213048.00 MB free, 134217728.00 MB total
[2019.10.30-14.43.03:168][  0]LogWindows: WindowsPlatformFeatures enabled
[2019.10.30-14.43.03:190][  0]LogInit: Using OS detected language (fr-FR).
[2019.10.30-14.43.03:190][  0]LogInit: Using OS detected locale (fr-FR).
[2019.10.30-14.43.03:190][  0]LogTextLocalizationManager: No specific localization for 'fr-FR' exists, so the 'fr' localization will be used.
[2019.10.30-14.43.03:191][  0]LogTextLocalizationResource: LocRes '../../../Engine/Content/Localization/Editor/fr/Editor.locres' could not be opened for reading!
[2019.10.30-14.43.03:191][  0]LogTextLocalizationResource: LocRes '../../../Engine/Content/Localization/EditorTutorials/fr/EditorTutorials.locres' could not be opened for reading!
[2019.10.30-14.43.03:191][  0]LogTextLocalizationResource: LocRes '../../../Engine/Content/Localization/Keywords/fr/Keywords.locres' could not be opened for reading!
[2019.10.30-14.43.03:192][  0]LogTextLocalizationResource: LocRes '../../../Engine/Content/Localization/Category/fr/Category.locres' could not be opened for reading!
[2019.10.30-14.43.03:192][  0]LogTextLocalizationResource: LocRes '../../../Engine/Content/Localization/ToolTips/fr/ToolTips.locres' could not be opened for reading!
[2019.10.30-14.43.03:192][  0]LogTextLocalizationResource: LocRes '../../../Engine/Content/Localization/PropertyNames/fr/PropertyNames.locres' could not be opened for reading!
[2019.10.30-14.43.03:192][  0]LogTextLocalizationResource: LocRes '../../../Engine/Content/Localization/Engine/fr/Engine.locres' could not be opened for reading!
[2019.10.30-14.43.03:221][  0]LogSlate: New Slate User Created.  User Index 0, Is Virtual User: 0
[2019.10.30-14.43.03:221][  0]LogSlate: Slate User Registered.  User Index 0, Is Virtual User: 0
[2019.10.30-14.43.03:231][  0]LogHMD: Failed to initialize OpenVR with code 110
[2019.10.30-14.43.03:231][  0]LogD3D11RHI: D3D11 adapters:
[2019.10.30-14.43.03:253][  0]LogD3D11RHI:    0. 'NVIDIA GeForce GTX 560 Ti' (Feature Level 11_0)
[2019.10.30-14.43.03:253][  0]LogD3D11RHI:       978/0/8172 MB DedicatedVideo/DedicatedSystem/SharedSystem, Outputs:2, VendorId:0x10de
[2019.10.30-14.43.03:255][  0]LogD3D11RHI:    1. 'Microsoft Basic Render Driver' (Feature Level 11_0)
[2019.10.30-14.43.03:255][  0]LogD3D11RHI:       0/0/8172 MB DedicatedVideo/DedicatedSystem/SharedSystem, Outputs:0, VendorId:0x1414
[2019.10.30-14.43.03:255][  0]LogD3D11RHI: Chosen D3D11 Adapter: 0
[2019.10.30-14.43.03:260][  0]LogD3D11RHI: Creating new Direct3DDevice
[2019.10.30-14.43.03:260][  0]LogD3D11RHI:     GPU DeviceId: 0x1200 (for the marketing name, search the web for "GPU Device Id")
[2019.10.30-14.43.03:260][  0]LogWindows: EnumDisplayDevices:
[2019.10.30-14.43.03:261][  0]LogWindows:    0. 'NVIDIA GeForce GTX 560 Ti' (P:0 D:1)
[2019.10.30-14.43.03:261][  0]LogWindows:    1. 'NVIDIA GeForce GTX 560 Ti' (P:1 D:1)
[2019.10.30-14.43.03:261][  0]LogWindows: DebugString: FoundDriverCount:2 
[2019.10.30-14.43.03:261][  0]LogD3D11RHI:     Adapter Name: NVIDIA GeForce GTX 560 Ti
[2019.10.30-14.43.03:261][  0]LogD3D11RHI:   Driver Version: 376.54 (internal:21.21.13.7654, unified:376.54)
[2019.10.30-14.43.03:261][  0]LogD3D11RHI:      Driver Date: 12-29-2016
[2019.10.30-14.43.03:261][  0]LogRHI: Texture pool is 684 MB (70% of 978 MB)
[2019.10.30-14.43.03:281][  0]LogD3D11RHI: Display: Timestamp queries are currently disabled on this hardware due to instability. Realtime GPU stats will not be available. You can override this behaviour by setting r.NVIDIATimestampWorkaround to 0
[2019.10.30-14.43.03:281][  0]LogD3D11RHI: Async texture creation enabled
[2019.10.30-14.43.03:293][  0]LogD3D11RHI: GPU Timing Frequency: 1000.000000 (Debug: 2 1)
[2019.10.30-14.43.03:723][  0]LogTemp: Display: Module 'WindowsClientTargetPlatform' loaded TargetPlatform 'WindowsClient'
[2019.10.30-14.43.03:731][  0]LogTemp: Display: Module 'WindowsNoEditorTargetPlatform' loaded TargetPlatform 'WindowsNoEditor'
[2019.10.30-14.43.03:739][  0]LogTemp: Display: Module 'WindowsServerTargetPlatform' loaded TargetPlatform 'WindowsServer'
[2019.10.30-14.43.03:743][  0]LogTemp: Display: Module 'WindowsTargetPlatform' loaded TargetPlatform 'Windows'
[2019.10.30-14.43.03:743][  0]LogTargetPlatformManager: Display: Building Assets For Windows
[2019.10.30-14.43.03:750][  0]LogAudioDebug: Display: Lib vorbis DLL was dynamically loaded.
[2019.10.30-14.43.03:790][  0]LogShaderCompilers: Guid format shader working directory is 9 characters bigger than the processId version (../../../../../GAMAGORA/Moteur de jeu/TP2/Intermediate/Shaders/WorkingDirectory/18708/).
[2019.10.30-14.43.03:790][  0]LogShaderCompilers: Cleaned the shader compiler working directory 'C:/Users/lveyssiere/AppData/Local/Temp/UnrealShaderWorkingDir/6DE9298A4C2637352D7284B1993ACE21/'.
[2019.10.30-14.43.03:792][  0]LogXGEController: Cannot use XGE Controller as Incredibuild is not installed on this machine.
[2019.10.30-14.43.03:792][  0]LogShaderCompilers: Cannot use XGE Shader Compiler as Incredibuild is not installed on this machine.
[2019.10.30-14.43.03:792][  0]LogShaderCompilers: Display: Using Local Shader Compiler.
[2019.10.30-14.43.04:456][  0]LogDerivedDataCache: Display: Max Cache Size: 512 MB
[2019.10.30-14.43.04:516][  0]LogDerivedDataCache: Loaded boot cache 0.06s 73MB C:/Users/lveyssiere/AppData/Local/UnrealEngine/4.23/DerivedDataCache/Boot.ddc.
[2019.10.30-14.43.04:516][  0]LogDerivedDataCache: Display: Loaded Boot cache: C:/Users/lveyssiere/AppData/Local/UnrealEngine/4.23/DerivedDataCache/Boot.ddc
[2019.10.30-14.43.04:516][  0]LogDerivedDataCache: FDerivedDataBackendGraph:  Pak pak cache file ../../../../../GAMAGORA/Moteur de jeu/TP2/DerivedDataCache/DDC.ddp not found, will not use a pak cache.
[2019.10.30-14.43.04:516][  0]LogDerivedDataCache: Unable to find inner node Pak for hierarchical cache Hierarchy.
[2019.10.30-14.43.04:516][  0]LogDerivedDataCache: FDerivedDataBackendGraph:  CompressedPak pak cache file ../../../../../GAMAGORA/Moteur de jeu/TP2/DerivedDataCache/Compressed.ddp not found, will not use a pak cache.
[2019.10.30-14.43.04:517][  0]LogDerivedDataCache: Unable to find inner node CompressedPak for hierarchical cache Hierarchy.
[2019.10.30-14.43.04:528][  0]LogDerivedDataCache: Display: Pak cache opened for reading ../../../Engine/DerivedDataCache/Compressed.ddp.
[2019.10.30-14.43.04:528][  0]LogDerivedDataCache: FDerivedDataBackendGraph:  EnterprisePak pak cache file ../../../Enterprise/DerivedDataCache/Compressed.ddp not found, will not use a pak cache.
[2019.10.30-14.43.04:528][  0]LogDerivedDataCache: Unable to find inner node EnterprisePak for hierarchical cache Hierarchy.
[2019.10.30-14.43.04:529][  0]LogDerivedDataCache: Using Local data cache path C:/Users/lveyssiere/AppData/Local/UnrealEngine/Common/DerivedDataCache: Writable
[2019.10.30-14.43.04:529][  0]LogDerivedDataCache: Shared data cache path not found in *engine.ini, will not use an Shared cache.
[2019.10.30-14.43.04:529][  0]LogDerivedDataCache: Unable to find inner node Shared for hierarchical cache Hierarchy.
[2019.10.30-14.43.04:557][  0]LogMaterial: Verifying Global Shaders for PCD3D_SM5
[2019.10.30-14.43.04:560][  0]LogSlate: Using FreeType 2.6.0
[2019.10.30-14.43.04:561][  0]LogSlate: SlateFontServices - WITH_FREETYPE: 1, WITH_HARFBUZZ: 1
[2019.10.30-14.43.04:666][  0]LogInit: Using OS detected language (fr-FR).
[2019.10.30-14.43.04:666][  0]LogInit: Using OS detected locale (fr-FR).
[2019.10.30-14.43.04:666][  0]LogTextLocalizationManager: No localization for 'fr-FR' exists, so 'en' will be used for the language.
[2019.10.30-14.43.04:666][  0]LogTextLocalizationManager: No localization for 'fr-FR' exists, so 'en' will be used for the locale.
[2019.10.30-14.43.04:666][  0]LogSlate: FontCache flush requested. Reason: Culture for localization was changed
[2019.10.30-14.43.04:666][  0]LogSlate: FontCache flush requested. Reason: Culture for localization was changed
[2019.10.30-14.43.04:666][  0]LogTextLocalizationManager: Compacting localization data took   0.00ms
[2019.10.30-14.43.04:670][  0]LogAssetRegistry: FAssetRegistry took 0.0016 seconds to start up
[2019.10.30-14.43.04:926][  0]LogPackageLocalizationCache: Processed 12 localized package path(s) for 1 prioritized culture(s) in 0.000692 seconds
[2019.10.30-14.43.04:981][  0]LogInit: Selected Device Profile: [Windows]
[2019.10.30-14.43.05:141][  0]LogMeshReduction: Using QuadricMeshReduction for automatic static mesh reduction
[2019.10.30-14.43.05:141][  0]LogMeshReduction: Using SimplygonMeshReduction for automatic skeletal mesh reduction
[2019.10.30-14.43.05:141][  0]LogMeshReduction: Using ProxyLODMeshReduction for automatic mesh merging
[2019.10.30-14.43.05:141][  0]LogMeshReduction: No distributed automatic mesh merging module available
[2019.10.30-14.43.05:141][  0]LogMeshMerging: No distributed automatic mesh merging module available
[2019.10.30-14.43.05:151][  0]LogNetVersion: TP2 1.0.0, NetCL: 8386587, EngineNetVer: 11, GameNetVer: 0 (Checksum: 959942461)
[2019.10.30-14.43.05:648][  0]LogMoviePlayer: Initializing movie player
[2019.10.30-14.43.05:741][  0]LogTcpMessaging: Initializing TcpMessaging bridge
[2019.10.30-14.43.05:743][  0]LogUdpMessaging: Initializing bridge on interface 0.0.0.0:0 to multicast group 230.0.0.1:6666.
[2019.10.30-14.43.05:772][  0]SourceControl: Source control is disabled
[2019.10.30-14.43.05:772][  0]SourceControl: Source control is disabled
[2019.10.30-14.43.05:773][  0]SourceControl: Source control is disabled
[2019.10.30-14.43.05:809][  0]LogAndroidPermission: UAndroidPermissionCallbackProxy::GetInstance
[2019.10.30-14.43.05:917][  0]LogOcInput: OculusInput pre-init called
[2019.10.30-14.43.05:927][  0]LogUObjectArray: 48866 objects as part of root set at end of initial load.
[2019.10.30-14.43.05:927][  0]LogUObjectAllocator: 8609784 out of 0 bytes used by permanent object pool.
[2019.10.30-14.43.05:927][  0]LogUObjectArray: CloseDisregardForGC: 0/0 objects in disregard for GC pool
[2019.10.30-14.43.05:988][  0]LogEngine: Initializing Engine...
[2019.10.30-14.43.05:989][  0]LogHMD: Failed to initialize OpenVR with code 110
[2019.10.30-14.43.05:990][  0]LogStats: UGameplayTagsManager::InitializeManager -  0.000 s
[2019.10.30-14.43.06:177][  0]LogInit: Initializing FReadOnlyCVARCache
[2019.10.30-14.43.06:195][  0]LogInit: XAudio2 using 'Haut-parleurs (3- Périphérique High Definition Audio)' : 2 channels at 48 kHz using 16 bits per sample (channel mask 0x3)
[2019.10.30-14.43.06:211][  0]LogInit: FAudioDevice initialized.
[2019.10.30-14.43.06:212][  0]LogNetVersion: Set ProjectVersion to 1.0.0.0. Version Checksum will be recalculated on next use.
[2019.10.30-14.43.06:218][  0]LogInit: Texture streaming: Enabled
[2019.10.30-14.43.06:374][  0]LogSlate: Updating window title bar state: overlay mode, drag disabled, window buttons hidden, title bar hidden
[2019.10.30-14.43.06:374][  0]LogInit: Display: Game Engine Initialized.
[2019.10.30-14.43.06:428][  0]LogInit: Display: Starting Game.
[2019.10.30-14.43.06:428][  0]LogNet: Browse: /Game/StarterContent/Maps/Minimal_Default?Name=Player
[2019.10.30-14.43.06:428][  0]LogLoad: LoadMap: /Game/StarterContent/Maps/Minimal_Default?Name=Player
[2019.10.30-14.43.06:428][  0]LogWorld: BeginTearingDown for /Temp/Untitled_0
[2019.10.30-14.43.06:430][  0]LogWorld: UWorld::CleanupWorld for Untitled, bSessionEnded=true, bCleanupResources=true
[2019.10.30-14.43.06:457][  0]LogUObjectHash: Compacting FUObjectHashTables data took   1.98ms
[2019.10.30-14.43.06:742][  0]LogAIModule: Creating AISystem for world Minimal_Default
[2019.10.30-14.43.06:742][  0]LogLoad: Game class is 'partie1_gamemode_C'
[2019.10.30-14.43.06:752][  0]LogWorld: Bringing World /Game/StarterContent/Maps/Minimal_Default.Minimal_Default up for play (max tick rate 0) at 2019.10.30-15.43.06
[2019.10.30-14.43.06:752][  0]LogWorld: Bringing up level for play took: 0.008552
[2019.10.30-14.43.06:754][  0]LogGameMode: Display: Match State Changed from EnteringMap to WaitingToStart
[2019.10.30-14.43.06:755][  0]LogGameState: Match State Changed from EnteringMap to WaitingToStart
[2019.10.30-14.43.06:755][  0]LogGameMode: Display: Match State Changed from WaitingToStart to InProgress
[2019.10.30-14.43.06:756][  0]LogBlueprintUserMessages: [Minimal_Default_C_4] 1
[2019.10.30-14.43.06:757][  0]LogBlueprintUserMessages: [Minimal_Default_C_4] 2
[2019.10.30-14.43.06:757][  0]LogBlueprintUserMessages: [Minimal_Default_C_4] 3
[2019.10.30-14.43.06:757][  0]LogBlueprintUserMessages: [Minimal_Default_C_4] 4
[2019.10.30-14.43.06:758][  0]LogBlueprintUserMessages: [Minimal_Default_C_4] 5
[2019.10.30-14.43.06:758][  0]LogBlueprintUserMessages: [Minimal_Default_C_4] 6
[2019.10.30-14.43.06:758][  0]LogBlueprintUserMessages: [Minimal_Default_C_4] 7
[2019.10.30-14.43.06:758][  0]LogBlueprintUserMessages: [Minimal_Default_C_4] 8
[2019.10.30-14.43.06:758][  0]LogBlueprintUserMessages: [Minimal_Default_C_4] 9
[2019.10.30-14.43.06:759][  0]LogBlueprintUserMessages: [Minimal_Default_C_4] 10
[2019.10.30-14.43.06:759][  0]LogBlueprintUserMessages: [Minimal_Default_C_4] 11
[2019.10.30-14.43.06:759][  0]LogBlueprintUserMessages: [Minimal_Default_C_4] 12
[2019.10.30-14.43.06:759][  0]LogBlueprintUserMessages: [Minimal_Default_C_4] 13
[2019.10.30-14.43.06:760][  0]LogBlueprintUserMessages: [Minimal_Default_C_4] 14
[2019.10.30-14.43.06:760][  0]LogBlueprintUserMessages: [Minimal_Default_C_4] 15
[2019.10.30-14.43.06:760][  0]LogBlueprintUserMessages: [Minimal_Default_C_4] 16
[2019.10.30-14.43.06:760][  0]LogBlueprintUserMessages: [Minimal_Default_C_4] 17
[2019.10.30-14.43.06:760][  0]LogBlueprintUserMessages: [Minimal_Default_C_4] 18
[2019.10.30-14.43.06:761][  0]LogBlueprintUserMessages: [Minimal_Default_C_4] 19
[2019.10.30-14.43.06:761][  0]LogBlueprintUserMessages: [Minimal_Default_C_4] 20
[2019.10.30-14.43.06:761][  0]LogBlueprintUserMessages: [Minimal_Default_C_4] 21
[2019.10.30-14.43.06:761][  0]LogBlueprintUserMessages: [Minimal_Default_C_4] 22
[2019.10.30-14.43.06:761][  0]LogBlueprintUserMessages: [Minimal_Default_C_4] 23
[2019.10.30-14.43.06:762][  0]LogBlueprintUserMessages: [Minimal_Default_C_4] 24
[2019.10.30-14.43.06:762][  0]LogBlueprintUserMessages: [Minimal_Default_C_4] 25
[2019.10.30-14.43.06:762][  0]LogBlueprintUserMessages: [Minimal_Default_C_4] 26
[2019.10.30-14.43.06:762][  0]LogBlueprintUserMessages: [Minimal_Default_C_4] 27
[2019.10.30-14.43.06:762][  0]LogBlueprintUserMessages: [Minimal_Default_C_4] 28
[2019.10.30-14.43.06:763][  0]LogBlueprintUserMessages: [Minimal_Default_C_4] 29
[2019.10.30-14.43.06:763][  0]LogBlueprintUserMessages: [Minimal_Default_C_4] 30
[2019.10.30-14.43.06:764][  0]LogBlueprintUserMessages: [Minimal_Default_C_4] 31
[2019.10.30-14.43.06:764][  0]LogBlueprintUserMessages: [Minimal_Default_C_4] 32
[2019.10.30-14.43.06:764][  0]LogBlueprintUserMessages: [Minimal_Default_C_4] 33
[2019.10.30-14.43.06:764][  0]LogBlueprintUserMessages: [Minimal_Default_C_4] 34
[2019.10.30-14.43.06:765][  0]LogBlueprintUserMessages: [Minimal_Default_C_4] 35
[2019.10.30-14.43.06:765][  0]LogBlueprintUserMessages: [Minimal_Default_C_4] 36
[2019.10.30-14.43.06:765][  0]LogBlueprintUserMessages: [Minimal_Default_C_4] 37
[2019.10.30-14.43.06:765][  0]LogBlueprintUserMessages: [Minimal_Default_C_4] 38
[2019.10.30-14.43.06:765][  0]LogBlueprintUserMessages: [Minimal_Default_C_4] 39
[2019.10.30-14.43.06:766][  0]LogBlueprintUserMessages: [Minimal_Default_C_4] 40
[2019.10.30-14.43.06:766][  0]LogBlueprintUserMessages: [Minimal_Default_C_4] 41
[2019.10.30-14.43.06:766][  0]LogBlueprintUserMessages: [Minimal_Default_C_4] 42
[2019.10.30-14.43.06:766][  0]LogBlueprintUserMessages: [Minimal_Default_C_4] 43
[2019.10.30-14.43.06:767][  0]LogBlueprintUserMessages: [Minimal_Default_C_4] 44
[2019.10.30-14.43.06:767][  0]LogBlueprintUserMessages: [Minimal_Default_C_4] 45
[2019.10.30-14.43.06:767][  0]LogBlueprintUserMessages: [Minimal_Default_C_4] 46
[2019.10.30-14.43.06:767][  0]LogBlueprintUserMessages: [Minimal_Default_C_4] 47
[2019.10.30-14.43.06:767][  0]LogBlueprintUserMessages: [Minimal_Default_C_4] 48
[2019.10.30-14.43.06:768][  0]LogBlueprintUserMessages: [Minimal_Default_C_4] 49
[2019.10.30-14.43.06:768][  0]LogBlueprintUserMessages: [Minimal_Default_C_4] 50
[2019.10.30-14.43.06:768][  0]LogBlueprintUserMessages: [Minimal_Default_C_4] 51
[2019.10.30-14.43.06:768][  0]LogBlueprintUserMessages: [Minimal_Default_C_4] 52
[2019.10.30-14.43.06:769][  0]LogBlueprintUserMessages: [Minimal_Default_C_4] 53
[2019.10.30-14.43.06:769][  0]LogBlueprintUserMessages: [Minimal_Default_C_4] 54
[2019.10.30-14.43.06:769][  0]LogBlueprintUserMessages: [Minimal_Default_C_4] 55
[2019.10.30-14.43.06:769][  0]LogBlueprintUserMessages: [Minimal_Default_C_4] 56
[2019.10.30-14.43.06:769][  0]LogBlueprintUserMessages: [Minimal_Default_C_4] 57
[2019.10.30-14.43.06:770][  0]LogBlueprintUserMessages: [Minimal_Default_C_4] 58
[2019.10.30-14.43.06:770][  0]LogBlueprintUserMessages: [Minimal_Default_C_4] 59
[2019.10.30-14.43.06:770][  0]LogBlueprintUserMessages: [Minimal_Default_C_4] 60
[2019.10.30-14.43.06:770][  0]LogBlueprintUserMessages: [Minimal_Default_C_4] 61
[2019.10.30-14.43.06:770][  0]LogBlueprintUserMessages: [Minimal_Default_C_4] 62
[2019.10.30-14.43.06:771][  0]LogBlueprintUserMessages: [Minimal_Default_C_4] 63
[2019.10.30-14.43.06:771][  0]LogBlueprintUserMessages: [Minimal_Default_C_4] 64
[2019.10.30-14.43.06:771][  0]LogBlueprintUserMessages: [Minimal_Default_C_4] 65
[2019.10.30-14.43.06:771][  0]LogBlueprintUserMessages: [Minimal_Default_C_4] 66
[2019.10.30-14.43.06:772][  0]LogBlueprintUserMessages: [Minimal_Default_C_4] 67
[2019.10.30-14.43.06:772][  0]LogBlueprintUserMessages: [Minimal_Default_C_4] 68
[2019.10.30-14.43.06:772][  0]LogBlueprintUserMessages: [Minimal_Default_C_4] 69
[2019.10.30-14.43.06:772][  0]LogBlueprintUserMessages: [Minimal_Default_C_4] 70
[2019.10.30-14.43.06:772][  0]LogBlueprintUserMessages: [Minimal_Default_C_4] 71
[2019.10.30-14.43.06:773][  0]LogBlueprintUserMessages: [Minimal_Default_C_4] 72
[2019.10.30-14.43.06:773][  0]LogBlueprintUserMessages: [Minimal_Default_C_4] 73
[2019.10.30-14.43.06:773][  0]LogBlueprintUserMessages: [Minimal_Default_C_4] 74
[2019.10.30-14.43.06:773][  0]LogBlueprintUserMessages: [Minimal_Default_C_4] 75
[2019.10.30-14.43.06:774][  0]LogBlueprintUserMessages: [Minimal_Default_C_4] 76
[2019.10.30-14.43.06:774][  0]LogBlueprintUserMessages: [Minimal_Default_C_4] 77
[2019.10.30-14.43.06:774][  0]LogBlueprintUserMessages: [Minimal_Default_C_4] 78
[2019.10.30-14.43.06:774][  0]LogBlueprintUserMessages: [Minimal_Default_C_4] 79
[2019.10.30-14.43.06:774][  0]LogBlueprintUserMessages: [Minimal_Default_C_4] 80
[2019.10.30-14.43.06:775][  0]LogBlueprintUserMessages: [Minimal_Default_C_4] 81
[2019.10.30-14.43.06:777][  0]LogGameState: Match State Changed from WaitingToStart to InProgress
[2019.10.30-14.43.06:777][  0]LogLoad: Took 0.348523 seconds to LoadMap(/Game/StarterContent/Maps/Minimal_Default)
[2019.10.30-14.43.06:806][  0]LogRenderer: Reallocating scene render targets to support 1280x720 Format 10 NumSamples 1 (Frame:1).
[2019.10.30-14.43.06:806][  0]LogLoad: (Engine Initialization) Total time: 5.12 seconds
[2019.10.30-14.43.06:806][  0]LogLoad: (Engine Initialization) Total Blueprint compile time: 0.00 seconds
[2019.10.30-14.43.06:915][  0]LogContentStreaming: Texture pool size now 1000 MB
[2019.10.30-14.43.06:922][  0]LogRenderer: Reallocating scene render targets to support 128x128 Format 10 NumSamples 1 (Frame:1).
[2019.10.30-14.43.06:971][  0]LogRenderer: Reallocating scene render targets to support 1280x720 Format 10 NumSamples 1 (Frame:2).
[2019.10.30-14.43.07:778][ 49]LogSlate: Took 0.000141 seconds to synchronously load lazily loaded font '../../../Engine/Content/Slate/Fonts/Roboto-Regular.ttf' (155K)
[2019.10.30-14.43.08:292][ 81]LogSlate: FSceneViewport::OnFocusLost() reason 0
[2019.10.30-14.43.09:369][147]LogBlueprintUserMessages: [partie3_piece_C_51] 1
[2019.10.30-14.43.09:369][147]LogBlueprintUserMessages: [partie3_piece_C_52] 2
[2019.10.30-14.43.09:370][147]LogBlueprintUserMessages: [partie3_piece_C_60] 3
[2019.10.30-14.43.09:370][147]LogBlueprintUserMessages: [partie3_piece_C_61] 4
[2019.10.30-14.43.10:352][208]LogBlueprintUserMessages: [partie3_piece_C_0] 5
[2019.10.30-14.43.10:352][208]LogBlueprintUserMessages: [partie3_piece_C_1] 6
[2019.10.30-14.43.10:352][208]LogBlueprintUserMessages: [partie3_piece_C_2] 7
[2019.10.30-14.43.10:352][208]LogBlueprintUserMessages: [partie3_piece_C_3] 8
[2019.10.30-14.43.10:352][208]LogBlueprintUserMessages: [partie3_piece_C_4] 9
[2019.10.30-14.43.10:353][208]LogBlueprintUserMessages: [partie3_piece_C_5] 10
[2019.10.30-14.43.10:353][208]LogBlueprintUserMessages: [partie3_piece_C_6] 11
[2019.10.30-14.43.10:353][208]LogBlueprintUserMessages: [partie3_piece_C_7] 12
[2019.10.30-14.43.10:353][208]LogBlueprintUserMessages: [partie3_piece_C_8] 13
[2019.10.30-14.43.10:353][208]PIE: Warning: Applying invalid scale V(X=1,594,323.00, Y=1,594,323.00, Z=1,594,323.00) to body StaticMesh
[2019.10.30-14.43.10:353][208]LogBlueprintUserMessages: [partie3_piece_C_9] 14
[2019.10.30-14.43.10:353][208]PIE: Warning: Applying invalid scale V(X=4,782,969.00, Y=4,782,969.00, Z=4,782,969.00) to body StaticMesh
[2019.10.30-14.43.10:353][208]LogBlueprintUserMessages: [partie3_piece_C_10] 15
[2019.10.30-14.43.10:354][208]PIE: Warning: Applying invalid scale V(X=14,348,907.00, Y=14,348,907.00, Z=14,348,907.00) to body StaticMesh
[2019.10.30-14.43.10:354][208]LogBlueprintUserMessages: [partie3_piece_C_11] 16
[2019.10.30-14.43.10:354][208]PIE: Warning: Applying invalid scale V(X=43,046,720.00, Y=43,046,720.00, Z=43,046,720.00) to body StaticMesh
[2019.10.30-14.43.10:354][208]LogBlueprintUserMessages: [partie3_piece_C_12] 17
[2019.10.30-14.43.10:354][208]PIE: Warning: Applying invalid scale V(X=129,140,160.00, Y=129,140,160.00, Z=129,140,160.00) to body StaticMesh
[2019.10.30-14.43.10:354][208]LogBlueprintUserMessages: [partie3_piece_C_13] 18
[2019.10.30-14.43.10:354][208]PIE: Warning: Applying invalid scale V(X=387,420,480.00, Y=387,420,480.00, Z=387,420,480.00) to body StaticMesh
[2019.10.30-14.43.10:354][208]LogBlueprintUserMessages: [partie3_piece_C_14] 19
[2019.10.30-14.43.10:354][208]PIE: Warning: Applying invalid scale V(X=1,162,261,504.00, Y=1,162,261,504.00, Z=1,162,261,504.00) to body StaticMesh
[2019.10.30-14.43.10:355][208]LogBlueprintUserMessages: [partie3_piece_C_15] 20
[2019.10.30-14.43.10:355][208]PIE: Warning: Applying invalid scale V(X=3,486,784,512.00, Y=3,486,784,512.00, Z=3,486,784,512.00) to body StaticMesh
[2019.10.30-14.43.10:355][208]LogBlueprintUserMessages: [partie3_piece_C_16] 21
[2019.10.30-14.43.10:355][208]PIE: Warning: Applying invalid scale V(X=10,460,353,536.00, Y=10,460,353,536.00, Z=10,460,353,536.00) to body StaticMesh
[2019.10.30-14.43.10:355][208]LogBlueprintUserMessages: [partie3_piece_C_17] 22
[2019.10.30-14.43.10:355][208]PIE: Warning: Applying invalid scale V(X=31,381,061,632.00, Y=31,381,061,632.00, Z=31,381,061,632.00) to body StaticMesh
[2019.10.30-14.43.10:355][208]LogBlueprintUserMessages: [partie3_piece_C_18] 23
[2019.10.30-14.43.10:355][208]PIE: Warning: Applying invalid scale V(X=94,143,184,896.00, Y=94,143,184,896.00, Z=94,143,184,896.00) to body StaticMesh
[2019.10.30-14.43.10:355][208]LogBlueprintUserMessages: [partie3_piece_C_19] 24
[2019.10.30-14.43.10:355][208]PIE: Warning: Applying invalid scale V(X=282,429,554,688.00, Y=282,429,554,688.00, Z=282,429,554,688.00) to body StaticMesh
[2019.10.30-14.43.10:356][208]LogBlueprintUserMessages: [partie3_piece_C_20] 25
[2019.10.30-14.43.10:356][208]PIE: Warning: Applying invalid scale V(X=847,288,664,064.00, Y=847,288,664,064.00, Z=847,288,664,064.00) to body StaticMesh
[2019.10.30-14.43.10:356][208]LogBlueprintUserMessages: [partie3_piece_C_21] 26
[2019.10.30-14.43.10:356][208]PIE: Warning: Applying invalid scale V(X=2,541,865,926,656.00, Y=2,541,865,926,656.00, Z=2,541,865,926,656.00) to body StaticMesh
[2019.10.30-14.43.10:356][208]LogBlueprintUserMessages: [partie3_piece_C_22] 27
[2019.10.30-14.43.10:356][208]PIE: Warning: Applying invalid scale V(X=7,625,598,042,112.00, Y=7,625,598,042,112.00, Z=7,625,598,042,112.00) to body StaticMesh
[2019.10.30-14.43.10:356][208]LogBlueprintUserMessages: [partie3_piece_C_23] 28
[2019.10.30-14.43.10:356][208]PIE: Warning: Applying invalid scale V(X=22,876,795,174,912.00, Y=22,876,795,174,912.00, Z=22,876,795,174,912.00) to body StaticMesh
[2019.10.30-14.43.10:356][208]LogBlueprintUserMessages: [partie3_piece_C_24] 29
[2019.10.30-14.43.10:356][208]PIE: Warning: Applying invalid scale V(X=68,630,385,524,736.00, Y=68,630,385,524,736.00, Z=68,630,385,524,736.00) to body StaticMesh
[2019.10.30-14.43.10:357][208]LogBlueprintUserMessages: [partie3_piece_C_25] 30
[2019.10.30-14.43.10:357][208]PIE: Warning: Applying invalid scale V(X=205,891,152,379,904.00, Y=205,891,152,379,904.00, Z=205,891,152,379,904.00) to body StaticMesh
[2019.10.30-14.43.10:357][208]LogBlueprintUserMessages: [partie3_piece_C_26] 31
[2019.10.30-14.43.10:357][208]PIE: Warning: Applying invalid scale V(X=617,673,473,916,928.00, Y=617,673,473,916,928.00, Z=617,673,473,916,928.00) to body StaticMesh
[2019.10.30-14.43.10:357][208]LogBlueprintUserMessages: [partie3_piece_C_27] 32
[2019.10.30-14.43.10:357][208]PIE: Warning: Applying invalid scale V(X=1,853,020,421,750,784.00, Y=1,853,020,421,750,784.00, Z=1,853,020,421,750,784.00) to body StaticMesh
[2019.10.30-14.43.10:357][208]LogBlueprintUserMessages: [partie3_piece_C_28] 33
[2019.10.30-14.43.10:357][208]PIE: Warning: Applying invalid scale V(X=5,559,060,996,816,896.00, Y=5,559,060,996,816,896.00, Z=5,559,060,996,816,896.00) to body StaticMesh
[2019.10.30-14.43.10:357][208]LogBlueprintUserMessages: [partie3_piece_C_29] 34
[2019.10.30-14.43.10:357][208]PIE: Warning: Applying invalid scale V(X=16,677,182,990,450,688.00, Y=16,677,182,990,450,688.00, Z=16,677,182,990,450,688.00) to body StaticMesh
[2019.10.30-14.43.10:357][208]LogBlueprintUserMessages: [partie3_piece_C_30] 35
[2019.10.30-14.43.10:358][208]PIE: Warning: Applying invalid scale V(X=50,031,550,045,093,888.00, Y=50,031,550,045,093,888.00, Z=50,031,550,045,093,888.00) to body StaticMesh
[2019.10.30-14.43.10:358][208]LogBlueprintUserMessages: [partie3_piece_C_31] 36
[2019.10.30-14.43.10:358][208]PIE: Warning: Applying invalid scale V(X=150,094,641,545,347,072.00, Y=150,094,641,545,347,072.00, Z=150,094,641,545,347,072.00) to body StaticMesh
[2019.10.30-14.43.10:358][208]LogBlueprintUserMessages: [partie3_piece_C_32] 37
[2019.10.30-14.43.10:358][208]PIE: Warning: Applying invalid scale V(X=450,283,924,636,041,216.00, Y=450,283,924,636,041,216.00, Z=450,283,924,636,041,216.00) to body StaticMesh
[2019.10.30-14.43.10:358][208]LogBlueprintUserMessages: [partie3_piece_C_33] 38
[2019.10.30-14.43.10:358][208]PIE: Warning: Applying invalid scale V(X=1,350,851,739,548,385,280.00, Y=1,350,851,739,548,385,280.00, Z=1,350,851,739,548,385,280.00) to body StaticMesh
[2019.10.30-14.43.10:358][208]LogBlueprintUserMessages: [partie3_piece_C_34] 39
[2019.10.30-14.43.10:358][208]PIE: Warning: Applying invalid scale V(X=4,052,555,218,645,155,840.00, Y=4,052,555,218,645,155,840.00, Z=4,052,555,218,645,155,840.00) to body StaticMesh
[2019.10.30-14.43.10:358][208]LogBlueprintUserMessages: [partie3_piece_C_35] 40
[2019.10.30-14.43.10:358][208]PIE: Warning: Applying invalid scale V(X=12,157,665,106,179,653,632.00, Y=12,157,665,106,179,653,632.00, Z=12,157,665,106,179,653,632.00) to body StaticMesh
[2019.10.30-14.43.10:358][208]LogBlueprintUserMessages: [partie3_piece_C_36] 41
[2019.10.30-14.43.10:359][208]PIE: Warning: Applying invalid scale V(X=9,223,372,036,854,775,808.00, Y=9,223,372,036,854,775,808.00, Z=9,223,372,036,854,775,808.00) to body StaticMesh
[2019.10.30-14.43.10:359][208]LogBlueprintUserMessages: [partie3_piece_C_37] 42
[2019.10.30-14.43.10:359][208]PIE: Warning: Applying invalid scale V(X=9,223,372,036,854,775,808.00, Y=9,223,372,036,854,775,808.00, Z=9,223,372,036,854,775,808.00) to body StaticMesh
[2019.10.30-14.43.10:359][208]LogBlueprintUserMessages: [partie3_piece_C_38] 43
[2019.10.30-14.43.10:359][208]PIE: Warning: Applying invalid scale V(X=9,223,372,036,854,775,808.00, Y=9,223,372,036,854,775,808.00, Z=9,223,372,036,854,775,808.00) to body StaticMesh
[2019.10.30-14.43.10:359][208]LogBlueprintUserMessages: [partie3_piece_C_39] 44
[2019.10.30-14.43.10:359][208]PIE: Warning: Applying invalid scale V(X=9,223,372,036,854,775,808.00, Y=9,223,372,036,854,775,808.00, Z=9,223,372,036,854,775,808.00) to body StaticMesh
[2019.10.30-14.43.10:359][208]LogBlueprintUserMessages: [partie3_piece_C_40] 45
[2019.10.30-14.43.10:359][208]PIE: Warning: Applying invalid scale V(X=9,223,372,036,854,775,808.00, Y=9,223,372,036,854,775,808.00, Z=9,223,372,036,854,775,808.00) to body StaticMesh
[2019.10.30-14.43.10:359][208]LogBlueprintUserMessages: [partie3_piece_C_41] 46
[2019.10.30-14.43.10:359][208]PIE: Warning: Applying invalid scale V(X=9,223,372,036,854,775,808.00, Y=9,223,372,036,854,775,808.00, Z=9,223,372,036,854,775,808.00) to body StaticMesh
[2019.10.30-14.43.10:359][208]LogBlueprintUserMessages: [partie3_piece_C_42] 47
[2019.10.30-14.43.10:359][208]PIE: Warning: Applying invalid scale V(X=9,223,372,036,854,775,808.00, Y=9,223,372,036,854,775,808.00, Z=9,223,372,036,854,775,808.00) to body StaticMesh
[2019.10.30-14.43.10:360][208]LogBlueprintUserMessages: [partie3_piece_C_43] 48
[2019.10.30-14.43.10:360][208]PIE: Warning: Applying invalid scale V(X=9,223,372,036,854,775,808.00, Y=9,223,372,036,854,775,808.00, Z=9,223,372,036,854,775,808.00) to body StaticMesh
[2019.10.30-14.43.10:360][208]LogBlueprintUserMessages: [partie3_piece_C_44] 49
[2019.10.30-14.43.10:360][208]PIE: Warning: Applying invalid scale V(X=9,223,372,036,854,775,808.00, Y=9,223,372,036,854,775,808.00, Z=9,223,372,036,854,775,808.00) to body StaticMesh
[2019.10.30-14.43.10:360][208]LogBlueprintUserMessages: [partie3_piece_C_45] 50
[2019.10.30-14.43.10:360][208]PIE: Warning: Applying invalid scale V(X=9,223,372,036,854,775,808.00, Y=9,223,372,036,854,775,808.00, Z=9,223,372,036,854,775,808.00) to body StaticMesh
[2019.10.30-14.43.10:360][208]LogBlueprintUserMessages: [partie3_piece_C_46] 51
[2019.10.30-14.43.10:360][208]PIE: Warning: Applying invalid scale V(X=9,223,372,036,854,775,808.00, Y=9,223,372,036,854,775,808.00, Z=9,223,372,036,854,775,808.00) to body StaticMesh
[2019.10.30-14.43.10:360][208]LogBlueprintUserMessages: [partie3_piece_C_47] 52
[2019.10.30-14.43.10:360][208]PIE: Warning: Applying invalid scale V(X=9,223,372,036,854,775,808.00, Y=9,223,372,036,854,775,808.00, Z=9,223,372,036,854,775,808.00) to body StaticMesh
[2019.10.30-14.43.10:360][208]LogBlueprintUserMessages: [partie3_piece_C_48] 53
[2019.10.30-14.43.10:360][208]PIE: Warning: Applying invalid scale V(X=9,223,372,036,854,775,808.00, Y=9,223,372,036,854,775,808.00, Z=9,223,372,036,854,775,808.00) to body StaticMesh
[2019.10.30-14.43.10:361][208]LogBlueprintUserMessages: [partie3_piece_C_49] 54
[2019.10.30-14.43.10:361][208]PIE: Warning: Applying invalid scale V(X=9,223,372,036,854,775,808.00, Y=9,223,372,036,854,775,808.00, Z=9,223,372,036,854,775,808.00) to body StaticMesh
[2019.10.30-14.43.10:361][208]LogBlueprintUserMessages: [partie3_piece_C_50] 55
[2019.10.30-14.43.10:361][208]PIE: Warning: Applying invalid scale V(X=9,223,372,036,854,775,808.00, Y=9,223,372,036,854,775,808.00, Z=9,223,372,036,854,775,808.00) to body StaticMesh
[2019.10.30-14.43.10:361][208]LogBlueprintUserMessages: [partie3_piece_C_53] 56
[2019.10.30-14.43.10:361][208]PIE: Warning: Applying invalid scale V(X=9,223,372,036,854,775,808.00, Y=9,223,372,036,854,775,808.00, Z=9,223,372,036,854,775,808.00) to body StaticMesh
[2019.10.30-14.43.10:361][208]LogBlueprintUserMessages: [partie3_piece_C_54] 57
[2019.10.30-14.43.10:361][208]PIE: Warning: Applying invalid scale V(X=9,223,372,036,854,775,808.00, Y=9,223,372,036,854,775,808.00, Z=9,223,372,036,854,775,808.00) to body StaticMesh
[2019.10.30-14.43.10:361][208]LogBlueprintUserMessages: [partie3_piece_C_55] 58
[2019.10.30-14.43.10:361][208]PIE: Warning: Applying invalid scale V(X=9,223,372,036,854,775,808.00, Y=9,223,372,036,854,775,808.00, Z=9,223,372,036,854,775,808.00) to body StaticMesh
[2019.10.30-14.43.10:361][208]LogBlueprintUserMessages: [partie3_piece_C_56] 59
[2019.10.30-14.43.10:361][208]PIE: Warning: Applying invalid scale V(X=9,223,372,036,854,775,808.00, Y=9,223,372,036,854,775,808.00, Z=9,223,372,036,854,775,808.00) to body StaticMesh
[2019.10.30-14.43.10:361][208]LogBlueprintUserMessages: [partie3_piece_C_57] 60
[2019.10.30-14.43.10:362][208]PIE: Warning: Applying invalid scale V(X=9,223,372,036,854,775,808.00, Y=9,223,372,036,854,775,808.00, Z=9,223,372,036,854,775,808.00) to body StaticMesh
[2019.10.30-14.43.10:362][208]LogBlueprintUserMessages: [partie3_piece_C_58] 61
[2019.10.30-14.43.10:362][208]PIE: Warning: Applying invalid scale V(X=9,223,372,036,854,775,808.00, Y=9,223,372,036,854,775,808.00, Z=9,223,372,036,854,775,808.00) to body StaticMesh
[2019.10.30-14.43.10:362][208]LogBlueprintUserMessages: [partie3_piece_C_59] 62
[2019.10.30-14.43.10:362][208]PIE: Warning: Applying invalid scale V(X=9,223,372,036,854,775,808.00, Y=9,223,372,036,854,775,808.00, Z=9,223,372,036,854,775,808.00) to body StaticMesh
[2019.10.30-14.43.10:362][208]LogBlueprintUserMessages: [partie3_piece_C_62] 63
[2019.10.30-14.43.10:362][208]PIE: Warning: Applying invalid scale V(X=9,223,372,036,854,775,808.00, Y=9,223,372,036,854,775,808.00, Z=9,223,372,036,854,775,808.00) to body StaticMesh
[2019.10.30-14.43.10:362][208]LogBlueprintUserMessages: [partie3_piece_C_63] 64
[2019.10.30-14.43.10:362][208]PIE: Warning: Applying invalid scale V(X=9,223,372,036,854,775,808.00, Y=9,223,372,036,854,775,808.00, Z=9,223,372,036,854,775,808.00) to body StaticMesh
[2019.10.30-14.43.10:362][208]LogBlueprintUserMessages: [partie3_piece_C_64] 65
[2019.10.30-14.43.10:362][208]PIE: Warning: Applying invalid scale V(X=9,223,372,036,854,775,808.00, Y=9,223,372,036,854,775,808.00, Z=9,223,372,036,854,775,808.00) to body StaticMesh
[2019.10.30-14.43.10:362][208]LogBlueprintUserMessages: [partie3_piece_C_65] 66
[2019.10.30-14.43.10:362][208]PIE: Warning: Applying invalid scale V(X=9,223,372,036,854,775,808.00, Y=9,223,372,036,854,775,808.00, Z=9,223,372,036,854,775,808.00) to body StaticMesh
[2019.10.30-14.43.10:363][208]LogBlueprintUserMessages: [partie3_piece_C_66] 67
[2019.10.30-14.43.10:363][208]PIE: Warning: Applying invalid scale V(X=9,223,372,036,854,775,808.00, Y=9,223,372,036,854,775,808.00, Z=9,223,372,036,854,775,808.00) to body StaticMesh
[2019.10.30-14.43.10:363][208]LogBlueprintUserMessages: [partie3_piece_C_67] 68
[2019.10.30-14.43.10:363][208]PIE: Warning: Applying invalid scale V(X=9,223,372,036,854,775,808.00, Y=9,223,372,036,854,775,808.00, Z=9,223,372,036,854,775,808.00) to body StaticMesh
[2019.10.30-14.43.10:363][208]LogBlueprintUserMessages: [partie3_piece_C_68] 69
[2019.10.30-14.43.10:363][208]PIE: Warning: Applying invalid scale V(X=9,223,372,036,854,775,808.00, Y=9,223,372,036,854,775,808.00, Z=9,223,372,036,854,775,808.00) to body StaticMesh
[2019.10.30-14.43.10:363][208]LogBlueprintUserMessages: [partie3_piece_C_69] 70
[2019.10.30-14.43.10:363][208]PIE: Warning: Applying invalid scale V(X=9,223,372,036,854,775,808.00, Y=9,223,372,036,854,775,808.00, Z=9,223,372,036,854,775,808.00) to body StaticMesh
[2019.10.30-14.43.10:363][208]LogBlueprintUserMessages: [partie3_piece_C_70] 71
[2019.10.30-14.43.10:363][208]PIE: Warning: Applying invalid scale V(X=9,223,372,036,854,775,808.00, Y=9,223,372,036,854,775,808.00, Z=9,223,372,036,854,775,808.00) to body StaticMesh
[2019.10.30-14.43.10:363][208]LogBlueprintUserMessages: [partie3_piece_C_71] 72
[2019.10.30-14.43.10:363][208]PIE: Warning: Applying invalid scale V(X=9,223,372,036,854,775,808.00, Y=9,223,372,036,854,775,808.00, Z=9,223,372,036,854,775,808.00) to body StaticMesh
[2019.10.30-14.43.10:364][208]LogBlueprintUserMessages: [partie3_piece_C_72] 73
[2019.10.30-14.43.10:364][208]PIE: Warning: Applying invalid scale V(X=9,223,372,036,854,775,808.00, Y=9,223,372,036,854,775,808.00, Z=9,223,372,036,854,775,808.00) to body StaticMesh
[2019.10.30-14.43.10:364][208]LogBlueprintUserMessages: [partie3_piece_C_73] 74
[2019.10.30-14.43.10:364][208]PIE: Warning: Applying invalid scale V(X=9,223,372,036,854,775,808.00, Y=9,223,372,036,854,775,808.00, Z=9,223,372,036,854,775,808.00) to body StaticMesh
[2019.10.30-14.43.10:364][208]LogBlueprintUserMessages: [partie3_piece_C_74] 75
[2019.10.30-14.43.10:364][208]PIE: Warning: Applying invalid scale V(X=9,223,372,036,854,775,808.00, Y=9,223,372,036,854,775,808.00, Z=9,223,372,036,854,775,808.00) to body StaticMesh
[2019.10.30-14.43.10:379][208]LogOutputDevice: Warning: 

Script Stack (2 frames):
partie3_piece_C.joueurRamassePiece
partie3_piece_C.ExecuteUbergraph_partie3_piece

[2019.10.30-14.43.10:805][208]LogStats: FPlatformStackWalk::StackWalkAndDump -  0.426 s
[2019.10.30-14.43.10:805][208]LogOutputDevice: Error: === Handled ensure: ===
[2019.10.30-14.43.10:805][208]LogOutputDevice: Error: 
[2019.10.30-14.43.10:805][208]LogOutputDevice: Error: Ensure condition failed: NewTransform.IsValid() [File:D:/Build/++UE4/Sync/Engine/Source/Runtime/Engine/Private/Components/SceneComponent.cpp] [Line: 623]
[2019.10.30-14.43.10:805][208]LogOutputDevice: Error: 
[2019.10.30-14.43.10:805][208]LogOutputDevice: Error: Stack: 
[2019.10.30-14.43.10:805][208]LogOutputDevice: Error: [Callstack] 0x00007ffd24b21a19 UE4Editor-Engine.dll!UnknownFunction []
[2019.10.30-14.43.10:805][208]LogOutputDevice: Error: [Callstack] 0x00007ffd23820fef UE4Editor-Engine.dll!UnknownFunction []
[2019.10.30-14.43.10:805][208]LogOutputDevice: Error: [Callstack] 0x00007ffd232fab1f UE4Editor-Engine.dll!UnknownFunction []
[2019.10.30-14.43.10:805][208]LogOutputDevice: Error: [Callstack] 0x00007ffd23820040 UE4Editor-Engine.dll!UnknownFunction []
[2019.10.30-14.43.10:805][208]LogOutputDevice: Error: [Callstack] 0x00007ffd2380d26e UE4Editor-Engine.dll!UnknownFunction []
[2019.10.30-14.43.10:805][208]LogOutputDevice: Error: [Callstack] 0x00007ffd238210c6 UE4Editor-Engine.dll!UnknownFunction []
[2019.10.30-14.43.10:805][208]LogOutputDevice: Error: [Callstack] 0x00007ffd232fab1f UE4Editor-Engine.dll!UnknownFunction []
[2019.10.30-14.43.10:805][208]LogOutputDevice: Error: [Callstack] 0x00007ffd23815b9b UE4Editor-Engine.dll!UnknownFunction []
[2019.10.30-14.43.10:805][208]LogOutputDevice: Error: [Callstack] 0x00007ffd233b8ccf UE4Editor-Engine.dll!UnknownFunction []
[2019.10.30-14.43.10:805][208]LogOutputDevice: Error: [Callstack] 0x00007ffd23318ddc UE4Editor-Engine.dll!UnknownFunction []
[2019.10.30-14.43.10:805][208]LogOutputDevice: Error: [Callstack] 0x00007ffd26078378 UE4Editor-CoreUObject.dll!UnknownFunction []
[2019.10.30-14.43.10:805][208]LogOutputDevice: Error: [Callstack] 0x00007ffd2628d3ce UE4Editor-CoreUObject.dll!UnknownFunction []
[2019.10.30-14.43.10:805][208]LogOutputDevice: Error: [Callstack] 0x00007ffd262afc81 UE4Editor-CoreUObject.dll!UnknownFunction []
[2019.10.30-14.43.10:805][208]LogOutputDevice: Error: [Callstack] 0x00007ffd262b1d22 UE4Editor-CoreUObject.dll!UnknownFunction []
[2019.10.30-14.43.10:805][208]LogOutputDevice: Error: [Callstack] 0x00007ffd262814fb UE4Editor-CoreUObject.dll!UnknownFunction []
[2019.10.30-14.43.10:805][208]LogOutputDevice: Error: [Callstack] 0x00007ffd262b1a33 UE4Editor-CoreUObject.dll!UnknownFunction []
[2019.10.30-14.43.10:805][208]LogOutputDevice: Error: [Callstack] 0x00007ffd262b1d22 UE4Editor-CoreUObject.dll!UnknownFunction []
[2019.10.30-14.43.10:805][208]LogOutputDevice: Error: [Callstack] 0x00007ffd262b1674 UE4Editor-CoreUObject.dll!UnknownFunction []
[2019.10.30-14.43.10:805][208]LogOutputDevice: Error: [Callstack] 0x00007ffd26078378 UE4Editor-CoreUObject.dll!UnknownFunction []
[2019.10.30-14.43.10:805][208]LogOutputDevice: Error: [Callstack] 0x00007ffd262b1177 UE4Editor-CoreUObject.dll!UnknownFunction []
[2019.10.30-14.43.10:805][208]LogOutputDevice: Error: [Callstack] 0x00007ffd233a9d43 UE4Editor-Engine.dll!UnknownFunction []
[2019.10.30-14.43.10:805][208]LogOutputDevice: Error: [Callstack] 0x00007ffd23bbb703 UE4Editor-Engine.dll!UnknownFunction []
[2019.10.30-14.43.10:805][208]LogOutputDevice: Error: [Callstack] 0x00007ffd23bab52e UE4Editor-Engine.dll!UnknownFunction []
[2019.10.30-14.43.10:805][208]LogOutputDevice: Error: [Callstack] 0x00007ffd233c13ab UE4Editor-Engine.dll!UnknownFunction []
[2019.10.30-14.43.10:805][208]LogOutputDevice: Error: [Callstack] 0x00007ffd233c1872 UE4Editor-Engine.dll!UnknownFunction []
[2019.10.30-14.43.10:805][208]LogOutputDevice: Error: [Callstack] 0x00007ffd23388a31 UE4Editor-Engine.dll!UnknownFunction []
[2019.10.30-14.43.10:805][208]LogOutputDevice: Error: [Callstack] 0x00007ffd2441f9b3 UE4Editor-Engine.dll!UnknownFunction []
[2019.10.30-14.43.10:805][208]LogOutputDevice: Error: [Callstack] 0x00007ffd2442cba7 UE4Editor-Engine.dll!UnknownFunction []
[2019.10.30-14.43.10:805][208]LogOutputDevice: Error: [Callstack] 0x00007ffd26624e4a UE4Editor-Core.dll!UnknownFunction []
[2019.10.30-14.43.10:805][208]LogOutputDevice: Error: [Callstack] 0x00007ffd266251f3 UE4Editor-Core.dll!UnknownFunction []
[2019.10.30-14.43.10:805][208]LogOutputDevice: Error: [Callstack] 0x00007ffd266351f9 UE4Editor-Core.dll!UnknownFunction []
[2019.10.30-14.43.10:805][208]LogOutputDevice: Error: [Callstack] 0x00007ffd2444bfa0 UE4Editor-Engine.dll!UnknownFunction []
[2019.10.30-14.43.10:806][208]LogOutputDevice: Error: [Callstack] 0x00007ffd24451ed2 UE4Editor-Engine.dll!UnknownFunction []
[2019.10.30-14.43.10:806][208]LogOutputDevice: Error: [Callstack] 0x00007ffd23c46e1f UE4Editor-Engine.dll!UnknownFunction []
[2019.10.30-14.43.10:806][208]LogOutputDevice: Error: [Callstack] 0x00007ffd23c51f38 UE4Editor-Engine.dll!UnknownFunction []
[2019.10.30-14.43.10:806][208]LogOutputDevice: Error: [Callstack] 0x00007ffd23a3ba40 UE4Editor-Engine.dll!UnknownFunction []
[2019.10.30-14.43.10:806][208]LogOutputDevice: Error: [Callstack] 0x00007ff7e3117b0a UE4Editor.exe!UnknownFunction []
[2019.10.30-14.43.10:806][208]LogOutputDevice: Error: [Callstack] 0x00007ff7e312a91c UE4Editor.exe!UnknownFunction []
[2019.10.30-14.43.10:806][208]LogOutputDevice: Error: [Callstack] 0x00007ff7e312a9fa UE4Editor.exe!UnknownFunction []
[2019.10.30-14.43.10:806][208]LogOutputDevice: Error: [Callstack] 0x00007ff7e313b92c UE4Editor.exe!UnknownFunction []
[2019.10.30-14.43.10:806][208]LogOutputDevice: Error: [Callstack] 0x00007ff7e313e60e UE4Editor.exe!UnknownFunction []
[2019.10.30-14.43.10:806][208]LogOutputDevice: Error: [Callstack] 0x00007ffd606c7974 KERNEL32.DLL!UnknownFunction []
[2019.10.30-14.43.10:806][208]LogOutputDevice: Error: [Callstack] 0x00007ffd6240a271 ntdll.dll!UnknownFunction []
[2019.10.30-14.43.10:806][208]LogOutputDevice: Error: 
[2019.10.30-14.43.10:813][208]LogStats:                SubmitErrorReport -  0.000 s
[2019.10.30-14.43.11:344][208]LogStats:                    SendNewReport -  0.531 s
[2019.10.30-14.43.11:344][208]LogStats:             FDebug::EnsureFailed -  0.973 s
[2019.10.30-14.43.11:344][208]LogBlueprintUserMessages: [partie3_piece_C_75] 76
[2019.10.30-14.43.11:345][208]PIE: Warning: Applying invalid scale V(X=9,223,372,036,854,775,808.00, Y=9,223,372,036,854,775,808.00, Z=9,223,372,036,854,775,808.00) to body StaticMesh
[2019.10.30-14.43.11:345][208]LogBlueprintUserMessages: [partie3_piece_C_76] 77
[2019.10.30-14.43.11:345][208]PIE: Warning: Applying invalid scale V(X=9,223,372,036,854,775,808.00, Y=9,223,372,036,854,775,808.00, Z=9,223,372,036,854,775,808.00) to body StaticMesh
[2019.10.30-14.43.11:345][208]LogBlueprintUserMessages: [partie3_piece_C_77] 78
[2019.10.30-14.43.11:345][208]PIE: Warning: Applying invalid scale V(X=9,223,372,036,854,775,808.00, Y=9,223,372,036,854,775,808.00, Z=9,223,372,036,854,775,808.00) to body StaticMesh
[2019.10.30-14.43.11:345][208]PIE: Warning: Applying invalid scale V(X=9,223,372,036,854,775,808.00, Y=9,223,372,036,854,775,808.00, Z=9,223,372,036,854,775,808.00) to body StaticMesh
[2019.10.30-14.43.11:345][208]LogBlueprintUserMessages: [partie3_piece_C_78] 79
[2019.10.30-14.43.11:345][208]PIE: Warning: Applying invalid scale V(X=9,223,372,036,854,775,808.00, Y=9,223,372,036,854,775,808.00, Z=9,223,372,036,854,775,808.00) to body StaticMesh
[2019.10.30-14.43.11:345][208]PIE: Warning: Applying invalid scale V(X=9,223,372,036,854,775,808.00, Y=9,223,372,036,854,775,808.00, Z=9,223,372,036,854,775,808.00) to body StaticMesh
[2019.10.30-14.43.11:345][208]LogBlueprintUserMessages: [partie3_piece_C_79] 80
[2019.10.30-14.43.11:345][208]PIE: Warning: Applying invalid scale V(X=9,223,372,036,854,775,808.00, Y=9,223,372,036,854,775,808.00, Z=9,223,372,036,854,775,808.00) to body StaticMesh
[2019.10.30-14.43.11:345][208]PIE: Warning: Applying invalid scale V(X=9,223,372,036,854,775,808.00, Y=9,223,372,036,854,775,808.00, Z=9,223,372,036,854,775,808.00) to body StaticMesh
[2019.10.30-14.43.11:345][208]LogBlueprintUserMessages: [partie3_piece_C_80] 81
[2019.10.30-14.43.11:346][208]Blueprint: Warning: Scale 'X=inf Y=inf Z=inf' is not valid.
[2019.10.30-14.43.11:346][208]LogActor: Warning: partie1_player_C_0 is outside the world bounds!
[2019.10.30-14.43.14:671][412]LogSlate: Window 'TP2 (64-bit Development PCD3D_SM5) ' being destroyed
[2019.10.30-14.43.14:672][412]LogWindowsTextInputMethodSystem: Display: IME system now deactivated.
[2019.10.30-14.43.14:677][412]LogWindowsTextInputMethodSystem: Display: IME system now deactivated.
[2019.10.30-14.43.14:678][412]LogSlate: Updating window title bar state: overlay mode, drag disabled, window buttons hidden, title bar hidden
[2019.10.30-14.43.14:678][412]LogEngine: All Windows Closed
[2019.10.30-14.43.14:678][412]LogWindows: FPlatformMisc::RequestExit(0)
[2019.10.30-14.43.14:685][413]LogWorld: BeginTearingDown for /Game/StarterContent/Maps/Minimal_Default
[2019.10.30-14.43.14:685][413]LogWorld: UWorld::CleanupWorld for Minimal_Default, bSessionEnded=true, bCleanupResources=true
[2019.10.30-14.43.15:238][413]LogExit: Preparing to exit.
[2019.10.30-14.43.15:238][413]LogMoviePlayer: Shutting down movie player
[2019.10.30-14.43.15:762][413]LogSlate: Updating window title bar state: overlay mode, drag disabled, window buttons hidden, title bar hidden
[2019.10.30-14.43.15:766][413]LogDemo: Cleaned up 0 splitscreen connections with owner deletion
[2019.10.30-14.43.15:772][413]LogExit: Game engine shut down
[2019.10.30-14.43.15:837][413]LogExit: Object subsystem successfully closed.
[2019.10.30-14.43.15:850][413]LogShaderCompilers: Display: Shaders left to compile 0
[2019.10.30-14.43.15:859][413]LogModuleManager: Shutting down and abandoning module SequenceRecorderSections (408)
[2019.10.30-14.43.15:859][413]LogModuleManager: Shutting down and abandoning module SequenceRecorder (406)
[2019.10.30-14.43.15:859][413]LogModuleManager: Shutting down and abandoning module AutomationController (404)
[2019.10.30-14.43.15:859][413]LogModuleManager: Shutting down and abandoning module AutomationWorker (402)
[2019.10.30-14.43.15:859][413]LogModuleManager: Shutting down and abandoning module Voice (400)
[2019.10.30-14.43.15:859][413]LogModuleManager: Shutting down and abandoning module AIModule (398)
[2019.10.30-14.43.15:859][413]LogModuleManager: Shutting down and abandoning module GameplayDebugger (397)
[2019.10.30-14.43.15:859][413]LogModuleManager: Shutting down and abandoning module AITestSuite (395)
[2019.10.30-14.43.15:859][413]LogModuleManager: Shutting down and abandoning module NavigationSystem (393)
[2019.10.30-14.43.15:859][413]LogModuleManager: Shutting down and abandoning module OculusMR (390)
[2019.10.30-14.43.15:859][413]LogModuleManager: Shutting down and abandoning module WmfMediaFactory (388)
[2019.10.30-14.43.15:859][413]LogModuleManager: Shutting down and abandoning module WebMMediaFactory (386)
[2019.10.30-14.43.15:859][413]LogModuleManager: Shutting down and abandoning module WebMMedia (384)
[2019.10.30-14.43.15:859][413]LogModuleManager: Shutting down and abandoning module OpenExrWrapper (382)
[2019.10.30-14.43.15:859][413]LogModuleManager: Shutting down and abandoning module ImgMediaFactory (380)
[2019.10.30-14.43.15:859][413]LogModuleManager: Shutting down and abandoning module AvfMediaFactory (378)
[2019.10.30-14.43.15:859][413]LogModuleManager: Shutting down and abandoning module MagicLeapCameraPreviewFactory (376)
[2019.10.30-14.43.15:859][413]LogModuleManager: Shutting down and abandoning module MagicLeapMediaCodecFactory (374)
[2019.10.30-14.43.15:859][413]LogModuleManager: Shutting down and abandoning module MagicLeapMediaFactory (372)
[2019.10.30-14.43.15:859][413]LogModuleManager: Shutting down and abandoning module CharacterAI (370)
[2019.10.30-14.43.15:859][413]LogModuleManager: Shutting down and abandoning module SessionServices (368)
[2019.10.30-14.43.15:859][413]LogModuleManager: Shutting down and abandoning module MovieSceneCapture (366)
[2019.10.30-14.43.15:859][413]LogModuleManager: Shutting down and abandoning module LiveCoding (364)
[2019.10.30-14.43.15:859][413]LogModuleManager: Shutting down and abandoning module LevelSequence (362)
[2019.10.30-14.43.15:859][413]LogModuleManager: Shutting down and abandoning module MovieSceneTracks (360)
[2019.10.30-14.43.15:859][413]LogModuleManager: Shutting down and abandoning module MovieScene (358)
[2019.10.30-14.43.15:859][413]LogModuleManager: Shutting down and abandoning module StreamingPauseRendering (356)
[2019.10.30-14.43.15:859][413]LogModuleManager: Shutting down and abandoning module PortalServices (354)
[2019.10.30-14.43.15:859][413]LogModuleManager: Shutting down and abandoning module PortalRpc (352)
[2019.10.30-14.43.15:859][413]LogModuleManager: Shutting down and abandoning module MessagingRpc (350)
[2019.10.30-14.43.15:860][413]LogModuleManager: Shutting down and abandoning module ImageWriteQueue (348)
[2019.10.30-14.43.15:861][413]LogModuleManager: Shutting down and abandoning module ProfilerService (346)
[2019.10.30-14.43.15:996][413]LogModuleManager: Shutting down and abandoning module TaskGraph (344)
[2019.10.30-14.43.15:996][413]LogModuleManager: Shutting down and abandoning module SteamVRController (342)
[2019.10.30-14.43.15:996][413]LogModuleManager: Shutting down and abandoning module ProceduralMeshComponent (340)
[2019.10.30-14.43.15:996][413]LogModuleManager: Shutting down and abandoning module OculusInput (338)
[2019.10.30-14.43.15:996][413]LogModuleManager: Shutting down and abandoning module MobilePatchingUtils (336)
[2019.10.30-14.43.15:996][413]LogModuleManager: Shutting down and abandoning module EditableMesh (334)
[2019.10.30-14.43.15:996][413]LogModuleManager: Shutting down and abandoning module CustomMeshComponent (332)
[2019.10.30-14.43.15:996][413]LogModuleManager: Shutting down and abandoning module CableComponent (330)
[2019.10.30-14.43.15:996][413]LogModuleManager: Shutting down and abandoning module AudioCapture (328)
[2019.10.30-14.43.15:996][413]LogModuleManager: Shutting down and abandoning module ArchVisCharacter (326)
[2019.10.30-14.43.15:996][413]LogModuleManager: Shutting down and abandoning module AppleImageUtilsBlueprintSupport (324)
[2019.10.30-14.43.15:996][413]LogModuleManager: Shutting down and abandoning module AppleImageUtils (322)
[2019.10.30-14.43.15:996][413]LogModuleManager: Shutting down and abandoning module AndroidPermission (320)
[2019.10.30-14.43.15:996][413]LogModuleManager: Shutting down and abandoning module NUTUnrealEngine4 (318)
[2019.10.30-14.43.15:996][413]LogModuleManager: Shutting down and abandoning module NetcodeUnitTest (316)
[2019.10.30-14.43.15:996][413]LogModuleManager: Shutting down and abandoning module MediaCompositing (314)
[2019.10.30-14.43.15:996][413]LogModuleManager: Shutting down and abandoning module ImgMedia (312)
[2019.10.30-14.43.15:996][413]LogModuleManager: Shutting down and abandoning module MagicLeapHelperVulkan (310)
[2019.10.30-14.43.15:996][413]LogModuleManager: Shutting down and abandoning module MagicLeapHelperOpenGL (308)
[2019.10.30-14.43.15:996][413]LogModuleManager: Shutting down and abandoning module MagicLeapAudio (306)
[2019.10.30-14.43.15:996][413]LogModuleManager: Shutting down and abandoning module HTML5Networking (304)
[2019.10.30-14.43.15:996][413]LogModuleManager: Shutting down and abandoning module GeometryCacheTracks (302)
[2019.10.30-14.43.15:996][413]LogModuleManager: Shutting down and abandoning module GeometryCacheSequencer (301)
[2019.10.30-14.43.15:996][413]LogModuleManager: Shutting down and abandoning module GeometryCache (298)
[2019.10.30-14.43.15:996][413]LogModuleManager: Shutting down and abandoning module GeometryCacheEd (297)
[2019.10.30-14.43.15:996][413]LogModuleManager: Shutting down and abandoning module BackChannel (294)
[2019.10.30-14.43.15:996][413]LogModuleManager: Shutting down and abandoning module AutomationUtils (292)
[2019.10.30-14.43.15:996][413]LogModuleManager: Shutting down and abandoning module VariantManagerContent (290)
[2019.10.30-14.43.15:996][413]LogModuleManager: Shutting down and abandoning module CryptoKeysOpenSSL (288)
[2019.10.30-14.43.15:996][413]LogModuleManager: Shutting down and abandoning module CryptoKeys (286)
[2019.10.30-14.43.15:997][413]LogModuleManager: Shutting down and abandoning module VisualStudioSourceCodeAccess (284)
[2019.10.30-14.43.15:997][413]LogModuleManager: Shutting down and abandoning module HotReload (283)
[2019.10.30-14.43.15:997][413]LogModuleManager: Shutting down and abandoning module DirectoryWatcher (282)
[2019.10.30-14.43.15:997][413]LogModuleManager: Shutting down and abandoning module VisualStudioCodeSourceCodeAccess (278)
[2019.10.30-14.43.15:997][413]LogModuleManager: Shutting down and abandoning module UObjectPlugin (276)
[2019.10.30-14.43.15:997][413]LogModuleManager: Shutting down and abandoning module SubversionSourceControl (274)
[2019.10.30-14.43.15:997][413]LogModuleManager: Shutting down and abandoning module PerforceSourceControl (272)
[2019.10.30-14.43.15:997][413]LogModuleManager: Shutting down and abandoning module SourceControl (271)
[2019.10.30-14.43.15:997][413]LogModuleManager: Shutting down and abandoning module CLionSourceCodeAccess (268)
[2019.10.30-14.43.15:997][413]LogModuleManager: Shutting down and abandoning module ActorLayerUtilities (266)
[2019.10.30-14.43.15:997][413]LogModuleManager: Shutting down and abandoning module SignificanceManager (264)
[2019.10.30-14.43.15:997][413]LogModuleManager: Shutting down and abandoning module RuntimePhysXCooking (262)
[2019.10.30-14.43.15:997][413]LogModuleManager: Shutting down and abandoning module PhysXVehiclesEditor (260)
[2019.10.30-14.43.15:997][413]LogModuleManager: Shutting down and abandoning module LocationServicesBPLibrary (256)
[2019.10.30-14.43.15:997][413]LogModuleManager: Shutting down and abandoning module ActorSequence (254)
[2019.10.30-14.43.15:997][413]LogModuleManager: Shutting down and abandoning module UdpMessaging (252)
[2019.10.30-14.43.16:098][413]LogModuleManager: Shutting down and abandoning module TcpMessaging (250)
[2019.10.30-14.43.16:747][413]LogModuleManager: Shutting down and abandoning module MagicLeapIdentity (248)
[2019.10.30-14.43.16:747][413]LogModuleManager: Shutting down and abandoning module MagicLeapSecureStorage (246)
[2019.10.30-14.43.16:747][413]LogModuleManager: Shutting down and abandoning module MagicLeapHandTracking (244)
[2019.10.30-14.43.16:747][413]LogModuleManager: Shutting down and abandoning module MagicLeapEyeTracker (242)
[2019.10.30-14.43.16:747][413]LogModuleManager: Shutting down and abandoning module MagicLeapController (240)
[2019.10.30-14.43.16:747][413]LogSlate: Slate User Destroyed.  User Index 0, Is Virtual User: 0
[2019.10.30-14.43.16:747][413]LogModuleManager: Shutting down and abandoning module MagicLeapAR (238)
[2019.10.30-14.43.16:747][413]LogModuleManager: Shutting down and abandoning module AugmentedReality (237)
[2019.10.30-14.43.16:748][413]LogModuleManager: Shutting down and abandoning module GameplayTagsEditor (234)
[2019.10.30-14.43.16:748][413]LogModuleManager: Shutting down and abandoning module FacialAnimation (232)
[2019.10.30-14.43.16:748][413]LogModuleManager: Shutting down and abandoning module AssetManagerEditor (230)
[2019.10.30-14.43.16:748][413]LogModuleManager: Shutting down and abandoning module TreeMap (229)
[2019.10.30-14.43.16:748][413]LogModuleManager: Shutting down and abandoning module AnimationSharing (226)
[2019.10.30-14.43.16:748][413]LogModuleManager: Shutting down and abandoning module LightPropagationVolumeRuntime (224)
[2019.10.30-14.43.16:748][413]LogModuleManager: Shutting down and abandoning module Paper2D (222)
[2019.10.30-14.43.16:748][413]LogModuleManager: Shutting down and abandoning module WindowsMoviePlayer (220)
[2019.10.30-14.43.16:750][413]LogModuleManager: Shutting down and abandoning module WebMMoviePlayer (218)
[2019.10.30-14.43.16:750][413]LogModuleManager: Shutting down and abandoning module NetworkReplayStreaming (216)
[2019.10.30-14.43.16:750][413]LogModuleManager: Shutting down and abandoning module PacketHandler (214)
[2019.10.30-14.43.16:750][413]LogModuleManager: Shutting down and abandoning module ClothingSystemEditor (212)
[2019.10.30-14.43.16:750][413]LogModuleManager: Shutting down and abandoning module ClothingSystemRuntime (210)
[2019.10.30-14.43.16:750][413]LogModuleManager: Shutting down and abandoning module MediaAssets (208)
[2019.10.30-14.43.16:750][413]LogModuleManager: Shutting down and abandoning module Overlay (206)
[2019.10.30-14.43.16:750][413]LogModuleManager: Shutting down and abandoning module OverlayEditor (205)
[2019.10.30-14.43.16:750][413]LogModuleManager: Shutting down and abandoning module VREditor (202)
[2019.10.30-14.43.16:750][413]LogModuleManager: Shutting down and abandoning module StringTableEditor (200)
[2019.10.30-14.43.16:750][413]LogModuleManager: Shutting down and abandoning module GameplayTasksEditor (198)
[2019.10.30-14.43.16:750][413]LogModuleManager: Shutting down and abandoning module BehaviorTreeEditor (196)
[2019.10.30-14.43.16:750][413]LogModuleManager: Shutting down and abandoning module FunctionalTesting (194)
[2019.10.30-14.43.16:750][413]LogModuleManager: Shutting down and abandoning module CollisionAnalyzer (192)
[2019.10.30-14.43.16:750][413]LogModuleManager: Shutting down and abandoning module WorkspaceMenuStructure (191)
[2019.10.30-14.43.16:750][413]LogModuleManager: Shutting down and abandoning module UMG (188)
[2019.10.30-14.43.16:750][413]LogModuleManager: Shutting down and abandoning module UMGEditor (187)
[2019.10.30-14.43.16:750][413]LogModuleManager: Shutting down and abandoning module Sequencer (186)
[2019.10.30-14.43.16:750][413]LogModuleManager: Shutting down and abandoning module MessageLog (183)
[2019.10.30-14.43.16:751][413]LogModuleManager: Shutting down and abandoning module SlateReflector (178)
[2019.10.30-14.43.16:751][413]LogModuleManager: Shutting down and abandoning module Slate (176)
[2019.10.30-14.43.16:751][413]LogModuleManager: Shutting down and abandoning module LandscapeEditorUtilities (174)
[2019.10.30-14.43.16:751][413]LogModuleManager: Shutting down and abandoning module EditorStyle (172)
[2019.10.30-14.43.16:751][413]LogModuleManager: Shutting down and abandoning module UnrealEd (170)
[2019.10.30-14.43.16:751][413]LogModuleManager: Shutting down and abandoning module MRMesh (168)
[2019.10.30-14.43.16:751][413]LogModuleManager: Shutting down and abandoning module Messaging (166)
[2019.10.30-14.43.16:751][413]LogModuleManager: Shutting down and abandoning module SourceCodeAccess (164)
[2019.10.30-14.43.16:751][413]LogModuleManager: Shutting down and abandoning module HeadMountedDisplay (162)
[2019.10.30-14.43.16:751][413]LogModuleManager: Shutting down and abandoning module XAudio2 (160)
[2019.10.30-14.43.16:752][413]LogModuleManager: Shutting down and abandoning module Networking (158)
[2019.10.30-14.43.16:752][413]LogModuleManager: Shutting down and abandoning module Core (156)
[2019.10.30-14.43.16:752][413]LogModuleManager: Shutting down and abandoning module KismetCompiler (154)
[2019.10.30-14.43.16:752][413]LogModuleManager: Shutting down and abandoning module MeshUtilities (152)
[2019.10.30-14.43.16:752][413]LogModuleManager: Shutting down and abandoning module MeshMergeUtilities (151)
[2019.10.30-14.43.16:752][413]LogModuleManager: Shutting down and abandoning module MeshReductionInterface (150)
[2019.10.30-14.43.16:752][413]LogModuleManager: Shutting down and abandoning module SkeletalMeshReduction (149)
[2019.10.30-14.43.16:752][413]LogModuleManager: Shutting down and abandoning module ProxyLODMeshReduction (147)
[2019.10.30-14.43.16:752][413]LogModuleManager: Shutting down and abandoning module QuadricMeshReduction (145)
[2019.10.30-14.43.16:752][413]LogModuleManager: Shutting down and abandoning module MaterialBaking (141)
[2019.10.30-14.43.16:752][413]LogModuleManager: Shutting down and abandoning module NullInstallBundleManager (136)
[2019.10.30-14.43.16:752][413]LogModuleManager: Shutting down and abandoning module PIEPreviewDeviceProfileSelector (134)
[2019.10.30-14.43.16:752][413]LogModuleManager: Shutting down and abandoning module DerivedDataCache (132)
[2019.10.30-14.43.17:244][413]LogDerivedDataCache: Shutdown
[2019.10.30-14.43.17:244][413]LogModuleManager: Shutting down and abandoning module XGEController (130)
[2019.10.30-14.43.17:245][413]LogModuleManager: Shutting down and abandoning module TargetPlatform (128)
[2019.10.30-14.43.17:245][413]LogModuleManager: Shutting down and abandoning module VulkanShaderFormat (127)
[2019.10.30-14.43.17:245][413]LogModuleManager: Shutting down and abandoning module ShaderFormatVectorVM (125)
[2019.10.30-14.43.17:245][413]LogModuleManager: Shutting down and abandoning module ShaderFormatOpenGL (123)
[2019.10.30-14.43.17:245][413]LogModuleManager: Shutting down and abandoning module ShaderFormatD3D (121)
[2019.10.30-14.43.17:245][413]LogModuleManager: Shutting down and abandoning module MetalShaderFormat (119)
[2019.10.30-14.43.17:245][413]LogModuleManager: Shutting down and abandoning module TextureFormatUncompressed (117)
[2019.10.30-14.43.17:245][413]LogModuleManager: Shutting down and abandoning module TextureFormatPVR (115)
[2019.10.30-14.43.17:245][413]LogModuleManager: Shutting down and abandoning module TextureFormatDXT (113)
[2019.10.30-14.43.17:245][413]LogModuleManager: Shutting down and abandoning module TextureFormatIntelISPCTexComp (111)
[2019.10.30-14.43.17:245][413]LogModuleManager: Shutting down and abandoning module TextureFormatASTC (109)
[2019.10.30-14.43.17:245][413]LogModuleManager: Shutting down and abandoning module ImageWrapper (108)
[2019.10.30-14.43.17:245][413]LogModuleManager: Shutting down and abandoning module TextureFormatAndroid (105)
[2019.10.30-14.43.17:245][413]LogModuleManager: Shutting down and abandoning module AudioFormatOpus (103)
[2019.10.30-14.43.17:245][413]LogModuleManager: Shutting down and abandoning module AudioFormatOgg (101)
[2019.10.30-14.43.17:245][413]LogModuleManager: Shutting down and abandoning module AudioFormatADPCM (99)
[2019.10.30-14.43.17:245][413]LogModuleManager: Shutting down and abandoning module WindowsTargetPlatform (97)
[2019.10.30-14.43.17:245][413]LogModuleManager: Shutting down and abandoning module WindowsServerTargetPlatform (95)
[2019.10.30-14.43.17:245][413]LogModuleManager: Shutting down and abandoning module WindowsNoEditorTargetPlatform (93)
[2019.10.30-14.43.17:245][413]LogModuleManager: Shutting down and abandoning module WindowsClientTargetPlatform (91)
[2019.10.30-14.43.17:245][413]LogModuleManager: Shutting down and abandoning module InputCore (88)
[2019.10.30-14.43.17:245][413]LogModuleManager: Shutting down and abandoning module Settings (86)
[2019.10.30-14.43.17:245][413]LogModuleManager: Shutting down and abandoning module PhysXCooking (84)
[2019.10.30-14.43.17:245][413]LogModuleManager: Shutting down and abandoning module WindowsPlatformFeatures (82)
[2019.10.30-14.43.17:245][413]LogModuleManager: Shutting down and abandoning module GameplayMediaEncoder (81)
[2019.10.30-14.43.17:245][413]LogModuleManager: Shutting down and abandoning module SteamVR (78)
[2019.10.30-14.43.17:245][413]LogHMD: Freeing OpenVRDLLHandle.
[2019.10.30-14.43.17:245][413]LogModuleManager: Shutting down and abandoning module OculusHMD (76)
[2019.10.30-14.43.17:245][413]LogModuleManager: Shutting down and abandoning module ExampleDeviceProfileSelector (74)
[2019.10.30-14.43.17:245][413]LogModuleManager: Shutting down and abandoning module LauncherChunkInstaller (72)
[2019.10.30-14.43.17:245][413]LogModuleManager: Shutting down and abandoning module OnlineBlueprintSupport (70)
[2019.10.30-14.43.17:245][413]LogModuleManager: Shutting down and abandoning module OnlineSubsystem (66)
[2019.10.30-14.43.17:246][413]LogModuleManager: Shutting down and abandoning module XMPP (61)
[2019.10.30-14.43.17:246][413]LogModuleManager: Shutting down and abandoning module WebSockets (60)
[2019.10.30-14.43.17:274][413]LogModuleManager: Shutting down and abandoning module HTTP (57)
[2019.10.30-14.43.17:307][413]LogModuleManager: Shutting down and abandoning module SSL (56)
[2019.10.30-14.43.17:308][413]LogModuleManager: Shutting down and abandoning module WmfMedia (52)
[2019.10.30-14.43.17:309][413]LogModuleManager: Shutting down and abandoning module Media (51)
[2019.10.30-14.43.17:310][413]LogModuleManager: Shutting down and abandoning module MagicLeap (48)
[2019.10.30-14.43.17:310][413]LogModuleManager: Shutting down and abandoning module DatasmithContent (46)
[2019.10.30-14.43.17:311][413]LogModuleManager: Shutting down and abandoning module AISupportModule (44)
[2019.10.30-14.43.17:311][413]LogModuleManager: Shutting down and abandoning module PlatformCryptoOpenSSL (42)
[2019.10.30-14.43.17:311][413]LogModuleManager: Shutting down and abandoning module PlatformCrypto (40)
[2019.10.30-14.43.17:311][413]LogModuleManager: Shutting down and abandoning module AnimationModifiers (38)
[2019.10.30-14.43.17:311][413]LogModuleManager: Shutting down and abandoning module PropertyEditor (37)
[2019.10.30-14.43.17:311][413]LogModuleManager: Shutting down and abandoning module AudioEditor (34)
[2019.10.30-14.43.17:311][413]LogModuleManager: Shutting down and abandoning module TextureCompressor (32)
[2019.10.30-14.43.17:311][413]LogModuleManager: Shutting down and abandoning module RenderCore (30)
[2019.10.30-14.43.17:311][413]LogModuleManager: Shutting down and abandoning module Landscape (28)
[2019.10.30-14.43.17:311][413]LogModuleManager: Shutting down and abandoning module SlateRHIRenderer (26)
[2019.10.30-14.43.17:312][413]LogModuleManager: Shutting down and abandoning module OpenGLDrv (24)
[2019.10.30-14.43.17:312][413]LogModuleManager: Shutting down and abandoning module D3D11RHI (22)
[2019.10.30-14.43.17:312][413]LogModuleManager: Shutting down and abandoning module AnimGraphRuntime (20)
[2019.10.30-14.43.17:312][413]LogModuleManager: Shutting down and abandoning module Renderer (18)
[2019.10.30-14.43.17:312][413]LogModuleManager: Shutting down and abandoning module Engine (16)
[2019.10.30-14.43.17:312][413]LogModuleManager: Shutting down and abandoning module CoreUObject (14)
[2019.10.30-14.43.17:312][413]LogModuleManager: Shutting down and abandoning module NetworkFile (12)
[2019.10.30-14.43.17:312][413]LogModuleManager: Shutting down and abandoning module CookedIterativeFile (10)
[2019.10.30-14.43.17:312][413]LogModuleManager: Shutting down and abandoning module StreamingFile (8)
[2019.10.30-14.43.17:312][413]LogModuleManager: Shutting down and abandoning module SandboxFile (6)
[2019.10.30-14.43.17:312][413]LogModuleManager: Shutting down and abandoning module PakFile (4)
[2019.10.30-14.43.17:312][413]LogModuleManager: Shutting down and abandoning module RSA (3)
[2019.10.30-14.43.17:312][413]LogD3D11RHI: Shutdown
[2019.10.30-14.43.17:312][413]LogD3D11RHI: CleanupD3DDevice
[2019.10.30-14.43.17:312][413]LogRendererCore: FGlobalDynamicReadBuffer::Cleanup()
[2019.10.30-14.43.17:313][413]LogRendererCore: FGlobalDynamicReadBuffer::Cleanup()
[2019.10.30-14.43.17:313][413]LogRendererCore: FGlobalDynamicReadBuffer::Cleanup()
[2019.10.30-14.43.17:401][413]LogD3D11RHI: ~FD3D11DynamicRHI
[2019.10.30-14.43.17:406][413]LogExit: Exiting.
[2019.10.30-14.43.17:436][413]Log file closed, 10/30/19 15:43:17
